[INFO ] 28-04-2025 09:36:22 [main] Version - HHH000412: Hibernate ORM core version 5.6.15.Final
[WARN ] 28-04-2025 09:36:23 [main] deprecation - HHH90000012: Recognized obsolete hibernate namespace http://hibernate.sourceforge.net/hibernate-configuration. Use namespace http://www.hibernate.org/dtd/hibernate-configuration instead.  Support for obsolete DTD/XSD namespaces may be removed at any time.
[INFO ] 28-04-2025 09:36:23 [main] HibernateUtil - Hibernate Schema Mode: UPDATE
[INFO ] 28-04-2025 09:36:23 [main] Version - HCANN000001: Hibernate Commons Annotations {5.1.2.Final}
[WARN ] 28-04-2025 09:36:24 [main] deprecation - HHH90000012: Recognized obsolete hibernate namespace http://hibernate.sourceforge.net/hibernate-mapping. Use namespace http://www.hibernate.org/dtd/hibernate-mapping instead.  Support for obsolete DTD/XSD namespaces may be removed at any time.
[WARN ] 28-04-2025 09:36:24 [main] deprecation - HHH90000012: Recognized obsolete hibernate namespace http://hibernate.sourceforge.net/hibernate-mapping. Use namespace http://www.hibernate.org/dtd/hibernate-mapping instead.  Support for obsolete DTD/XSD namespaces may be removed at any time.
[WARN ] 28-04-2025 09:36:24 [main] deprecation - HHH90000012: Recognized obsolete hibernate namespace http://hibernate.sourceforge.net/hibernate-mapping. Use namespace http://www.hibernate.org/dtd/hibernate-mapping instead.  Support for obsolete DTD/XSD namespaces may be removed at any time.
[WARN ] 28-04-2025 09:36:24 [main] deprecation - HHH90000012: Recognized obsolete hibernate namespace http://hibernate.sourceforge.net/hibernate-mapping. Use namespace http://www.hibernate.org/dtd/hibernate-mapping instead.  Support for obsolete DTD/XSD namespaces may be removed at any time.
[INFO ] 28-04-2025 09:36:24 [main] C3P0ConnectionProvider - HHH010002: C3P0 using driver: oracle.jdbc.OracleDriver at URL: jdbc:oracle:thin:@localhost:1521/orcl
[INFO ] 28-04-2025 09:36:24 [main] C3P0ConnectionProvider - HHH10001001: Connection properties: {password=****, user=Khanh}
[INFO ] 28-04-2025 09:36:24 [main] C3P0ConnectionProvider - HHH10001003: Autocommit mode: false
[INFO ] 28-04-2025 09:36:24 [main] C3P0ConnectionProvider - HHH10001007: JDBC isolation level: <unknown>
[INFO ] 28-04-2025 09:36:25 [main] Dialect - HHH000400: Using dialect: org.hibernate.dialect.Oracle12cDialect
[INFO ] 28-04-2025 09:36:27 [main] access - HHH10001501: Connection obtained from JdbcConnectionAccess [org.hibernate.engine.jdbc.env.internal.JdbcEnvironmentInitiator$ConnectionProviderJdbcConnectionAccess@149b53fa] for (non-JTA) DDL execution was not in auto-commit mode; the Connection 'local transaction' will be committed and the Connection will be set into auto-commit mode.
[INFO ] 28-04-2025 09:36:27 [main] access - HHH10001501: Connection obtained from JdbcConnectionAccess [org.hibernate.engine.jdbc.env.internal.JdbcEnvironmentInitiator$ConnectionProviderJdbcConnectionAccess@4377ed24] for (non-JTA) DDL execution was not in auto-commit mode; the Connection 'local transaction' will be committed and the Connection will be set into auto-commit mode.
[INFO ] 28-04-2025 09:36:36 [main] JtaPlatformInitiator - HHH000490: Using JtaPlatform implementation: [org.hibernate.engine.transaction.jta.platform.internal.NoJtaPlatform]
[INFO ] 28-04-2025 09:36:37 [AWT-EventQueue-0] SupplierDao - All suppliers retrieved successfully. Total count: 1
[INFO ] 28-04-2025 09:40:48 [main] Version - HHH000412: Hibernate ORM core version 5.6.15.Final
[WARN ] 28-04-2025 09:40:49 [main] deprecation - HHH90000012: Recognized obsolete hibernate namespace http://hibernate.sourceforge.net/hibernate-configuration. Use namespace http://www.hibernate.org/dtd/hibernate-configuration instead.  Support for obsolete DTD/XSD namespaces may be removed at any time.
[INFO ] 28-04-2025 09:40:49 [main] HibernateUtil - Hibernate Schema Mode: UPDATE
[INFO ] 28-04-2025 09:40:49 [main] Version - HCANN000001: Hibernate Commons Annotations {5.1.2.Final}
[WARN ] 28-04-2025 09:40:50 [main] deprecation - HHH90000012: Recognized obsolete hibernate namespace http://hibernate.sourceforge.net/hibernate-mapping. Use namespace http://www.hibernate.org/dtd/hibernate-mapping instead.  Support for obsolete DTD/XSD namespaces may be removed at any time.
[WARN ] 28-04-2025 09:40:50 [main] deprecation - HHH90000012: Recognized obsolete hibernate namespace http://hibernate.sourceforge.net/hibernate-mapping. Use namespace http://www.hibernate.org/dtd/hibernate-mapping instead.  Support for obsolete DTD/XSD namespaces may be removed at any time.
[WARN ] 28-04-2025 09:40:50 [main] deprecation - HHH90000012: Recognized obsolete hibernate namespace http://hibernate.sourceforge.net/hibernate-mapping. Use namespace http://www.hibernate.org/dtd/hibernate-mapping instead.  Support for obsolete DTD/XSD namespaces may be removed at any time.
[WARN ] 28-04-2025 09:40:50 [main] deprecation - HHH90000012: Recognized obsolete hibernate namespace http://hibernate.sourceforge.net/hibernate-mapping. Use namespace http://www.hibernate.org/dtd/hibernate-mapping instead.  Support for obsolete DTD/XSD namespaces may be removed at any time.
[INFO ] 28-04-2025 09:40:50 [main] C3P0ConnectionProvider - HHH010002: C3P0 using driver: oracle.jdbc.OracleDriver at URL: jdbc:oracle:thin:@localhost:1521/orcl
[INFO ] 28-04-2025 09:40:50 [main] C3P0ConnectionProvider - HHH10001001: Connection properties: {password=****, user=Khanh}
[INFO ] 28-04-2025 09:40:50 [main] C3P0ConnectionProvider - HHH10001003: Autocommit mode: false
[INFO ] 28-04-2025 09:40:50 [main] C3P0ConnectionProvider - HHH10001007: JDBC isolation level: <unknown>
[INFO ] 28-04-2025 09:40:51 [main] Dialect - HHH000400: Using dialect: org.hibernate.dialect.Oracle12cDialect
[INFO ] 28-04-2025 09:40:52 [main] access - HHH10001501: Connection obtained from JdbcConnectionAccess [org.hibernate.engine.jdbc.env.internal.JdbcEnvironmentInitiator$ConnectionProviderJdbcConnectionAccess@261a66b8] for (non-JTA) DDL execution was not in auto-commit mode; the Connection 'local transaction' will be committed and the Connection will be set into auto-commit mode.
[INFO ] 28-04-2025 09:40:52 [main] access - HHH10001501: Connection obtained from JdbcConnectionAccess [org.hibernate.engine.jdbc.env.internal.JdbcEnvironmentInitiator$ConnectionProviderJdbcConnectionAccess@775c4054] for (non-JTA) DDL execution was not in auto-commit mode; the Connection 'local transaction' will be committed and the Connection will be set into auto-commit mode.
[INFO ] 28-04-2025 09:40:53 [main] JtaPlatformInitiator - HHH000490: Using JtaPlatform implementation: [org.hibernate.engine.transaction.jta.platform.internal.NoJtaPlatform]
[INFO ] 28-04-2025 09:40:54 [AWT-EventQueue-0] SupplierDao - All suppliers retrieved successfully. Total count: 1
[INFO ] 28-04-2025 09:42:14 [AWT-EventQueue-0] ItemDao - Item persisted successfully
[INFO ] 28-04-2025 09:42:14 [AWT-EventQueue-0] ItemServiceImpl - Item created successfully
[INFO ] 28-04-2025 09:42:32 [AWT-EventQueue-0] SupplierDao - Supplier updated successfully: Phan cung vn
[INFO ] 28-04-2025 09:42:34 [AWT-EventQueue-0] SupplierDao - All suppliers retrieved successfully. Total count: 1
[INFO ] 28-04-2025 09:42:40 [AWT-EventQueue-0] SupplierDao - Supplier updated successfully: Phan cung vn
[INFO ] 28-04-2025 09:42:42 [AWT-EventQueue-0] SupplierDao - All suppliers retrieved successfully. Total count: 1
[INFO ] 28-04-2025 09:43:14 [AWT-EventQueue-0] SupplierDao - Supplier persisted successfully: test
[INFO ] 28-04-2025 09:43:15 [AWT-EventQueue-0] SupplierDao - All suppliers retrieved successfully. Total count: 2
[INFO ] 28-04-2025 09:43:36 [AWT-EventQueue-0] SupplierDao - Suppliers retrieved with name like: test
[INFO ] 28-04-2025 09:44:05 [AWT-EventQueue-0] ItemDao - Item persisted successfully
[INFO ] 28-04-2025 09:44:05 [AWT-EventQueue-0] ItemServiceImpl - Item created successfully
[INFO ] 28-04-2025 09:44:12 [AWT-EventQueue-0] SupplierDao - Suppliers retrieved with name like: 
[INFO ] 28-04-2025 09:44:48 [AWT-EventQueue-0] ItemDao - Item with id: 23 retrieved successfully
[INFO ] 28-04-2025 09:44:48 [AWT-EventQueue-0] ItemDao - Item deleted successfully
[INFO ] 28-04-2025 09:44:48 [AWT-EventQueue-0] ItemServiceImpl - Item with id: 23 deleted successfully
[INFO ] 28-04-2025 09:44:48 [AWT-EventQueue-0] SupplierDao - Supplier updated successfully: test
[INFO ] 28-04-2025 09:45:13 [AWT-EventQueue-0] StoreDao - All Stores retrieved successfully from database
[INFO ] 28-04-2025 09:45:16 [AWT-EventQueue-0] SupplierDao - All suppliers retrieved successfully. Total count: 2
[INFO ] 28-04-2025 09:45:19 [AWT-EventQueue-0] StoreDao - All Stores retrieved successfully from database
[INFO ] 28-04-2025 09:45:22 [AWT-EventQueue-0] StoreDao - All Stores retrieved successfully from database
[INFO ] 28-04-2025 09:45:23 [AWT-EventQueue-0] SupplierDao - All suppliers retrieved successfully. Total count: 2
[INFO ] 28-04-2025 09:52:02 [AWT-EventQueue-0] ItemDao - Item persisted successfully
[INFO ] 28-04-2025 09:52:02 [AWT-EventQueue-0] ItemServiceImpl - Item created successfully
[INFO ] 28-04-2025 10:13:06 [main] Version - HHH000412: Hibernate ORM core version 5.6.15.Final
[WARN ] 28-04-2025 10:13:06 [main] deprecation - HHH90000012: Recognized obsolete hibernate namespace http://hibernate.sourceforge.net/hibernate-configuration. Use namespace http://www.hibernate.org/dtd/hibernate-configuration instead.  Support for obsolete DTD/XSD namespaces may be removed at any time.
[INFO ] 28-04-2025 10:13:06 [main] HibernateUtil - Hibernate Schema Mode: UPDATE
[INFO ] 28-04-2025 10:13:07 [main] Version - HCANN000001: Hibernate Commons Annotations {5.1.2.Final}
[WARN ] 28-04-2025 10:13:07 [main] deprecation - HHH90000012: Recognized obsolete hibernate namespace http://hibernate.sourceforge.net/hibernate-mapping. Use namespace http://www.hibernate.org/dtd/hibernate-mapping instead.  Support for obsolete DTD/XSD namespaces may be removed at any time.
[WARN ] 28-04-2025 10:13:07 [main] deprecation - HHH90000012: Recognized obsolete hibernate namespace http://hibernate.sourceforge.net/hibernate-mapping. Use namespace http://www.hibernate.org/dtd/hibernate-mapping instead.  Support for obsolete DTD/XSD namespaces may be removed at any time.
[WARN ] 28-04-2025 10:13:07 [main] deprecation - HHH90000012: Recognized obsolete hibernate namespace http://hibernate.sourceforge.net/hibernate-mapping. Use namespace http://www.hibernate.org/dtd/hibernate-mapping instead.  Support for obsolete DTD/XSD namespaces may be removed at any time.
[WARN ] 28-04-2025 10:13:07 [main] deprecation - HHH90000012: Recognized obsolete hibernate namespace http://hibernate.sourceforge.net/hibernate-mapping. Use namespace http://www.hibernate.org/dtd/hibernate-mapping instead.  Support for obsolete DTD/XSD namespaces may be removed at any time.
[INFO ] 28-04-2025 10:13:07 [main] C3P0ConnectionProvider - HHH010002: C3P0 using driver: oracle.jdbc.OracleDriver at URL: jdbc:oracle:thin:@localhost:1521/orcl
[INFO ] 28-04-2025 10:13:07 [main] C3P0ConnectionProvider - HHH10001001: Connection properties: {password=****, user=Khanh}
[INFO ] 28-04-2025 10:13:07 [main] C3P0ConnectionProvider - HHH10001003: Autocommit mode: false
[INFO ] 28-04-2025 10:13:08 [main] C3P0ConnectionProvider - HHH10001007: JDBC isolation level: <unknown>
[INFO ] 28-04-2025 10:13:09 [main] Dialect - HHH000400: Using dialect: org.hibernate.dialect.Oracle12cDialect
[INFO ] 28-04-2025 10:13:10 [main] access - HHH10001501: Connection obtained from JdbcConnectionAccess [org.hibernate.engine.jdbc.env.internal.JdbcEnvironmentInitiator$ConnectionProviderJdbcConnectionAccess@261a66b8] for (non-JTA) DDL execution was not in auto-commit mode; the Connection 'local transaction' will be committed and the Connection will be set into auto-commit mode.
[INFO ] 28-04-2025 10:13:10 [main] access - HHH10001501: Connection obtained from JdbcConnectionAccess [org.hibernate.engine.jdbc.env.internal.JdbcEnvironmentInitiator$ConnectionProviderJdbcConnectionAccess@775c4054] for (non-JTA) DDL execution was not in auto-commit mode; the Connection 'local transaction' will be committed and the Connection will be set into auto-commit mode.
[INFO ] 28-04-2025 10:13:11 [main] JtaPlatformInitiator - HHH000490: Using JtaPlatform implementation: [org.hibernate.engine.transaction.jta.platform.internal.NoJtaPlatform]
[INFO ] 28-04-2025 10:13:11 [AWT-EventQueue-0] SupplierDao - All suppliers retrieved successfully. Total count: 2
[INFO ] 28-04-2025 10:14:12 [AWT-EventQueue-0] ItemDao - Item with id: 4 retrieved successfully
[INFO ] 28-04-2025 10:14:12 [AWT-EventQueue-0] ItemServiceImpl - Item with id: 4 retrieved successfully
[INFO ] 28-04-2025 10:14:12 [AWT-EventQueue-0] ItemDao - Item persisted successfully
[INFO ] 28-04-2025 10:14:12 [AWT-EventQueue-0] ItemServiceImpl - Item created successfully
[INFO ] 28-04-2025 10:14:13 [AWT-EventQueue-0] SupplierDao - Supplier with id: 22 retrieved successfully
[INFO ] 28-04-2025 15:24:12 [AWT-EventQueue-0] Version - HHH000412: Hibernate ORM core version 5.6.15.Final
[WARN ] 28-04-2025 15:24:13 [AWT-EventQueue-0] deprecation - HHH90000012: Recognized obsolete hibernate namespace http://hibernate.sourceforge.net/hibernate-configuration. Use namespace http://www.hibernate.org/dtd/hibernate-configuration instead.  Support for obsolete DTD/XSD namespaces may be removed at any time.
[INFO ] 28-04-2025 15:24:13 [AWT-EventQueue-0] HibernateUtil - Hibernate Schema Mode: UPDATE
[INFO ] 28-04-2025 15:24:13 [AWT-EventQueue-0] Version - HCANN000001: Hibernate Commons Annotations {5.1.2.Final}
[WARN ] 28-04-2025 15:24:14 [AWT-EventQueue-0] deprecation - HHH90000012: Recognized obsolete hibernate namespace http://hibernate.sourceforge.net/hibernate-mapping. Use namespace http://www.hibernate.org/dtd/hibernate-mapping instead.  Support for obsolete DTD/XSD namespaces may be removed at any time.
[WARN ] 28-04-2025 15:24:14 [AWT-EventQueue-0] deprecation - HHH90000012: Recognized obsolete hibernate namespace http://hibernate.sourceforge.net/hibernate-mapping. Use namespace http://www.hibernate.org/dtd/hibernate-mapping instead.  Support for obsolete DTD/XSD namespaces may be removed at any time.
[WARN ] 28-04-2025 15:24:14 [AWT-EventQueue-0] deprecation - HHH90000012: Recognized obsolete hibernate namespace http://hibernate.sourceforge.net/hibernate-mapping. Use namespace http://www.hibernate.org/dtd/hibernate-mapping instead.  Support for obsolete DTD/XSD namespaces may be removed at any time.
[WARN ] 28-04-2025 15:24:14 [AWT-EventQueue-0] deprecation - HHH90000012: Recognized obsolete hibernate namespace http://hibernate.sourceforge.net/hibernate-mapping. Use namespace http://www.hibernate.org/dtd/hibernate-mapping instead.  Support for obsolete DTD/XSD namespaces may be removed at any time.
[INFO ] 28-04-2025 15:24:14 [AWT-EventQueue-0] C3P0ConnectionProvider - HHH010002: C3P0 using driver: oracle.jdbc.OracleDriver at URL: jdbc:oracle:thin:@localhost:1521/orcl
[INFO ] 28-04-2025 15:24:14 [AWT-EventQueue-0] C3P0ConnectionProvider - HHH10001001: Connection properties: {password=****, user=Khanh}
[INFO ] 28-04-2025 15:24:14 [AWT-EventQueue-0] C3P0ConnectionProvider - HHH10001003: Autocommit mode: false
[INFO ] 28-04-2025 15:24:15 [AWT-EventQueue-0] C3P0ConnectionProvider - HHH10001007: JDBC isolation level: <unknown>
[INFO ] 28-04-2025 15:24:16 [AWT-EventQueue-0] Dialect - HHH000400: Using dialect: org.hibernate.dialect.Oracle12cDialect
[INFO ] 28-04-2025 15:24:18 [AWT-EventQueue-0] access - HHH10001501: Connection obtained from JdbcConnectionAccess [org.hibernate.engine.jdbc.env.internal.JdbcEnvironmentInitiator$ConnectionProviderJdbcConnectionAccess@7ff8fdb4] for (non-JTA) DDL execution was not in auto-commit mode; the Connection 'local transaction' will be committed and the Connection will be set into auto-commit mode.
[INFO ] 28-04-2025 15:24:18 [AWT-EventQueue-0] access - HHH10001501: Connection obtained from JdbcConnectionAccess [org.hibernate.engine.jdbc.env.internal.JdbcEnvironmentInitiator$ConnectionProviderJdbcConnectionAccess@12b29bc9] for (non-JTA) DDL execution was not in auto-commit mode; the Connection 'local transaction' will be committed and the Connection will be set into auto-commit mode.
[INFO ] 28-04-2025 15:24:27 [AWT-EventQueue-0] JtaPlatformInitiator - HHH000490: Using JtaPlatform implementation: [org.hibernate.engine.transaction.jta.platform.internal.NoJtaPlatform]
[INFO ] 28-04-2025 15:24:28 [AWT-EventQueue-0] StoreDao - All Stores retrieved successfully with pagination
[INFO ] 28-04-2025 15:25:23 [AWT-EventQueue-0] StoreDao - All Stores retrieved successfully with pagination
[INFO ] 28-04-2025 15:33:08 [AWT-EventQueue-0] Version - HHH000412: Hibernate ORM core version 5.6.15.Final
[WARN ] 28-04-2025 15:33:08 [AWT-EventQueue-0] deprecation - HHH90000012: Recognized obsolete hibernate namespace http://hibernate.sourceforge.net/hibernate-configuration. Use namespace http://www.hibernate.org/dtd/hibernate-configuration instead.  Support for obsolete DTD/XSD namespaces may be removed at any time.
[INFO ] 28-04-2025 15:33:08 [AWT-EventQueue-0] HibernateUtil - Hibernate Schema Mode: UPDATE
[INFO ] 28-04-2025 15:33:08 [AWT-EventQueue-0] Version - HCANN000001: Hibernate Commons Annotations {5.1.2.Final}
[WARN ] 28-04-2025 15:33:09 [AWT-EventQueue-0] deprecation - HHH90000012: Recognized obsolete hibernate namespace http://hibernate.sourceforge.net/hibernate-mapping. Use namespace http://www.hibernate.org/dtd/hibernate-mapping instead.  Support for obsolete DTD/XSD namespaces may be removed at any time.
[WARN ] 28-04-2025 15:33:09 [AWT-EventQueue-0] deprecation - HHH90000012: Recognized obsolete hibernate namespace http://hibernate.sourceforge.net/hibernate-mapping. Use namespace http://www.hibernate.org/dtd/hibernate-mapping instead.  Support for obsolete DTD/XSD namespaces may be removed at any time.
[WARN ] 28-04-2025 15:33:09 [AWT-EventQueue-0] deprecation - HHH90000012: Recognized obsolete hibernate namespace http://hibernate.sourceforge.net/hibernate-mapping. Use namespace http://www.hibernate.org/dtd/hibernate-mapping instead.  Support for obsolete DTD/XSD namespaces may be removed at any time.
[WARN ] 28-04-2025 15:33:09 [AWT-EventQueue-0] deprecation - HHH90000012: Recognized obsolete hibernate namespace http://hibernate.sourceforge.net/hibernate-mapping. Use namespace http://www.hibernate.org/dtd/hibernate-mapping instead.  Support for obsolete DTD/XSD namespaces may be removed at any time.
[INFO ] 28-04-2025 15:33:09 [AWT-EventQueue-0] C3P0ConnectionProvider - HHH010002: C3P0 using driver: oracle.jdbc.OracleDriver at URL: jdbc:oracle:thin:@localhost:1521/orcl
[INFO ] 28-04-2025 15:33:09 [AWT-EventQueue-0] C3P0ConnectionProvider - HHH10001001: Connection properties: {password=****, user=Khanh}
[INFO ] 28-04-2025 15:33:09 [AWT-EventQueue-0] C3P0ConnectionProvider - HHH10001003: Autocommit mode: false
[INFO ] 28-04-2025 15:33:09 [AWT-EventQueue-0] C3P0ConnectionProvider - HHH10001007: JDBC isolation level: <unknown>
[INFO ] 28-04-2025 15:33:10 [AWT-EventQueue-0] Dialect - HHH000400: Using dialect: org.hibernate.dialect.Oracle12cDialect
[INFO ] 28-04-2025 15:33:11 [AWT-EventQueue-0] access - HHH10001501: Connection obtained from JdbcConnectionAccess [org.hibernate.engine.jdbc.env.internal.JdbcEnvironmentInitiator$ConnectionProviderJdbcConnectionAccess@72bfe42a] for (non-JTA) DDL execution was not in auto-commit mode; the Connection 'local transaction' will be committed and the Connection will be set into auto-commit mode.
[INFO ] 28-04-2025 15:33:12 [AWT-EventQueue-0] access - HHH10001501: Connection obtained from JdbcConnectionAccess [org.hibernate.engine.jdbc.env.internal.JdbcEnvironmentInitiator$ConnectionProviderJdbcConnectionAccess@38f63768] for (non-JTA) DDL execution was not in auto-commit mode; the Connection 'local transaction' will be committed and the Connection will be set into auto-commit mode.
[INFO ] 28-04-2025 15:33:13 [AWT-EventQueue-0] JtaPlatformInitiator - HHH000490: Using JtaPlatform implementation: [org.hibernate.engine.transaction.jta.platform.internal.NoJtaPlatform]
[INFO ] 28-04-2025 15:33:13 [AWT-EventQueue-0] StoreDao - All Stores retrieved successfully with pagination
[INFO ] 28-04-2025 15:34:35 [AWT-EventQueue-0] Version - HHH000412: Hibernate ORM core version 5.6.15.Final
[WARN ] 28-04-2025 15:34:36 [AWT-EventQueue-0] deprecation - HHH90000012: Recognized obsolete hibernate namespace http://hibernate.sourceforge.net/hibernate-configuration. Use namespace http://www.hibernate.org/dtd/hibernate-configuration instead.  Support for obsolete DTD/XSD namespaces may be removed at any time.
[INFO ] 28-04-2025 15:34:36 [AWT-EventQueue-0] HibernateUtil - Hibernate Schema Mode: UPDATE
[INFO ] 28-04-2025 15:34:36 [AWT-EventQueue-0] Version - HCANN000001: Hibernate Commons Annotations {5.1.2.Final}
[WARN ] 28-04-2025 15:34:36 [AWT-EventQueue-0] deprecation - HHH90000012: Recognized obsolete hibernate namespace http://hibernate.sourceforge.net/hibernate-mapping. Use namespace http://www.hibernate.org/dtd/hibernate-mapping instead.  Support for obsolete DTD/XSD namespaces may be removed at any time.
[WARN ] 28-04-2025 15:34:36 [AWT-EventQueue-0] deprecation - HHH90000012: Recognized obsolete hibernate namespace http://hibernate.sourceforge.net/hibernate-mapping. Use namespace http://www.hibernate.org/dtd/hibernate-mapping instead.  Support for obsolete DTD/XSD namespaces may be removed at any time.
[WARN ] 28-04-2025 15:34:36 [AWT-EventQueue-0] deprecation - HHH90000012: Recognized obsolete hibernate namespace http://hibernate.sourceforge.net/hibernate-mapping. Use namespace http://www.hibernate.org/dtd/hibernate-mapping instead.  Support for obsolete DTD/XSD namespaces may be removed at any time.
[WARN ] 28-04-2025 15:34:36 [AWT-EventQueue-0] deprecation - HHH90000012: Recognized obsolete hibernate namespace http://hibernate.sourceforge.net/hibernate-mapping. Use namespace http://www.hibernate.org/dtd/hibernate-mapping instead.  Support for obsolete DTD/XSD namespaces may be removed at any time.
[INFO ] 28-04-2025 15:34:37 [AWT-EventQueue-0] C3P0ConnectionProvider - HHH010002: C3P0 using driver: oracle.jdbc.OracleDriver at URL: jdbc:oracle:thin:@localhost:1521/orcl
[INFO ] 28-04-2025 15:34:37 [AWT-EventQueue-0] C3P0ConnectionProvider - HHH10001001: Connection properties: {password=****, user=Khanh}
[INFO ] 28-04-2025 15:34:37 [AWT-EventQueue-0] C3P0ConnectionProvider - HHH10001003: Autocommit mode: false
[INFO ] 28-04-2025 15:34:37 [AWT-EventQueue-0] C3P0ConnectionProvider - HHH10001007: JDBC isolation level: <unknown>
[INFO ] 28-04-2025 15:34:38 [AWT-EventQueue-0] Dialect - HHH000400: Using dialect: org.hibernate.dialect.Oracle12cDialect
[INFO ] 28-04-2025 15:34:39 [AWT-EventQueue-0] access - HHH10001501: Connection obtained from JdbcConnectionAccess [org.hibernate.engine.jdbc.env.internal.JdbcEnvironmentInitiator$ConnectionProviderJdbcConnectionAccess@16b7317e] for (non-JTA) DDL execution was not in auto-commit mode; the Connection 'local transaction' will be committed and the Connection will be set into auto-commit mode.
[INFO ] 28-04-2025 15:34:39 [AWT-EventQueue-0] access - HHH10001501: Connection obtained from JdbcConnectionAccess [org.hibernate.engine.jdbc.env.internal.JdbcEnvironmentInitiator$ConnectionProviderJdbcConnectionAccess@50c915ea] for (non-JTA) DDL execution was not in auto-commit mode; the Connection 'local transaction' will be committed and the Connection will be set into auto-commit mode.
[INFO ] 28-04-2025 15:34:39 [AWT-EventQueue-0] JtaPlatformInitiator - HHH000490: Using JtaPlatform implementation: [org.hibernate.engine.transaction.jta.platform.internal.NoJtaPlatform]
[INFO ] 28-04-2025 15:34:40 [AWT-EventQueue-0] StoreDao - All Stores retrieved successfully with pagination
[INFO ] 28-04-2025 15:36:14 [AWT-EventQueue-0] StoreDao - Store persisted in database successfully
[INFO ] 28-04-2025 15:36:16 [AWT-EventQueue-0] StoreDao - All Stores retrieved successfully with pagination
[INFO ] 28-04-2025 15:36:52 [AWT-EventQueue-0] StoreDao - Store updated in database successfully
[INFO ] 28-04-2025 15:36:54 [AWT-EventQueue-0] StoreDao - All Stores retrieved successfully with pagination
[INFO ] 28-04-2025 15:38:40 [AWT-EventQueue-0] StoreDao - All Stores retrieved successfully with pagination
[INFO ] 28-04-2025 15:54:37 [AWT-EventQueue-0] Version - HHH000412: Hibernate ORM core version 5.6.15.Final
[WARN ] 28-04-2025 15:54:37 [AWT-EventQueue-0] deprecation - HHH90000012: Recognized obsolete hibernate namespace http://hibernate.sourceforge.net/hibernate-configuration. Use namespace http://www.hibernate.org/dtd/hibernate-configuration instead.  Support for obsolete DTD/XSD namespaces may be removed at any time.
[INFO ] 28-04-2025 15:54:38 [AWT-EventQueue-0] HibernateUtil - Hibernate Schema Mode: UPDATE
[INFO ] 28-04-2025 15:54:38 [AWT-EventQueue-0] Version - HCANN000001: Hibernate Commons Annotations {5.1.2.Final}
[WARN ] 28-04-2025 15:54:38 [AWT-EventQueue-0] deprecation - HHH90000012: Recognized obsolete hibernate namespace http://hibernate.sourceforge.net/hibernate-mapping. Use namespace http://www.hibernate.org/dtd/hibernate-mapping instead.  Support for obsolete DTD/XSD namespaces may be removed at any time.
[WARN ] 28-04-2025 15:54:38 [AWT-EventQueue-0] deprecation - HHH90000012: Recognized obsolete hibernate namespace http://hibernate.sourceforge.net/hibernate-mapping. Use namespace http://www.hibernate.org/dtd/hibernate-mapping instead.  Support for obsolete DTD/XSD namespaces may be removed at any time.
[WARN ] 28-04-2025 15:54:38 [AWT-EventQueue-0] deprecation - HHH90000012: Recognized obsolete hibernate namespace http://hibernate.sourceforge.net/hibernate-mapping. Use namespace http://www.hibernate.org/dtd/hibernate-mapping instead.  Support for obsolete DTD/XSD namespaces may be removed at any time.
[WARN ] 28-04-2025 15:54:38 [AWT-EventQueue-0] deprecation - HHH90000012: Recognized obsolete hibernate namespace http://hibernate.sourceforge.net/hibernate-mapping. Use namespace http://www.hibernate.org/dtd/hibernate-mapping instead.  Support for obsolete DTD/XSD namespaces may be removed at any time.
[INFO ] 28-04-2025 15:54:38 [AWT-EventQueue-0] C3P0ConnectionProvider - HHH010002: C3P0 using driver: oracle.jdbc.OracleDriver at URL: jdbc:oracle:thin:@localhost:1521/orcl
[INFO ] 28-04-2025 15:54:38 [AWT-EventQueue-0] C3P0ConnectionProvider - HHH10001001: Connection properties: {password=****, user=Khanh}
[INFO ] 28-04-2025 15:54:38 [AWT-EventQueue-0] C3P0ConnectionProvider - HHH10001003: Autocommit mode: false
[INFO ] 28-04-2025 15:54:39 [AWT-EventQueue-0] C3P0ConnectionProvider - HHH10001007: JDBC isolation level: <unknown>
[INFO ] 28-04-2025 15:54:40 [AWT-EventQueue-0] Dialect - HHH000400: Using dialect: org.hibernate.dialect.Oracle12cDialect
[INFO ] 28-04-2025 15:54:41 [AWT-EventQueue-0] access - HHH10001501: Connection obtained from JdbcConnectionAccess [org.hibernate.engine.jdbc.env.internal.JdbcEnvironmentInitiator$ConnectionProviderJdbcConnectionAccess@4d9040b0] for (non-JTA) DDL execution was not in auto-commit mode; the Connection 'local transaction' will be committed and the Connection will be set into auto-commit mode.
[INFO ] 28-04-2025 15:54:41 [AWT-EventQueue-0] access - HHH10001501: Connection obtained from JdbcConnectionAccess [org.hibernate.engine.jdbc.env.internal.JdbcEnvironmentInitiator$ConnectionProviderJdbcConnectionAccess@21f2f728] for (non-JTA) DDL execution was not in auto-commit mode; the Connection 'local transaction' will be committed and the Connection will be set into auto-commit mode.
[INFO ] 28-04-2025 15:54:42 [AWT-EventQueue-0] JtaPlatformInitiator - HHH000490: Using JtaPlatform implementation: [org.hibernate.engine.transaction.jta.platform.internal.NoJtaPlatform]
[INFO ] 28-04-2025 15:54:43 [AWT-EventQueue-0] StoreDao - All Stores retrieved successfully with pagination
[INFO ] 28-04-2025 16:28:53 [AWT-EventQueue-0] Version - HHH000412: Hibernate ORM core version 5.6.15.Final
[WARN ] 28-04-2025 16:28:53 [AWT-EventQueue-0] deprecation - HHH90000012: Recognized obsolete hibernate namespace http://hibernate.sourceforge.net/hibernate-configuration. Use namespace http://www.hibernate.org/dtd/hibernate-configuration instead.  Support for obsolete DTD/XSD namespaces may be removed at any time.
[INFO ] 28-04-2025 16:28:54 [AWT-EventQueue-0] HibernateUtil - Hibernate Schema Mode: UPDATE
[INFO ] 28-04-2025 16:28:54 [AWT-EventQueue-0] Version - HCANN000001: Hibernate Commons Annotations {5.1.2.Final}
[WARN ] 28-04-2025 16:28:54 [AWT-EventQueue-0] deprecation - HHH90000012: Recognized obsolete hibernate namespace http://hibernate.sourceforge.net/hibernate-mapping. Use namespace http://www.hibernate.org/dtd/hibernate-mapping instead.  Support for obsolete DTD/XSD namespaces may be removed at any time.
[WARN ] 28-04-2025 16:28:54 [AWT-EventQueue-0] deprecation - HHH90000012: Recognized obsolete hibernate namespace http://hibernate.sourceforge.net/hibernate-mapping. Use namespace http://www.hibernate.org/dtd/hibernate-mapping instead.  Support for obsolete DTD/XSD namespaces may be removed at any time.
[WARN ] 28-04-2025 16:28:54 [AWT-EventQueue-0] deprecation - HHH90000012: Recognized obsolete hibernate namespace http://hibernate.sourceforge.net/hibernate-mapping. Use namespace http://www.hibernate.org/dtd/hibernate-mapping instead.  Support for obsolete DTD/XSD namespaces may be removed at any time.
[WARN ] 28-04-2025 16:28:55 [AWT-EventQueue-0] deprecation - HHH90000012: Recognized obsolete hibernate namespace http://hibernate.sourceforge.net/hibernate-mapping. Use namespace http://www.hibernate.org/dtd/hibernate-mapping instead.  Support for obsolete DTD/XSD namespaces may be removed at any time.
[INFO ] 28-04-2025 16:28:55 [AWT-EventQueue-0] C3P0ConnectionProvider - HHH010002: C3P0 using driver: oracle.jdbc.OracleDriver at URL: jdbc:oracle:thin:@localhost:1521/orcl
[INFO ] 28-04-2025 16:28:55 [AWT-EventQueue-0] C3P0ConnectionProvider - HHH10001001: Connection properties: {password=****, user=Khanh}
[INFO ] 28-04-2025 16:28:55 [AWT-EventQueue-0] C3P0ConnectionProvider - HHH10001003: Autocommit mode: false
[INFO ] 28-04-2025 16:28:55 [AWT-EventQueue-0] C3P0ConnectionProvider - HHH10001007: JDBC isolation level: <unknown>
[INFO ] 28-04-2025 16:28:56 [AWT-EventQueue-0] Dialect - HHH000400: Using dialect: org.hibernate.dialect.Oracle12cDialect
[INFO ] 28-04-2025 16:28:57 [AWT-EventQueue-0] access - HHH10001501: Connection obtained from JdbcConnectionAccess [org.hibernate.engine.jdbc.env.internal.JdbcEnvironmentInitiator$ConnectionProviderJdbcConnectionAccess@40f8074a] for (non-JTA) DDL execution was not in auto-commit mode; the Connection 'local transaction' will be committed and the Connection will be set into auto-commit mode.
[INFO ] 28-04-2025 16:28:57 [AWT-EventQueue-0] access - HHH10001501: Connection obtained from JdbcConnectionAccess [org.hibernate.engine.jdbc.env.internal.JdbcEnvironmentInitiator$ConnectionProviderJdbcConnectionAccess@701f7d82] for (non-JTA) DDL execution was not in auto-commit mode; the Connection 'local transaction' will be committed and the Connection will be set into auto-commit mode.
[INFO ] 28-04-2025 16:28:58 [AWT-EventQueue-0] JtaPlatformInitiator - HHH000490: Using JtaPlatform implementation: [org.hibernate.engine.transaction.jta.platform.internal.NoJtaPlatform]
[INFO ] 28-04-2025 16:28:59 [AWT-EventQueue-0] SupplierDao - Suppliers retrieved with pagination. Page: 1, Size: 10
[INFO ] 28-04-2025 16:29:20 [AWT-EventQueue-0] SupplierDao - Suppliers retrieved with name like: 
[INFO ] 28-04-2025 16:29:21 [AWT-EventQueue-0] ItemDao - Items for supplier with ID: 22 retrieved successfully.
[INFO ] 28-04-2025 16:29:21 [AWT-EventQueue-0] ItemServiceImpl - Items for supplier with ID: 22 retrieved successfully
[INFO ] 28-04-2025 16:29:23 [AWT-EventQueue-0] ItemDao - Items for supplier with ID: 1 retrieved successfully.
[INFO ] 28-04-2025 16:29:23 [AWT-EventQueue-0] ItemServiceImpl - Items for supplier with ID: 1 retrieved successfully
[INFO ] 28-04-2025 16:29:24 [AWT-EventQueue-0] ItemDao - Items for supplier with ID: 22 retrieved successfully.
[INFO ] 28-04-2025 16:29:24 [AWT-EventQueue-0] ItemServiceImpl - Items for supplier with ID: 22 retrieved successfully
[INFO ] 28-04-2025 16:29:24 [AWT-EventQueue-0] ItemDao - Items for supplier with ID: 1 retrieved successfully.
[INFO ] 28-04-2025 16:29:24 [AWT-EventQueue-0] ItemServiceImpl - Items for supplier with ID: 1 retrieved successfully
[INFO ] 28-04-2025 16:29:25 [AWT-EventQueue-0] ItemDao - Items for supplier with ID: 22 retrieved successfully.
[INFO ] 28-04-2025 16:29:25 [AWT-EventQueue-0] ItemServiceImpl - Items for supplier with ID: 22 retrieved successfully
[INFO ] 28-04-2025 16:29:26 [AWT-EventQueue-0] ItemDao - Items for supplier with ID: 1 retrieved successfully.
[INFO ] 28-04-2025 16:29:26 [AWT-EventQueue-0] ItemServiceImpl - Items for supplier with ID: 1 retrieved successfully
[INFO ] 28-04-2025 16:29:28 [AWT-EventQueue-0] ItemDao - Items for supplier with ID: 22 retrieved successfully.
[INFO ] 28-04-2025 16:29:28 [AWT-EventQueue-0] ItemServiceImpl - Items for supplier with ID: 22 retrieved successfully
[INFO ] 28-04-2025 16:29:29 [AWT-EventQueue-0] ItemDao - Items for supplier with ID: 1 retrieved successfully.
[INFO ] 28-04-2025 16:29:29 [AWT-EventQueue-0] ItemServiceImpl - Items for supplier with ID: 1 retrieved successfully
[INFO ] 28-04-2025 16:29:30 [AWT-EventQueue-0] ItemDao - Items for supplier with ID: 22 retrieved successfully.
[INFO ] 28-04-2025 16:29:30 [AWT-EventQueue-0] ItemServiceImpl - Items for supplier with ID: 22 retrieved successfully
[INFO ] 28-04-2025 16:30:01 [AWT-EventQueue-0] Version - HHH000412: Hibernate ORM core version 5.6.15.Final
[WARN ] 28-04-2025 16:30:01 [AWT-EventQueue-0] deprecation - HHH90000012: Recognized obsolete hibernate namespace http://hibernate.sourceforge.net/hibernate-configuration. Use namespace http://www.hibernate.org/dtd/hibernate-configuration instead.  Support for obsolete DTD/XSD namespaces may be removed at any time.
[INFO ] 28-04-2025 16:30:01 [AWT-EventQueue-0] HibernateUtil - Hibernate Schema Mode: UPDATE
[INFO ] 28-04-2025 16:30:02 [AWT-EventQueue-0] Version - HCANN000001: Hibernate Commons Annotations {5.1.2.Final}
[WARN ] 28-04-2025 16:30:02 [AWT-EventQueue-0] deprecation - HHH90000012: Recognized obsolete hibernate namespace http://hibernate.sourceforge.net/hibernate-mapping. Use namespace http://www.hibernate.org/dtd/hibernate-mapping instead.  Support for obsolete DTD/XSD namespaces may be removed at any time.
[WARN ] 28-04-2025 16:30:02 [AWT-EventQueue-0] deprecation - HHH90000012: Recognized obsolete hibernate namespace http://hibernate.sourceforge.net/hibernate-mapping. Use namespace http://www.hibernate.org/dtd/hibernate-mapping instead.  Support for obsolete DTD/XSD namespaces may be removed at any time.
[WARN ] 28-04-2025 16:30:02 [AWT-EventQueue-0] deprecation - HHH90000012: Recognized obsolete hibernate namespace http://hibernate.sourceforge.net/hibernate-mapping. Use namespace http://www.hibernate.org/dtd/hibernate-mapping instead.  Support for obsolete DTD/XSD namespaces may be removed at any time.
[WARN ] 28-04-2025 16:30:02 [AWT-EventQueue-0] deprecation - HHH90000012: Recognized obsolete hibernate namespace http://hibernate.sourceforge.net/hibernate-mapping. Use namespace http://www.hibernate.org/dtd/hibernate-mapping instead.  Support for obsolete DTD/XSD namespaces may be removed at any time.
[INFO ] 28-04-2025 16:30:02 [AWT-EventQueue-0] C3P0ConnectionProvider - HHH010002: C3P0 using driver: oracle.jdbc.OracleDriver at URL: jdbc:oracle:thin:@localhost:1521/orcl
[INFO ] 28-04-2025 16:30:02 [AWT-EventQueue-0] C3P0ConnectionProvider - HHH10001001: Connection properties: {password=****, user=Khanh}
[INFO ] 28-04-2025 16:30:02 [AWT-EventQueue-0] C3P0ConnectionProvider - HHH10001003: Autocommit mode: false
[INFO ] 28-04-2025 16:30:03 [AWT-EventQueue-0] C3P0ConnectionProvider - HHH10001007: JDBC isolation level: <unknown>
[INFO ] 28-04-2025 16:30:03 [AWT-EventQueue-0] Dialect - HHH000400: Using dialect: org.hibernate.dialect.Oracle12cDialect
[INFO ] 28-04-2025 16:30:05 [AWT-EventQueue-0] access - HHH10001501: Connection obtained from JdbcConnectionAccess [org.hibernate.engine.jdbc.env.internal.JdbcEnvironmentInitiator$ConnectionProviderJdbcConnectionAccess@158ec703] for (non-JTA) DDL execution was not in auto-commit mode; the Connection 'local transaction' will be committed and the Connection will be set into auto-commit mode.
[INFO ] 28-04-2025 16:30:05 [AWT-EventQueue-0] access - HHH10001501: Connection obtained from JdbcConnectionAccess [org.hibernate.engine.jdbc.env.internal.JdbcEnvironmentInitiator$ConnectionProviderJdbcConnectionAccess@3289a065] for (non-JTA) DDL execution was not in auto-commit mode; the Connection 'local transaction' will be committed and the Connection will be set into auto-commit mode.
[INFO ] 28-04-2025 16:30:05 [AWT-EventQueue-0] JtaPlatformInitiator - HHH000490: Using JtaPlatform implementation: [org.hibernate.engine.transaction.jta.platform.internal.NoJtaPlatform]
[INFO ] 28-04-2025 16:30:06 [AWT-EventQueue-0] SupplierDao - Suppliers retrieved with pagination. Page: 1, Size: 10
[INFO ] 28-04-2025 16:30:08 [AWT-EventQueue-0] SupplierDao - Suppliers retrieved with name like: 
[INFO ] 28-04-2025 16:30:15 [AWT-EventQueue-0] ItemDao - Items for supplier with ID: 1 retrieved successfully.
[INFO ] 28-04-2025 16:30:15 [AWT-EventQueue-0] ItemServiceImpl - Items for supplier with ID: 1 retrieved successfully
[INFO ] 28-04-2025 16:30:16 [AWT-EventQueue-0] ItemDao - Items for supplier with ID: 22 retrieved successfully.
[INFO ] 28-04-2025 16:30:16 [AWT-EventQueue-0] ItemServiceImpl - Items for supplier with ID: 22 retrieved successfully
[INFO ] 28-04-2025 16:32:36 [AWT-EventQueue-0] ItemDao - Items for supplier with ID: 1 retrieved successfully.
[INFO ] 28-04-2025 16:32:36 [AWT-EventQueue-0] ItemServiceImpl - Items for supplier with ID: 1 retrieved successfully
[INFO ] 28-04-2025 16:32:36 [AWT-EventQueue-0] ItemDao - Items for supplier with ID: 22 retrieved successfully.
[INFO ] 28-04-2025 16:32:36 [AWT-EventQueue-0] ItemServiceImpl - Items for supplier with ID: 22 retrieved successfully
[INFO ] 28-04-2025 16:32:37 [AWT-EventQueue-0] ItemDao - Items for supplier with ID: 1 retrieved successfully.
[INFO ] 28-04-2025 16:32:37 [AWT-EventQueue-0] ItemServiceImpl - Items for supplier with ID: 1 retrieved successfully
[INFO ] 28-04-2025 16:32:38 [AWT-EventQueue-0] ItemDao - Items for supplier with ID: 22 retrieved successfully.
[INFO ] 28-04-2025 16:32:38 [AWT-EventQueue-0] ItemServiceImpl - Items for supplier with ID: 22 retrieved successfully
[INFO ] 28-04-2025 16:32:43 [AWT-EventQueue-0] SupplierDao - Suppliers retrieved with name like: test
[INFO ] 28-04-2025 16:32:48 [AWT-EventQueue-0] SupplierDao - Suppliers retrieved with name like: b
[INFO ] 28-04-2025 16:32:52 [AWT-EventQueue-0] SupplierDao - Suppliers retrieved with name like: 
[INFO ] 28-04-2025 16:32:53 [AWT-EventQueue-0] ItemDao - Items for supplier with ID: 22 retrieved successfully.
[INFO ] 28-04-2025 16:32:53 [AWT-EventQueue-0] ItemServiceImpl - Items for supplier with ID: 22 retrieved successfully
[INFO ] 28-04-2025 16:32:58 [AWT-EventQueue-0] ItemDao - Items for supplier with ID: 22 retrieved successfully.
[INFO ] 28-04-2025 16:32:58 [AWT-EventQueue-0] ItemServiceImpl - Items for supplier with ID: 22 retrieved successfully
[INFO ] 28-04-2025 16:33:05 [AWT-EventQueue-0] ItemDao - Items for supplier with ID: 22 retrieved successfully.
[INFO ] 28-04-2025 16:33:05 [AWT-EventQueue-0] ItemServiceImpl - Items for supplier with ID: 22 retrieved successfully
[INFO ] 28-04-2025 16:47:34 [AWT-EventQueue-0] Version - HHH000412: Hibernate ORM core version 5.6.15.Final
[WARN ] 28-04-2025 16:47:34 [AWT-EventQueue-0] deprecation - HHH90000012: Recognized obsolete hibernate namespace http://hibernate.sourceforge.net/hibernate-configuration. Use namespace http://www.hibernate.org/dtd/hibernate-configuration instead.  Support for obsolete DTD/XSD namespaces may be removed at any time.
[INFO ] 28-04-2025 16:47:35 [AWT-EventQueue-0] HibernateUtil - Hibernate Schema Mode: UPDATE
[INFO ] 28-04-2025 16:47:35 [AWT-EventQueue-0] Version - HCANN000001: Hibernate Commons Annotations {5.1.2.Final}
[WARN ] 28-04-2025 16:47:35 [AWT-EventQueue-0] deprecation - HHH90000012: Recognized obsolete hibernate namespace http://hibernate.sourceforge.net/hibernate-mapping. Use namespace http://www.hibernate.org/dtd/hibernate-mapping instead.  Support for obsolete DTD/XSD namespaces may be removed at any time.
[WARN ] 28-04-2025 16:47:35 [AWT-EventQueue-0] deprecation - HHH90000012: Recognized obsolete hibernate namespace http://hibernate.sourceforge.net/hibernate-mapping. Use namespace http://www.hibernate.org/dtd/hibernate-mapping instead.  Support for obsolete DTD/XSD namespaces may be removed at any time.
[WARN ] 28-04-2025 16:47:35 [AWT-EventQueue-0] deprecation - HHH90000012: Recognized obsolete hibernate namespace http://hibernate.sourceforge.net/hibernate-mapping. Use namespace http://www.hibernate.org/dtd/hibernate-mapping instead.  Support for obsolete DTD/XSD namespaces may be removed at any time.
[WARN ] 28-04-2025 16:47:35 [AWT-EventQueue-0] deprecation - HHH90000012: Recognized obsolete hibernate namespace http://hibernate.sourceforge.net/hibernate-mapping. Use namespace http://www.hibernate.org/dtd/hibernate-mapping instead.  Support for obsolete DTD/XSD namespaces may be removed at any time.
[INFO ] 28-04-2025 16:47:35 [AWT-EventQueue-0] C3P0ConnectionProvider - HHH010002: C3P0 using driver: oracle.jdbc.OracleDriver at URL: jdbc:oracle:thin:@localhost:1521/orcl
[INFO ] 28-04-2025 16:47:35 [AWT-EventQueue-0] C3P0ConnectionProvider - HHH10001001: Connection properties: {password=****, user=Khanh}
[INFO ] 28-04-2025 16:47:35 [AWT-EventQueue-0] C3P0ConnectionProvider - HHH10001003: Autocommit mode: false
[INFO ] 28-04-2025 16:47:36 [AWT-EventQueue-0] C3P0ConnectionProvider - HHH10001007: JDBC isolation level: <unknown>
[INFO ] 28-04-2025 16:47:37 [AWT-EventQueue-0] Dialect - HHH000400: Using dialect: org.hibernate.dialect.Oracle12cDialect
[INFO ] 28-04-2025 16:47:38 [AWT-EventQueue-0] access - HHH10001501: Connection obtained from JdbcConnectionAccess [org.hibernate.engine.jdbc.env.internal.JdbcEnvironmentInitiator$ConnectionProviderJdbcConnectionAccess@40f8074a] for (non-JTA) DDL execution was not in auto-commit mode; the Connection 'local transaction' will be committed and the Connection will be set into auto-commit mode.
[INFO ] 28-04-2025 16:47:38 [AWT-EventQueue-0] access - HHH10001501: Connection obtained from JdbcConnectionAccess [org.hibernate.engine.jdbc.env.internal.JdbcEnvironmentInitiator$ConnectionProviderJdbcConnectionAccess@701f7d82] for (non-JTA) DDL execution was not in auto-commit mode; the Connection 'local transaction' will be committed and the Connection will be set into auto-commit mode.
[INFO ] 28-04-2025 16:47:39 [AWT-EventQueue-0] JtaPlatformInitiator - HHH000490: Using JtaPlatform implementation: [org.hibernate.engine.transaction.jta.platform.internal.NoJtaPlatform]
[INFO ] 28-04-2025 16:47:40 [AWT-EventQueue-0] SupplierDao - Suppliers retrieved with pagination. Page: 1, Size: 10
[INFO ] 28-04-2025 16:47:43 [AWT-EventQueue-0] SupplierDao - Suppliers retrieved with pagination. Page: 1, Size: 10
[INFO ] 28-04-2025 16:47:44 [AWT-EventQueue-0] SupplierDao - Suppliers retrieved with pagination. Page: 1, Size: 10
[INFO ] 28-04-2025 16:47:46 [AWT-EventQueue-0] SupplierDao - Suppliers retrieved with pagination. Page: 1, Size: 10
[INFO ] 28-04-2025 16:50:58 [AWT-EventQueue-0] Version - HHH000412: Hibernate ORM core version 5.6.15.Final
[WARN ] 28-04-2025 16:50:58 [AWT-EventQueue-0] deprecation - HHH90000012: Recognized obsolete hibernate namespace http://hibernate.sourceforge.net/hibernate-configuration. Use namespace http://www.hibernate.org/dtd/hibernate-configuration instead.  Support for obsolete DTD/XSD namespaces may be removed at any time.
[INFO ] 28-04-2025 16:50:58 [AWT-EventQueue-0] HibernateUtil - Hibernate Schema Mode: UPDATE
[INFO ] 28-04-2025 16:50:58 [AWT-EventQueue-0] Version - HCANN000001: Hibernate Commons Annotations {5.1.2.Final}
[WARN ] 28-04-2025 16:50:58 [AWT-EventQueue-0] deprecation - HHH90000012: Recognized obsolete hibernate namespace http://hibernate.sourceforge.net/hibernate-mapping. Use namespace http://www.hibernate.org/dtd/hibernate-mapping instead.  Support for obsolete DTD/XSD namespaces may be removed at any time.
[WARN ] 28-04-2025 16:50:59 [AWT-EventQueue-0] deprecation - HHH90000012: Recognized obsolete hibernate namespace http://hibernate.sourceforge.net/hibernate-mapping. Use namespace http://www.hibernate.org/dtd/hibernate-mapping instead.  Support for obsolete DTD/XSD namespaces may be removed at any time.
[WARN ] 28-04-2025 16:50:59 [AWT-EventQueue-0] deprecation - HHH90000012: Recognized obsolete hibernate namespace http://hibernate.sourceforge.net/hibernate-mapping. Use namespace http://www.hibernate.org/dtd/hibernate-mapping instead.  Support for obsolete DTD/XSD namespaces may be removed at any time.
[WARN ] 28-04-2025 16:50:59 [AWT-EventQueue-0] deprecation - HHH90000012: Recognized obsolete hibernate namespace http://hibernate.sourceforge.net/hibernate-mapping. Use namespace http://www.hibernate.org/dtd/hibernate-mapping instead.  Support for obsolete DTD/XSD namespaces may be removed at any time.
[INFO ] 28-04-2025 16:50:59 [AWT-EventQueue-0] C3P0ConnectionProvider - HHH010002: C3P0 using driver: oracle.jdbc.OracleDriver at URL: jdbc:oracle:thin:@localhost:1521/orcl
[INFO ] 28-04-2025 16:50:59 [AWT-EventQueue-0] C3P0ConnectionProvider - HHH10001001: Connection properties: {password=****, user=Khanh}
[INFO ] 28-04-2025 16:50:59 [AWT-EventQueue-0] C3P0ConnectionProvider - HHH10001003: Autocommit mode: false
[INFO ] 28-04-2025 16:50:59 [AWT-EventQueue-0] C3P0ConnectionProvider - HHH10001007: JDBC isolation level: <unknown>
[INFO ] 28-04-2025 16:51:00 [AWT-EventQueue-0] Dialect - HHH000400: Using dialect: org.hibernate.dialect.Oracle12cDialect
[INFO ] 28-04-2025 16:51:01 [AWT-EventQueue-0] access - HHH10001501: Connection obtained from JdbcConnectionAccess [org.hibernate.engine.jdbc.env.internal.JdbcEnvironmentInitiator$ConnectionProviderJdbcConnectionAccess@40f8074a] for (non-JTA) DDL execution was not in auto-commit mode; the Connection 'local transaction' will be committed and the Connection will be set into auto-commit mode.
[INFO ] 28-04-2025 16:51:01 [AWT-EventQueue-0] access - HHH10001501: Connection obtained from JdbcConnectionAccess [org.hibernate.engine.jdbc.env.internal.JdbcEnvironmentInitiator$ConnectionProviderJdbcConnectionAccess@701f7d82] for (non-JTA) DDL execution was not in auto-commit mode; the Connection 'local transaction' will be committed and the Connection will be set into auto-commit mode.
[INFO ] 28-04-2025 16:51:01 [AWT-EventQueue-0] JtaPlatformInitiator - HHH000490: Using JtaPlatform implementation: [org.hibernate.engine.transaction.jta.platform.internal.NoJtaPlatform]
[INFO ] 28-04-2025 16:51:02 [AWT-EventQueue-0] SupplierDao - Suppliers retrieved with pagination. Page: 1, Size: 10
[INFO ] 28-04-2025 16:51:04 [AWT-EventQueue-0] SupplierDao - Suppliers retrieved with pagination. Page: 1, Size: 10
[INFO ] 28-04-2025 16:54:18 [AWT-EventQueue-0] Version - HHH000412: Hibernate ORM core version 5.6.15.Final
[WARN ] 28-04-2025 16:54:19 [AWT-EventQueue-0] deprecation - HHH90000012: Recognized obsolete hibernate namespace http://hibernate.sourceforge.net/hibernate-configuration. Use namespace http://www.hibernate.org/dtd/hibernate-configuration instead.  Support for obsolete DTD/XSD namespaces may be removed at any time.
[INFO ] 28-04-2025 16:54:19 [AWT-EventQueue-0] HibernateUtil - Hibernate Schema Mode: UPDATE
[INFO ] 28-04-2025 16:54:19 [AWT-EventQueue-0] Version - HCANN000001: Hibernate Commons Annotations {5.1.2.Final}
[WARN ] 28-04-2025 16:54:20 [AWT-EventQueue-0] deprecation - HHH90000012: Recognized obsolete hibernate namespace http://hibernate.sourceforge.net/hibernate-mapping. Use namespace http://www.hibernate.org/dtd/hibernate-mapping instead.  Support for obsolete DTD/XSD namespaces may be removed at any time.
[WARN ] 28-04-2025 16:54:20 [AWT-EventQueue-0] deprecation - HHH90000012: Recognized obsolete hibernate namespace http://hibernate.sourceforge.net/hibernate-mapping. Use namespace http://www.hibernate.org/dtd/hibernate-mapping instead.  Support for obsolete DTD/XSD namespaces may be removed at any time.
[WARN ] 28-04-2025 16:54:20 [AWT-EventQueue-0] deprecation - HHH90000012: Recognized obsolete hibernate namespace http://hibernate.sourceforge.net/hibernate-mapping. Use namespace http://www.hibernate.org/dtd/hibernate-mapping instead.  Support for obsolete DTD/XSD namespaces may be removed at any time.
[WARN ] 28-04-2025 16:54:20 [AWT-EventQueue-0] deprecation - HHH90000012: Recognized obsolete hibernate namespace http://hibernate.sourceforge.net/hibernate-mapping. Use namespace http://www.hibernate.org/dtd/hibernate-mapping instead.  Support for obsolete DTD/XSD namespaces may be removed at any time.
[INFO ] 28-04-2025 16:54:20 [AWT-EventQueue-0] C3P0ConnectionProvider - HHH010002: C3P0 using driver: oracle.jdbc.OracleDriver at URL: jdbc:oracle:thin:@localhost:1521/orcl
[INFO ] 28-04-2025 16:54:20 [AWT-EventQueue-0] C3P0ConnectionProvider - HHH10001001: Connection properties: {password=****, user=Khanh}
[INFO ] 28-04-2025 16:54:20 [AWT-EventQueue-0] C3P0ConnectionProvider - HHH10001003: Autocommit mode: false
[INFO ] 28-04-2025 16:54:20 [AWT-EventQueue-0] C3P0ConnectionProvider - HHH10001007: JDBC isolation level: <unknown>
[INFO ] 28-04-2025 16:54:21 [AWT-EventQueue-0] Dialect - HHH000400: Using dialect: org.hibernate.dialect.Oracle12cDialect
[INFO ] 28-04-2025 16:54:23 [AWT-EventQueue-0] access - HHH10001501: Connection obtained from JdbcConnectionAccess [org.hibernate.engine.jdbc.env.internal.JdbcEnvironmentInitiator$ConnectionProviderJdbcConnectionAccess@158ec703] for (non-JTA) DDL execution was not in auto-commit mode; the Connection 'local transaction' will be committed and the Connection will be set into auto-commit mode.
[INFO ] 28-04-2025 16:54:23 [AWT-EventQueue-0] access - HHH10001501: Connection obtained from JdbcConnectionAccess [org.hibernate.engine.jdbc.env.internal.JdbcEnvironmentInitiator$ConnectionProviderJdbcConnectionAccess@3289a065] for (non-JTA) DDL execution was not in auto-commit mode; the Connection 'local transaction' will be committed and the Connection will be set into auto-commit mode.
[INFO ] 28-04-2025 16:54:23 [AWT-EventQueue-0] JtaPlatformInitiator - HHH000490: Using JtaPlatform implementation: [org.hibernate.engine.transaction.jta.platform.internal.NoJtaPlatform]
[INFO ] 28-04-2025 16:54:24 [AWT-EventQueue-0] SupplierDao - Suppliers retrieved with pagination. Page: 1, Size: 10
[INFO ] 28-04-2025 16:54:26 [AWT-EventQueue-0] SupplierDao - Suppliers retrieved with name like: 
[INFO ] 28-04-2025 16:54:28 [AWT-EventQueue-0] ItemDao - Items for supplier with ID: 22 retrieved successfully.
[INFO ] 28-04-2025 16:54:28 [AWT-EventQueue-0] ItemServiceImpl - Items for supplier with ID: 22 retrieved successfully
[INFO ] 28-04-2025 16:54:30 [AWT-EventQueue-0] ItemDao - Items for supplier with ID: 1 retrieved successfully.
[INFO ] 28-04-2025 16:54:30 [AWT-EventQueue-0] ItemServiceImpl - Items for supplier with ID: 1 retrieved successfully
[INFO ] 28-04-2025 16:54:31 [AWT-EventQueue-0] ItemDao - Items for supplier with ID: 22 retrieved successfully.
[INFO ] 28-04-2025 16:54:31 [AWT-EventQueue-0] ItemServiceImpl - Items for supplier with ID: 22 retrieved successfully
[INFO ] 28-04-2025 16:54:34 [AWT-EventQueue-0] ItemDao - Items for supplier with ID: 1 retrieved successfully.
[INFO ] 28-04-2025 16:54:34 [AWT-EventQueue-0] ItemServiceImpl - Items for supplier with ID: 1 retrieved successfully
[INFO ] 28-04-2025 16:54:34 [AWT-EventQueue-0] ItemDao - Items for supplier with ID: 22 retrieved successfully.
[INFO ] 28-04-2025 16:54:34 [AWT-EventQueue-0] ItemServiceImpl - Items for supplier with ID: 22 retrieved successfully
[INFO ] 28-04-2025 16:54:35 [AWT-EventQueue-0] ItemDao - Items for supplier with ID: 1 retrieved successfully.
[INFO ] 28-04-2025 16:54:35 [AWT-EventQueue-0] ItemServiceImpl - Items for supplier with ID: 1 retrieved successfully
[INFO ] 28-04-2025 16:54:35 [AWT-EventQueue-0] ItemDao - Items for supplier with ID: 22 retrieved successfully.
[INFO ] 28-04-2025 16:54:35 [AWT-EventQueue-0] ItemServiceImpl - Items for supplier with ID: 22 retrieved successfully
[INFO ] 28-04-2025 16:54:38 [AWT-EventQueue-0] ItemDao - Items for supplier with ID: 1 retrieved successfully.
[INFO ] 28-04-2025 16:54:38 [AWT-EventQueue-0] ItemServiceImpl - Items for supplier with ID: 1 retrieved successfully
[INFO ] 28-04-2025 16:54:39 [AWT-EventQueue-0] ItemDao - Items for supplier with ID: 22 retrieved successfully.
[INFO ] 28-04-2025 16:54:39 [AWT-EventQueue-0] ItemServiceImpl - Items for supplier with ID: 22 retrieved successfully
[INFO ] 28-04-2025 16:55:17 [AWT-EventQueue-0] ItemDao - Item with id: 26 retrieved successfully
[INFO ] 28-04-2025 16:55:17 [AWT-EventQueue-0] ItemServiceImpl - Item with id: 26 retrieved successfully
[INFO ] 28-04-2025 16:55:17 [AWT-EventQueue-0] ItemDao - Item persisted successfully
[INFO ] 28-04-2025 16:55:17 [AWT-EventQueue-0] ItemServiceImpl - Item created successfully
[INFO ] 28-04-2025 16:55:19 [AWT-EventQueue-0] SupplierDao - Supplier with id: 22 retrieved successfully
[INFO ] 28-04-2025 16:55:19 [AWT-EventQueue-0] ItemDao - Items for supplier with ID: 22 retrieved successfully.
[INFO ] 28-04-2025 16:55:19 [AWT-EventQueue-0] ItemServiceImpl - Items for supplier with ID: 22 retrieved successfully
