[INFO ] 11-04-2025 16:01:24 [main] Version - HHH000412: Hibernate ORM core version 5.6.15.Final
[WARN ] 11-04-2025 16:01:25 [main] deprecation - HHH90000012: Recognized obsolete hibernate namespace http://hibernate.sourceforge.net/hibernate-configuration. Use namespace http://www.hibernate.org/dtd/hibernate-configuration instead.  Support for obsolete DTD/XSD namespaces may be removed at any time.
[INFO ] 11-04-2025 16:04:49 [main] Version - HHH000412: Hibernate ORM core version 5.6.15.Final
[WARN ] 11-04-2025 16:04:49 [main] deprecation - HHH90000012: Recognized obsolete hibernate namespace http://hibernate.sourceforge.net/hibernate-configuration. Use namespace http://www.hibernate.org/dtd/hibernate-configuration instead.  Support for obsolete DTD/XSD namespaces may be removed at any time.
[ERROR] 11-04-2025 16:04:50 [main] HibernateUtil - Initial SessionFactory creation failed.org.hibernate.internal.util.config.ConfigurationException: Unable to perform unmarshalling at line number 0 and column 0 in RESOURCE hibernate.cfg.xml. Message: null
[INFO ] 11-04-2025 16:08:36 [main] Version - HHH000412: Hibernate ORM core version 5.6.15.Final
[WARN ] 11-04-2025 16:08:36 [main] deprecation - HHH90000012: Recognized obsolete hibernate namespace http://hibernate.sourceforge.net/hibernate-configuration. Use namespace http://www.hibernate.org/dtd/hibernate-configuration instead.  Support for obsolete DTD/XSD namespaces may be removed at any time.
[INFO ] 11-04-2025 16:08:37 [main] Version - HCANN000001: Hibernate Commons Annotations {5.1.2.Final}
[ERROR] 11-04-2025 16:08:37 [main] HibernateUtil - Initial SessionFactory creation failed.org.hibernate.boot.InvalidMappingException: Could not parse mapping document: mapping/BaseEntity.hbm.xml (RESOURCE)
[INFO ] 11-04-2025 16:51:03 [main] Version - HHH000412: Hibernate ORM core version 5.6.15.Final
[WARN ] 11-04-2025 16:51:03 [main] deprecation - HHH90000012: Recognized obsolete hibernate namespace http://hibernate.sourceforge.net/hibernate-configuration. Use namespace http://www.hibernate.org/dtd/hibernate-configuration instead.  Support for obsolete DTD/XSD namespaces may be removed at any time.
[INFO ] 11-04-2025 16:51:03 [main] Version - HCANN000001: Hibernate Commons Annotations {5.1.2.Final}
[ERROR] 11-04-2025 16:51:04 [main] HibernateUtil - Initial SessionFactory creation failed
org.hibernate.boot.InvalidMappingException: Could not parse mapping document: mapping/BaseEntity.hbm.xml (RESOURCE)
	at org.hibernate.boot.jaxb.internal.InputStreamXmlSource.doBind(InputStreamXmlSource.java:46) ~[hibernate-core-5.6.15.Final.jar:5.6.15.Final]
	at org.hibernate.boot.jaxb.internal.UrlXmlSource.doBind(UrlXmlSource.java:36) ~[hibernate-core-5.6.15.Final.jar:5.6.15.Final]
	at org.hibernate.boot.spi.XmlMappingBinderAccess.bind(XmlMappingBinderAccess.java:59) ~[hibernate-core-5.6.15.Final.jar:5.6.15.Final]
	at org.hibernate.boot.MetadataSources.addResource(MetadataSources.java:311) ~[hibernate-core-5.6.15.Final.jar:5.6.15.Final]
	at org.hibernate.boot.cfgxml.spi.MappingReference.apply(MappingReference.java:70) ~[hibernate-core-5.6.15.Final.jar:5.6.15.Final]
	at org.hibernate.boot.internal.MetadataBuilderImpl.build(MetadataBuilderImpl.java:474) ~[hibernate-core-5.6.15.Final.jar:5.6.15.Final]
	at org.hibernate.boot.internal.MetadataBuilderImpl.build(MetadataBuilderImpl.java:85) ~[hibernate-core-5.6.15.Final.jar:5.6.15.Final]
	at org.hibernate.cfg.Configuration.buildSessionFactory(Configuration.java:709) ~[hibernate-core-5.6.15.Final.jar:5.6.15.Final]
	at org.hibernate.cfg.Configuration.buildSessionFactory(Configuration.java:746) ~[hibernate-core-5.6.15.Final.jar:5.6.15.Final]
	at util.HibernateUtil.buildSessionFactory(HibernateUtil.java:21) [classes/:?]
	at util.HibernateUtil.getSessionFactory(HibernateUtil.java:32) [classes/:?]
	at dao.EmployeeDao.<init>(EmployeeDao.java:25) [classes/:?]
	at ui.Main.main(Main.java:13) [classes/:?]
Caused by: org.hibernate.boot.MappingException: Unable to perform unmarshalling at line number 3 and column 69. Message: cvc-complex-type.2.4.a: Invalid content was found starting with element '{"http://www.hibernate.org/xsd/orm/hbm":property}'. One of '{"http://www.hibernate.org/xsd/orm/hbm":meta, "http://www.hibernate.org/xsd/orm/hbm":tuplizer, "http://www.hibernate.org/xsd/orm/hbm":subselect, "http://www.hibernate.org/xsd/orm/hbm":cache, "http://www.hibernate.org/xsd/orm/hbm":natural-id-cache, "http://www.hibernate.org/xsd/orm/hbm":synchronize, "http://www.hibernate.org/xsd/orm/hbm":comment, "http://www.hibernate.org/xsd/orm/hbm":id, "http://www.hibernate.org/xsd/orm/hbm":composite-id}' is expected. : origin(mapping/BaseEntity.hbm.xml)
	at org.hibernate.boot.jaxb.internal.AbstractBinder.jaxb(AbstractBinder.java:178) ~[hibernate-core-5.6.15.Final.jar:5.6.15.Final]
	at org.hibernate.boot.jaxb.internal.MappingBinder.doBind(MappingBinder.java:53) ~[hibernate-core-5.6.15.Final.jar:5.6.15.Final]
	at org.hibernate.boot.jaxb.internal.AbstractBinder.doBind(AbstractBinder.java:103) ~[hibernate-core-5.6.15.Final.jar:5.6.15.Final]
	at org.hibernate.boot.jaxb.internal.AbstractBinder.bind(AbstractBinder.java:58) ~[hibernate-core-5.6.15.Final.jar:5.6.15.Final]
	at org.hibernate.boot.jaxb.internal.InputStreamXmlSource.doBind(InputStreamXmlSource.java:43) ~[hibernate-core-5.6.15.Final.jar:5.6.15.Final]
	... 12 more
Caused by: javax.xml.bind.UnmarshalException
	at com.sun.xml.bind.v2.runtime.unmarshaller.UnmarshallerImpl.handleStreamException(UnmarshallerImpl.java:483) ~[jaxb-runtime-2.3.1.jar:2.3.1]
	at com.sun.xml.bind.v2.runtime.unmarshaller.UnmarshallerImpl.unmarshal0(UnmarshallerImpl.java:463) ~[jaxb-runtime-2.3.1.jar:2.3.1]
	at com.sun.xml.bind.v2.runtime.unmarshaller.UnmarshallerImpl.unmarshal(UnmarshallerImpl.java:435) ~[jaxb-runtime-2.3.1.jar:2.3.1]
	at org.hibernate.boot.jaxb.internal.AbstractBinder.jaxb(AbstractBinder.java:172) ~[hibernate-core-5.6.15.Final.jar:5.6.15.Final]
	at org.hibernate.boot.jaxb.internal.MappingBinder.doBind(MappingBinder.java:53) ~[hibernate-core-5.6.15.Final.jar:5.6.15.Final]
	at org.hibernate.boot.jaxb.internal.AbstractBinder.doBind(AbstractBinder.java:103) ~[hibernate-core-5.6.15.Final.jar:5.6.15.Final]
	at org.hibernate.boot.jaxb.internal.AbstractBinder.bind(AbstractBinder.java:58) ~[hibernate-core-5.6.15.Final.jar:5.6.15.Final]
	at org.hibernate.boot.jaxb.internal.InputStreamXmlSource.doBind(InputStreamXmlSource.java:43) ~[hibernate-core-5.6.15.Final.jar:5.6.15.Final]
	... 12 more
Caused by: org.xml.sax.SAXParseException: cvc-complex-type.2.4.a: Invalid content was found starting with element '{"http://www.hibernate.org/xsd/orm/hbm":property}'. One of '{"http://www.hibernate.org/xsd/orm/hbm":meta, "http://www.hibernate.org/xsd/orm/hbm":tuplizer, "http://www.hibernate.org/xsd/orm/hbm":subselect, "http://www.hibernate.org/xsd/orm/hbm":cache, "http://www.hibernate.org/xsd/orm/hbm":natural-id-cache, "http://www.hibernate.org/xsd/orm/hbm":synchronize, "http://www.hibernate.org/xsd/orm/hbm":comment, "http://www.hibernate.org/xsd/orm/hbm":id, "http://www.hibernate.org/xsd/orm/hbm":composite-id}' is expected.
	at java.xml/com.sun.org.apache.xerces.internal.util.ErrorHandlerWrapper.createSAXParseException(ErrorHandlerWrapper.java:204) ~[?:?]
	at java.xml/com.sun.org.apache.xerces.internal.util.ErrorHandlerWrapper.error(ErrorHandlerWrapper.java:135) ~[?:?]
	at java.xml/com.sun.org.apache.xerces.internal.impl.XMLErrorReporter.reportError(XMLErrorReporter.java:396) ~[?:?]
	at java.xml/com.sun.org.apache.xerces.internal.impl.XMLErrorReporter.reportError(XMLErrorReporter.java:327) ~[?:?]
	at java.xml/com.sun.org.apache.xerces.internal.impl.XMLErrorReporter.reportError(XMLErrorReporter.java:284) ~[?:?]
	at java.xml/com.sun.org.apache.xerces.internal.impl.xs.XMLSchemaValidator$XSIErrorReporter.reportError(XMLSchemaValidator.java:512) ~[?:?]
	at java.xml/com.sun.org.apache.xerces.internal.impl.xs.XMLSchemaValidator.reportSchemaError(XMLSchemaValidator.java:3596) ~[?:?]
	at java.xml/com.sun.org.apache.xerces.internal.impl.xs.XMLSchemaValidator.handleStartElement(XMLSchemaValidator.java:1972) ~[?:?]
	at java.xml/com.sun.org.apache.xerces.internal.impl.xs.XMLSchemaValidator.startElement(XMLSchemaValidator.java:830) ~[?:?]
	at java.xml/com.sun.org.apache.xerces.internal.jaxp.validation.ValidatorHandlerImpl.startElement(ValidatorHandlerImpl.java:571) ~[?:?]
	at com.sun.xml.bind.v2.runtime.unmarshaller.ValidatingUnmarshaller.startElement(ValidatingUnmarshaller.java:101) ~[jaxb-runtime-2.3.1.jar:2.3.1]
	at com.sun.xml.bind.v2.runtime.unmarshaller.InterningXmlVisitor.startElement(InterningXmlVisitor.java:75) ~[jaxb-runtime-2.3.1.jar:2.3.1]
	at com.sun.xml.bind.v2.runtime.unmarshaller.StAXEventConnector.handleStartElement(StAXEventConnector.java:261) ~[jaxb-runtime-2.3.1.jar:2.3.1]
	at com.sun.xml.bind.v2.runtime.unmarshaller.StAXEventConnector.bridge(StAXEventConnector.java:130) ~[jaxb-runtime-2.3.1.jar:2.3.1]
	at com.sun.xml.bind.v2.runtime.unmarshaller.UnmarshallerImpl.unmarshal0(UnmarshallerImpl.java:460) ~[jaxb-runtime-2.3.1.jar:2.3.1]
	at com.sun.xml.bind.v2.runtime.unmarshaller.UnmarshallerImpl.unmarshal(UnmarshallerImpl.java:435) ~[jaxb-runtime-2.3.1.jar:2.3.1]
	at org.hibernate.boot.jaxb.internal.AbstractBinder.jaxb(AbstractBinder.java:172) ~[hibernate-core-5.6.15.Final.jar:5.6.15.Final]
	at org.hibernate.boot.jaxb.internal.MappingBinder.doBind(MappingBinder.java:53) ~[hibernate-core-5.6.15.Final.jar:5.6.15.Final]
	at org.hibernate.boot.jaxb.internal.AbstractBinder.doBind(AbstractBinder.java:103) ~[hibernate-core-5.6.15.Final.jar:5.6.15.Final]
	at org.hibernate.boot.jaxb.internal.AbstractBinder.bind(AbstractBinder.java:58) ~[hibernate-core-5.6.15.Final.jar:5.6.15.Final]
	at org.hibernate.boot.jaxb.internal.InputStreamXmlSource.doBind(InputStreamXmlSource.java:43) ~[hibernate-core-5.6.15.Final.jar:5.6.15.Final]
	... 12 more
[INFO ] 11-04-2025 16:54:28 [main] Version - HHH000412: Hibernate ORM core version 5.6.15.Final
[WARN ] 11-04-2025 16:54:28 [main] deprecation - HHH90000012: Recognized obsolete hibernate namespace http://hibernate.sourceforge.net/hibernate-configuration. Use namespace http://www.hibernate.org/dtd/hibernate-configuration instead.  Support for obsolete DTD/XSD namespaces may be removed at any time.
[INFO ] 11-04-2025 16:54:28 [main] Version - HCANN000001: Hibernate Commons Annotations {5.1.2.Final}
[WARN ] 11-04-2025 16:54:29 [main] deprecation - HHH90000012: Recognized obsolete hibernate namespace http://hibernate.sourceforge.net/hibernate-mapping. Use namespace http://www.hibernate.org/dtd/hibernate-mapping instead.  Support for obsolete DTD/XSD namespaces may be removed at any time.
[ERROR] 11-04-2025 16:54:29 [main] HibernateUtil - Initial SessionFactory creation failed
org.hibernate.boot.InvalidMappingException: Could not parse mapping document: mapping/Category.hbm.xml (RESOURCE)
	at org.hibernate.boot.jaxb.internal.InputStreamXmlSource.doBind(InputStreamXmlSource.java:46) ~[hibernate-core-5.6.15.Final.jar:5.6.15.Final]
	at org.hibernate.boot.jaxb.internal.UrlXmlSource.doBind(UrlXmlSource.java:36) ~[hibernate-core-5.6.15.Final.jar:5.6.15.Final]
	at org.hibernate.boot.spi.XmlMappingBinderAccess.bind(XmlMappingBinderAccess.java:59) ~[hibernate-core-5.6.15.Final.jar:5.6.15.Final]
	at org.hibernate.boot.MetadataSources.addResource(MetadataSources.java:311) ~[hibernate-core-5.6.15.Final.jar:5.6.15.Final]
	at org.hibernate.boot.cfgxml.spi.MappingReference.apply(MappingReference.java:70) ~[hibernate-core-5.6.15.Final.jar:5.6.15.Final]
	at org.hibernate.boot.internal.MetadataBuilderImpl.build(MetadataBuilderImpl.java:474) ~[hibernate-core-5.6.15.Final.jar:5.6.15.Final]
	at org.hibernate.boot.internal.MetadataBuilderImpl.build(MetadataBuilderImpl.java:85) ~[hibernate-core-5.6.15.Final.jar:5.6.15.Final]
	at org.hibernate.cfg.Configuration.buildSessionFactory(Configuration.java:709) ~[hibernate-core-5.6.15.Final.jar:5.6.15.Final]
	at org.hibernate.cfg.Configuration.buildSessionFactory(Configuration.java:746) ~[hibernate-core-5.6.15.Final.jar:5.6.15.Final]
	at util.HibernateUtil.buildSessionFactory(HibernateUtil.java:21) [classes/:?]
	at util.HibernateUtil.getSessionFactory(HibernateUtil.java:32) [classes/:?]
	at dao.EmployeeDao.<init>(EmployeeDao.java:25) [classes/:?]
	at ui.Main.main(Main.java:13) [classes/:?]
Caused by: org.hibernate.boot.MappingException: Unable to perform unmarshalling at line number 19 and column 90. Message: cvc-complex-type.2.4.a: Invalid content was found starting with element '{"http://www.hibernate.org/xsd/orm/hbm":one-to-many}'. One of '{"http://www.hibernate.org/xsd/orm/hbm":idbag, "http://www.hibernate.org/xsd/orm/hbm":property, "http://www.hibernate.org/xsd/orm/hbm":many-to-one, "http://www.hibernate.org/xsd/orm/hbm":one-to-one, "http://www.hibernate.org/xsd/orm/hbm":component, "http://www.hibernate.org/xsd/orm/hbm":dynamic-component, "http://www.hibernate.org/xsd/orm/hbm":properties, "http://www.hibernate.org/xsd/orm/hbm":any, "http://www.hibernate.org/xsd/orm/hbm":map, "http://www.hibernate.org/xsd/orm/hbm":set, "http://www.hibernate.org/xsd/orm/hbm":list, "http://www.hibernate.org/xsd/orm/hbm":bag, "http://www.hibernate.org/xsd/orm/hbm":array, "http://www.hibernate.org/xsd/orm/hbm":primitive-array, "http://www.hibernate.org/xsd/orm/hbm":join, "http://www.hibernate.org/xsd/orm/hbm":subclass, "http://www.hibernate.org/xsd/orm/hbm":joined-subclass, "http://www.hibernate.org/xsd/orm/hbm":union-subclass, "http://www.hibernate.org/xsd/orm/hbm":loader, "http://www.hibernate.org/xsd/orm/hbm":sql-insert, "http://www.hibernate.org/xsd/orm/hbm":sql-update, "http://www.hibernate.org/xsd/orm/hbm":sql-delete, "http://www.hibernate.org/xsd/orm/hbm":filter, "http://www.hibernate.org/xsd/orm/hbm":fetch-profile, "http://www.hibernate.org/xsd/orm/hbm":resultset, "http://www.hibernate.org/xsd/orm/hbm":query, "http://www.hibernate.org/xsd/orm/hbm":sql-query}' is expected. : origin(mapping/Category.hbm.xml)
	at org.hibernate.boot.jaxb.internal.AbstractBinder.jaxb(AbstractBinder.java:178) ~[hibernate-core-5.6.15.Final.jar:5.6.15.Final]
	at org.hibernate.boot.jaxb.internal.MappingBinder.doBind(MappingBinder.java:53) ~[hibernate-core-5.6.15.Final.jar:5.6.15.Final]
	at org.hibernate.boot.jaxb.internal.AbstractBinder.doBind(AbstractBinder.java:103) ~[hibernate-core-5.6.15.Final.jar:5.6.15.Final]
	at org.hibernate.boot.jaxb.internal.AbstractBinder.bind(AbstractBinder.java:58) ~[hibernate-core-5.6.15.Final.jar:5.6.15.Final]
	at org.hibernate.boot.jaxb.internal.InputStreamXmlSource.doBind(InputStreamXmlSource.java:43) ~[hibernate-core-5.6.15.Final.jar:5.6.15.Final]
	... 12 more
Caused by: javax.xml.bind.UnmarshalException
	at com.sun.xml.bind.v2.runtime.unmarshaller.UnmarshallerImpl.handleStreamException(UnmarshallerImpl.java:483) ~[jaxb-runtime-2.3.1.jar:2.3.1]
	at com.sun.xml.bind.v2.runtime.unmarshaller.UnmarshallerImpl.unmarshal0(UnmarshallerImpl.java:463) ~[jaxb-runtime-2.3.1.jar:2.3.1]
	at com.sun.xml.bind.v2.runtime.unmarshaller.UnmarshallerImpl.unmarshal(UnmarshallerImpl.java:435) ~[jaxb-runtime-2.3.1.jar:2.3.1]
	at org.hibernate.boot.jaxb.internal.AbstractBinder.jaxb(AbstractBinder.java:172) ~[hibernate-core-5.6.15.Final.jar:5.6.15.Final]
	at org.hibernate.boot.jaxb.internal.MappingBinder.doBind(MappingBinder.java:53) ~[hibernate-core-5.6.15.Final.jar:5.6.15.Final]
	at org.hibernate.boot.jaxb.internal.AbstractBinder.doBind(AbstractBinder.java:103) ~[hibernate-core-5.6.15.Final.jar:5.6.15.Final]
	at org.hibernate.boot.jaxb.internal.AbstractBinder.bind(AbstractBinder.java:58) ~[hibernate-core-5.6.15.Final.jar:5.6.15.Final]
	at org.hibernate.boot.jaxb.internal.InputStreamXmlSource.doBind(InputStreamXmlSource.java:43) ~[hibernate-core-5.6.15.Final.jar:5.6.15.Final]
	... 12 more
Caused by: org.xml.sax.SAXParseException: cvc-complex-type.2.4.a: Invalid content was found starting with element '{"http://www.hibernate.org/xsd/orm/hbm":one-to-many}'. One of '{"http://www.hibernate.org/xsd/orm/hbm":idbag, "http://www.hibernate.org/xsd/orm/hbm":property, "http://www.hibernate.org/xsd/orm/hbm":many-to-one, "http://www.hibernate.org/xsd/orm/hbm":one-to-one, "http://www.hibernate.org/xsd/orm/hbm":component, "http://www.hibernate.org/xsd/orm/hbm":dynamic-component, "http://www.hibernate.org/xsd/orm/hbm":properties, "http://www.hibernate.org/xsd/orm/hbm":any, "http://www.hibernate.org/xsd/orm/hbm":map, "http://www.hibernate.org/xsd/orm/hbm":set, "http://www.hibernate.org/xsd/orm/hbm":list, "http://www.hibernate.org/xsd/orm/hbm":bag, "http://www.hibernate.org/xsd/orm/hbm":array, "http://www.hibernate.org/xsd/orm/hbm":primitive-array, "http://www.hibernate.org/xsd/orm/hbm":join, "http://www.hibernate.org/xsd/orm/hbm":subclass, "http://www.hibernate.org/xsd/orm/hbm":joined-subclass, "http://www.hibernate.org/xsd/orm/hbm":union-subclass, "http://www.hibernate.org/xsd/orm/hbm":loader, "http://www.hibernate.org/xsd/orm/hbm":sql-insert, "http://www.hibernate.org/xsd/orm/hbm":sql-update, "http://www.hibernate.org/xsd/orm/hbm":sql-delete, "http://www.hibernate.org/xsd/orm/hbm":filter, "http://www.hibernate.org/xsd/orm/hbm":fetch-profile, "http://www.hibernate.org/xsd/orm/hbm":resultset, "http://www.hibernate.org/xsd/orm/hbm":query, "http://www.hibernate.org/xsd/orm/hbm":sql-query}' is expected.
	at java.xml/com.sun.org.apache.xerces.internal.util.ErrorHandlerWrapper.createSAXParseException(ErrorHandlerWrapper.java:204) ~[?:?]
	at java.xml/com.sun.org.apache.xerces.internal.util.ErrorHandlerWrapper.error(ErrorHandlerWrapper.java:135) ~[?:?]
	at java.xml/com.sun.org.apache.xerces.internal.impl.XMLErrorReporter.reportError(XMLErrorReporter.java:396) ~[?:?]
	at java.xml/com.sun.org.apache.xerces.internal.impl.XMLErrorReporter.reportError(XMLErrorReporter.java:327) ~[?:?]
	at java.xml/com.sun.org.apache.xerces.internal.impl.XMLErrorReporter.reportError(XMLErrorReporter.java:284) ~[?:?]
	at java.xml/com.sun.org.apache.xerces.internal.impl.xs.XMLSchemaValidator$XSIErrorReporter.reportError(XMLSchemaValidator.java:512) ~[?:?]
	at java.xml/com.sun.org.apache.xerces.internal.impl.xs.XMLSchemaValidator.reportSchemaError(XMLSchemaValidator.java:3596) ~[?:?]
	at java.xml/com.sun.org.apache.xerces.internal.impl.xs.XMLSchemaValidator.handleStartElement(XMLSchemaValidator.java:1972) ~[?:?]
	at java.xml/com.sun.org.apache.xerces.internal.impl.xs.XMLSchemaValidator.startElement(XMLSchemaValidator.java:830) ~[?:?]
	at java.xml/com.sun.org.apache.xerces.internal.jaxp.validation.ValidatorHandlerImpl.startElement(ValidatorHandlerImpl.java:571) ~[?:?]
	at com.sun.xml.bind.v2.runtime.unmarshaller.ValidatingUnmarshaller.startElement(ValidatingUnmarshaller.java:101) ~[jaxb-runtime-2.3.1.jar:2.3.1]
	at com.sun.xml.bind.v2.runtime.unmarshaller.InterningXmlVisitor.startElement(InterningXmlVisitor.java:75) ~[jaxb-runtime-2.3.1.jar:2.3.1]
	at com.sun.xml.bind.v2.runtime.unmarshaller.StAXEventConnector.handleStartElement(StAXEventConnector.java:261) ~[jaxb-runtime-2.3.1.jar:2.3.1]
	at com.sun.xml.bind.v2.runtime.unmarshaller.StAXEventConnector.bridge(StAXEventConnector.java:130) ~[jaxb-runtime-2.3.1.jar:2.3.1]
	at com.sun.xml.bind.v2.runtime.unmarshaller.UnmarshallerImpl.unmarshal0(UnmarshallerImpl.java:460) ~[jaxb-runtime-2.3.1.jar:2.3.1]
	at com.sun.xml.bind.v2.runtime.unmarshaller.UnmarshallerImpl.unmarshal(UnmarshallerImpl.java:435) ~[jaxb-runtime-2.3.1.jar:2.3.1]
	at org.hibernate.boot.jaxb.internal.AbstractBinder.jaxb(AbstractBinder.java:172) ~[hibernate-core-5.6.15.Final.jar:5.6.15.Final]
	at org.hibernate.boot.jaxb.internal.MappingBinder.doBind(MappingBinder.java:53) ~[hibernate-core-5.6.15.Final.jar:5.6.15.Final]
	at org.hibernate.boot.jaxb.internal.AbstractBinder.doBind(AbstractBinder.java:103) ~[hibernate-core-5.6.15.Final.jar:5.6.15.Final]
	at org.hibernate.boot.jaxb.internal.AbstractBinder.bind(AbstractBinder.java:58) ~[hibernate-core-5.6.15.Final.jar:5.6.15.Final]
	at org.hibernate.boot.jaxb.internal.InputStreamXmlSource.doBind(InputStreamXmlSource.java:43) ~[hibernate-core-5.6.15.Final.jar:5.6.15.Final]
	... 12 more
