[INFO ] 11-05-2025 15:23:19 [AWT-EventQueue-0] Version - HHH000412: Hibernate ORM core version 5.6.15.Final
[WARN ] 11-05-2025 15:23:20 [AWT-EventQueue-0] deprecation - HHH90000012: Recognized obsolete hibernate namespace http://hibernate.sourceforge.net/hibernate-configuration. Use namespace http://www.hibernate.org/dtd/hibernate-configuration instead.  Support for obsolete DTD/XSD namespaces may be removed at any time.
[INFO ] 11-05-2025 15:23:20 [AWT-EventQueue-0] HibernateUtil - Hibernate Schema Mode: UPDATE
[INFO ] 11-05-2025 15:23:20 [AWT-EventQueue-0] Version - HCANN000001: Hibernate Commons Annotations {5.1.2.Final}
[WARN ] 11-05-2025 15:23:21 [AWT-EventQueue-0] deprecation - HHH90000012: Recognized obsolete hibernate namespace http://hibernate.sourceforge.net/hibernate-mapping. Use namespace http://www.hibernate.org/dtd/hibernate-mapping instead.  Support for obsolete DTD/XSD namespaces may be removed at any time.
[WARN ] 11-05-2025 15:23:21 [AWT-EventQueue-0] deprecation - HHH90000012: Recognized obsolete hibernate namespace http://hibernate.sourceforge.net/hibernate-mapping. Use namespace http://www.hibernate.org/dtd/hibernate-mapping instead.  Support for obsolete DTD/XSD namespaces may be removed at any time.
[WARN ] 11-05-2025 15:23:21 [AWT-EventQueue-0] deprecation - HHH90000012: Recognized obsolete hibernate namespace http://hibernate.sourceforge.net/hibernate-mapping. Use namespace http://www.hibernate.org/dtd/hibernate-mapping instead.  Support for obsolete DTD/XSD namespaces may be removed at any time.
[WARN ] 11-05-2025 15:23:21 [AWT-EventQueue-0] deprecation - HHH90000012: Recognized obsolete hibernate namespace http://hibernate.sourceforge.net/hibernate-mapping. Use namespace http://www.hibernate.org/dtd/hibernate-mapping instead.  Support for obsolete DTD/XSD namespaces may be removed at any time.
[INFO ] 11-05-2025 15:23:21 [AWT-EventQueue-0] C3P0ConnectionProvider - HHH010002: C3P0 using driver: oracle.jdbc.OracleDriver at URL: jdbc:oracle:thin:@localhost:1521/orcl
[INFO ] 11-05-2025 15:23:21 [AWT-EventQueue-0] C3P0ConnectionProvider - HHH10001001: Connection properties: {password=****, user=Khanh}
[INFO ] 11-05-2025 15:23:21 [AWT-EventQueue-0] C3P0ConnectionProvider - HHH10001003: Autocommit mode: false
[INFO ] 11-05-2025 15:23:22 [AWT-EventQueue-0] C3P0ConnectionProvider - HHH10001007: JDBC isolation level: <unknown>
[INFO ] 11-05-2025 15:23:23 [AWT-EventQueue-0] Dialect - HHH000400: Using dialect: org.hibernate.dialect.Oracle12cDialect
[INFO ] 11-05-2025 15:23:25 [AWT-EventQueue-0] access - HHH10001501: Connection obtained from JdbcConnectionAccess [org.hibernate.engine.jdbc.env.internal.JdbcEnvironmentInitiator$ConnectionProviderJdbcConnectionAccess@3f72a03f] for (non-JTA) DDL execution was not in auto-commit mode; the Connection 'local transaction' will be committed and the Connection will be set into auto-commit mode.
[INFO ] 11-05-2025 15:23:25 [AWT-EventQueue-0] access - HHH10001501: Connection obtained from JdbcConnectionAccess [org.hibernate.engine.jdbc.env.internal.JdbcEnvironmentInitiator$ConnectionProviderJdbcConnectionAccess@2fcb12af] for (non-JTA) DDL execution was not in auto-commit mode; the Connection 'local transaction' will be committed and the Connection will be set into auto-commit mode.
[INFO ] 11-05-2025 15:23:46 [AWT-EventQueue-0] JtaPlatformInitiator - HHH000490: Using JtaPlatform implementation: [org.hibernate.engine.transaction.jta.platform.internal.NoJtaPlatform]
[INFO ] 11-05-2025 15:23:46 [AWT-EventQueue-0] HashService - HashService initialized with SHA-256
[INFO ] 11-05-2025 15:23:47 [AWT-EventQueue-0] CategoryDao - All categories retrieved successfully. Total count: 3
[INFO ] 11-05-2025 15:23:47 [AWT-EventQueue-0] ProductDao - All products retrieved successfully with pagination. Total count: 0
[INFO ] 11-05-2025 15:23:47 [AWT-EventQueue-0] ProductDao - All products retrieved successfully with pagination. Total count: 0
[INFO ] 11-05-2025 15:23:52 [AWT-EventQueue-0] EmployeeDao - All Employees retrieved successfully from database. Total count: 13
[INFO ] 11-05-2025 15:23:52 [AWT-EventQueue-0] PersonServiceImpl - All Employees retrieved
[INFO ] 11-05-2025 15:24:02 [AWT-EventQueue-0] CategoryDao - All categories retrieved successfully. Total count: 3
[INFO ] 11-05-2025 15:24:02 [AWT-EventQueue-0] ProductDao - All products retrieved successfully with pagination. Total count: 0
[INFO ] 11-05-2025 15:24:02 [AWT-EventQueue-0] ProductDao - All products retrieved successfully with pagination. Total count: 0
[INFO ] 11-05-2025 15:24:10 [AWT-EventQueue-0] EmployeeDao - All Employees retrieved successfully from database. Total count: 13
[INFO ] 11-05-2025 15:24:10 [AWT-EventQueue-0] PersonServiceImpl - All Employees retrieved
[INFO ] 11-05-2025 15:24:13 [AWT-EventQueue-0] CustomerDao - All Customers retrieved successfully from database. Total count: 2
[INFO ] 11-05-2025 15:24:13 [AWT-EventQueue-0] PersonServiceImpl - All Customers retrieved
[INFO ] 11-05-2025 15:24:13 [AWT-EventQueue-0] CustomerDao - All Customers retrieved successfully from database. Total count: 2
[INFO ] 11-05-2025 15:24:13 [AWT-EventQueue-0] PersonServiceImpl - All Customers retrieved
[INFO ] 11-05-2025 15:24:18 [AWT-EventQueue-0] StoreDao - All Stores retrieved successfully with pagination
[INFO ] 11-05-2025 15:24:20 [AWT-EventQueue-0] EmployeeDao - All Employees retrieved successfully from database. Total count: 13
[INFO ] 11-05-2025 15:24:20 [AWT-EventQueue-0] PersonServiceImpl - All Employees retrieved
[INFO ] 11-05-2025 15:24:23 [AWT-EventQueue-0] EmployeeDao - All Employees retrieved successfully from database. Total count: 13
[INFO ] 11-05-2025 15:24:23 [AWT-EventQueue-0] PersonServiceImpl - All Employees retrieved
[INFO ] 11-05-2025 15:24:26 [AWT-EventQueue-0] EmployeeDao - All Employees retrieved successfully from database. Total count: 13
[INFO ] 11-05-2025 15:24:26 [AWT-EventQueue-0] PersonServiceImpl - All Employees retrieved
[INFO ] 11-05-2025 15:24:33 [AWT-EventQueue-0] CategoryDao - All categories retrieved successfully. Total count: 3
[INFO ] 11-05-2025 15:24:33 [AWT-EventQueue-0] ProductDao - All products retrieved successfully with pagination. Total count: 0
[INFO ] 11-05-2025 15:24:33 [AWT-EventQueue-0] ProductDao - All products retrieved successfully with pagination. Total count: 0
[INFO ] 11-05-2025 15:24:40 [AWT-EventQueue-0] ProductDao - All products retrieved successfully with pagination. Total count: 0
[INFO ] 11-05-2025 15:24:40 [AWT-EventQueue-0] ProductDao - All products retrieved successfully with pagination. Total count: 0
[INFO ] 11-05-2025 15:24:42 [AWT-EventQueue-0] ProductDao - All products retrieved successfully with pagination. Total count: 0
[INFO ] 11-05-2025 15:24:42 [AWT-EventQueue-0] ProductDao - All products retrieved successfully with pagination. Total count: 0
[INFO ] 11-05-2025 15:24:52 [AWT-EventQueue-0] CategoryDao - Category with name: Coffee retrieved successfully.
[INFO ] 11-05-2025 15:25:01 [AWT-EventQueue-0] CustomerDao - All Customers retrieved successfully from database. Total count: 2
[INFO ] 11-05-2025 15:25:01 [AWT-EventQueue-0] PersonServiceImpl - All Customers retrieved
[INFO ] 11-05-2025 15:25:01 [AWT-EventQueue-0] CustomerDao - All Customers retrieved successfully from database. Total count: 2
[INFO ] 11-05-2025 15:25:01 [AWT-EventQueue-0] PersonServiceImpl - All Customers retrieved
[INFO ] 11-05-2025 15:25:58 [AWT-EventQueue-0] CustomerDao - No Customer found with phone: 111111111
[INFO ] 11-05-2025 15:25:58 [AWT-EventQueue-0] PersonServiceImpl - Customer with phone 111111111 retrieved
[INFO ] 11-05-2025 15:25:58 [AWT-EventQueue-0] CustomerDao - Customer persisted in database successfully
[INFO ] 11-05-2025 15:25:58 [AWT-EventQueue-0] PersonServiceImpl - Customer created
[INFO ] 11-05-2025 15:25:58 [AWT-EventQueue-0] CustomerDao - All Customers retrieved successfully from database. Total count: 3
[INFO ] 11-05-2025 15:25:58 [AWT-EventQueue-0] PersonServiceImpl - All Customers retrieved
[INFO ] 11-05-2025 15:25:58 [AWT-EventQueue-0] CustomerDao - All Customers retrieved successfully from database. Total count: 3
[INFO ] 11-05-2025 15:25:58 [AWT-EventQueue-0] PersonServiceImpl - All Customers retrieved
[INFO ] 11-05-2025 15:26:03 [AWT-EventQueue-0] EmployeeDao - All Employees retrieved successfully from database. Total count: 13
[INFO ] 11-05-2025 15:26:03 [AWT-EventQueue-0] PersonServiceImpl - All Employees retrieved
[INFO ] 11-05-2025 15:26:07 [AWT-EventQueue-0] EmployeeDao - All Employees retrieved successfully from database. Total count: 13
[INFO ] 11-05-2025 15:26:07 [AWT-EventQueue-0] PersonServiceImpl - All Employees retrieved
[INFO ] 11-05-2025 15:32:18 [AWT-EventQueue-0] StoreDao - All Stores retrieved successfully with pagination
[INFO ] 11-05-2025 15:32:23 [AWT-EventQueue-0] EmployeeDao - All Employees retrieved successfully from database. Total count: 13
[INFO ] 11-05-2025 15:32:23 [AWT-EventQueue-0] PersonServiceImpl - All Employees retrieved
[INFO ] 11-05-2025 15:32:27 [AWT-EventQueue-0] CategoryDao - All categories retrieved successfully. Total count: 3
[INFO ] 11-05-2025 15:32:27 [AWT-EventQueue-0] ProductDao - All products retrieved successfully with pagination. Total count: 0
[INFO ] 11-05-2025 15:32:27 [AWT-EventQueue-0] ProductDao - All products retrieved successfully with pagination. Total count: 0
[INFO ] 11-05-2025 15:32:30 [AWT-EventQueue-0] CategoryDao - All categories retrieved successfully. Total count: 3
[INFO ] 11-05-2025 18:42:23 [AWT-EventQueue-0] Version - HHH000412: Hibernate ORM core version 5.6.15.Final
[WARN ] 11-05-2025 18:42:23 [AWT-EventQueue-0] deprecation - HHH90000012: Recognized obsolete hibernate namespace http://hibernate.sourceforge.net/hibernate-configuration. Use namespace http://www.hibernate.org/dtd/hibernate-configuration instead.  Support for obsolete DTD/XSD namespaces may be removed at any time.
[INFO ] 11-05-2025 18:42:23 [AWT-EventQueue-0] HibernateUtil - Hibernate Schema Mode: UPDATE
[INFO ] 11-05-2025 18:42:23 [AWT-EventQueue-0] Version - HCANN000001: Hibernate Commons Annotations {5.1.2.Final}
[WARN ] 11-05-2025 18:42:24 [AWT-EventQueue-0] deprecation - HHH90000012: Recognized obsolete hibernate namespace http://hibernate.sourceforge.net/hibernate-mapping. Use namespace http://www.hibernate.org/dtd/hibernate-mapping instead.  Support for obsolete DTD/XSD namespaces may be removed at any time.
[WARN ] 11-05-2025 18:42:24 [AWT-EventQueue-0] deprecation - HHH90000012: Recognized obsolete hibernate namespace http://hibernate.sourceforge.net/hibernate-mapping. Use namespace http://www.hibernate.org/dtd/hibernate-mapping instead.  Support for obsolete DTD/XSD namespaces may be removed at any time.
[WARN ] 11-05-2025 18:42:24 [AWT-EventQueue-0] deprecation - HHH90000012: Recognized obsolete hibernate namespace http://hibernate.sourceforge.net/hibernate-mapping. Use namespace http://www.hibernate.org/dtd/hibernate-mapping instead.  Support for obsolete DTD/XSD namespaces may be removed at any time.
[WARN ] 11-05-2025 18:42:24 [AWT-EventQueue-0] deprecation - HHH90000012: Recognized obsolete hibernate namespace http://hibernate.sourceforge.net/hibernate-mapping. Use namespace http://www.hibernate.org/dtd/hibernate-mapping instead.  Support for obsolete DTD/XSD namespaces may be removed at any time.
[INFO ] 11-05-2025 18:42:24 [AWT-EventQueue-0] C3P0ConnectionProvider - HHH010002: C3P0 using driver: oracle.jdbc.OracleDriver at URL: jdbc:oracle:thin:@localhost:1521/orcl
[INFO ] 11-05-2025 18:42:24 [AWT-EventQueue-0] C3P0ConnectionProvider - HHH10001001: Connection properties: {password=****, user=Khanh}
[INFO ] 11-05-2025 18:42:24 [AWT-EventQueue-0] C3P0ConnectionProvider - HHH10001003: Autocommit mode: false
[INFO ] 11-05-2025 18:42:24 [AWT-EventQueue-0] C3P0ConnectionProvider - HHH10001007: JDBC isolation level: <unknown>
[INFO ] 11-05-2025 18:42:25 [AWT-EventQueue-0] Dialect - HHH000400: Using dialect: org.hibernate.dialect.Oracle12cDialect
[INFO ] 11-05-2025 18:42:27 [AWT-EventQueue-0] access - HHH10001501: Connection obtained from JdbcConnectionAccess [org.hibernate.engine.jdbc.env.internal.JdbcEnvironmentInitiator$ConnectionProviderJdbcConnectionAccess@3ca6d111] for (non-JTA) DDL execution was not in auto-commit mode; the Connection 'local transaction' will be committed and the Connection will be set into auto-commit mode.
[INFO ] 11-05-2025 18:42:27 [AWT-EventQueue-0] access - HHH10001501: Connection obtained from JdbcConnectionAccess [org.hibernate.engine.jdbc.env.internal.JdbcEnvironmentInitiator$ConnectionProviderJdbcConnectionAccess@7daa204] for (non-JTA) DDL execution was not in auto-commit mode; the Connection 'local transaction' will be committed and the Connection will be set into auto-commit mode.
[INFO ] 11-05-2025 18:42:29 [AWT-EventQueue-0] JtaPlatformInitiator - HHH000490: Using JtaPlatform implementation: [org.hibernate.engine.transaction.jta.platform.internal.NoJtaPlatform]
[INFO ] 11-05-2025 18:42:29 [AWT-EventQueue-0] HashService - HashService initialized with SHA-256
[INFO ] 11-05-2025 18:42:30 [AWT-EventQueue-0] CategoryDao - All categories retrieved successfully. Total count: 3
[INFO ] 11-05-2025 18:42:30 [AWT-EventQueue-0] ProductDao - All products retrieved successfully with pagination. Total count: 0
[INFO ] 11-05-2025 18:42:30 [AWT-EventQueue-0] ProductDao - All products retrieved successfully with pagination. Total count: 0
[INFO ] 11-05-2025 18:48:35 [AWT-EventQueue-0] Version - HHH000412: Hibernate ORM core version 5.6.15.Final
[WARN ] 11-05-2025 18:48:35 [AWT-EventQueue-0] deprecation - HHH90000012: Recognized obsolete hibernate namespace http://hibernate.sourceforge.net/hibernate-configuration. Use namespace http://www.hibernate.org/dtd/hibernate-configuration instead.  Support for obsolete DTD/XSD namespaces may be removed at any time.
[INFO ] 11-05-2025 18:48:36 [AWT-EventQueue-0] HibernateUtil - Hibernate Schema Mode: UPDATE
[INFO ] 11-05-2025 18:48:36 [AWT-EventQueue-0] Version - HCANN000001: Hibernate Commons Annotations {5.1.2.Final}
[WARN ] 11-05-2025 18:48:36 [AWT-EventQueue-0] deprecation - HHH90000012: Recognized obsolete hibernate namespace http://hibernate.sourceforge.net/hibernate-mapping. Use namespace http://www.hibernate.org/dtd/hibernate-mapping instead.  Support for obsolete DTD/XSD namespaces may be removed at any time.
[WARN ] 11-05-2025 18:48:36 [AWT-EventQueue-0] deprecation - HHH90000012: Recognized obsolete hibernate namespace http://hibernate.sourceforge.net/hibernate-mapping. Use namespace http://www.hibernate.org/dtd/hibernate-mapping instead.  Support for obsolete DTD/XSD namespaces may be removed at any time.
[WARN ] 11-05-2025 18:48:36 [AWT-EventQueue-0] deprecation - HHH90000012: Recognized obsolete hibernate namespace http://hibernate.sourceforge.net/hibernate-mapping. Use namespace http://www.hibernate.org/dtd/hibernate-mapping instead.  Support for obsolete DTD/XSD namespaces may be removed at any time.
[WARN ] 11-05-2025 18:48:36 [AWT-EventQueue-0] deprecation - HHH90000012: Recognized obsolete hibernate namespace http://hibernate.sourceforge.net/hibernate-mapping. Use namespace http://www.hibernate.org/dtd/hibernate-mapping instead.  Support for obsolete DTD/XSD namespaces may be removed at any time.
[INFO ] 11-05-2025 18:48:36 [AWT-EventQueue-0] C3P0ConnectionProvider - HHH010002: C3P0 using driver: oracle.jdbc.OracleDriver at URL: jdbc:oracle:thin:@localhost:1521/orcl
[INFO ] 11-05-2025 18:48:36 [AWT-EventQueue-0] C3P0ConnectionProvider - HHH10001001: Connection properties: {password=****, user=Khanh}
[INFO ] 11-05-2025 18:48:36 [AWT-EventQueue-0] C3P0ConnectionProvider - HHH10001003: Autocommit mode: false
[INFO ] 11-05-2025 18:48:37 [AWT-EventQueue-0] C3P0ConnectionProvider - HHH10001007: JDBC isolation level: <unknown>
[INFO ] 11-05-2025 18:48:38 [AWT-EventQueue-0] Dialect - HHH000400: Using dialect: org.hibernate.dialect.Oracle12cDialect
[INFO ] 11-05-2025 18:48:39 [AWT-EventQueue-0] access - HHH10001501: Connection obtained from JdbcConnectionAccess [org.hibernate.engine.jdbc.env.internal.JdbcEnvironmentInitiator$ConnectionProviderJdbcConnectionAccess@3ca6d111] for (non-JTA) DDL execution was not in auto-commit mode; the Connection 'local transaction' will be committed and the Connection will be set into auto-commit mode.
[INFO ] 11-05-2025 18:48:39 [AWT-EventQueue-0] access - HHH10001501: Connection obtained from JdbcConnectionAccess [org.hibernate.engine.jdbc.env.internal.JdbcEnvironmentInitiator$ConnectionProviderJdbcConnectionAccess@7daa204] for (non-JTA) DDL execution was not in auto-commit mode; the Connection 'local transaction' will be committed and the Connection will be set into auto-commit mode.
[INFO ] 11-05-2025 18:48:45 [AWT-EventQueue-0] JtaPlatformInitiator - HHH000490: Using JtaPlatform implementation: [org.hibernate.engine.transaction.jta.platform.internal.NoJtaPlatform]
[INFO ] 11-05-2025 18:48:45 [AWT-EventQueue-0] HashService - HashService initialized with SHA-256
[INFO ] 11-05-2025 18:48:46 [AWT-EventQueue-0] CategoryDao - All categories retrieved successfully. Total count: 3
[INFO ] 11-05-2025 18:48:46 [AWT-EventQueue-0] ProductDao - All products retrieved successfully with pagination. Total count: 0
[INFO ] 11-05-2025 18:48:46 [AWT-EventQueue-0] ProductDao - All products retrieved successfully with pagination. Total count: 0
[INFO ] 11-05-2025 19:09:19 [AWT-EventQueue-0] Version - HHH000412: Hibernate ORM core version 5.6.15.Final
[WARN ] 11-05-2025 19:09:19 [AWT-EventQueue-0] deprecation - HHH90000012: Recognized obsolete hibernate namespace http://hibernate.sourceforge.net/hibernate-configuration. Use namespace http://www.hibernate.org/dtd/hibernate-configuration instead.  Support for obsolete DTD/XSD namespaces may be removed at any time.
[INFO ] 11-05-2025 19:09:20 [AWT-EventQueue-0] HibernateUtil - Hibernate Schema Mode: UPDATE
[INFO ] 11-05-2025 19:09:20 [AWT-EventQueue-0] Version - HCANN000001: Hibernate Commons Annotations {5.1.2.Final}
[WARN ] 11-05-2025 19:09:20 [AWT-EventQueue-0] deprecation - HHH90000012: Recognized obsolete hibernate namespace http://hibernate.sourceforge.net/hibernate-mapping. Use namespace http://www.hibernate.org/dtd/hibernate-mapping instead.  Support for obsolete DTD/XSD namespaces may be removed at any time.
[WARN ] 11-05-2025 19:09:20 [AWT-EventQueue-0] deprecation - HHH90000012: Recognized obsolete hibernate namespace http://hibernate.sourceforge.net/hibernate-mapping. Use namespace http://www.hibernate.org/dtd/hibernate-mapping instead.  Support for obsolete DTD/XSD namespaces may be removed at any time.
[WARN ] 11-05-2025 19:09:20 [AWT-EventQueue-0] deprecation - HHH90000012: Recognized obsolete hibernate namespace http://hibernate.sourceforge.net/hibernate-mapping. Use namespace http://www.hibernate.org/dtd/hibernate-mapping instead.  Support for obsolete DTD/XSD namespaces may be removed at any time.
[WARN ] 11-05-2025 19:09:20 [AWT-EventQueue-0] deprecation - HHH90000012: Recognized obsolete hibernate namespace http://hibernate.sourceforge.net/hibernate-mapping. Use namespace http://www.hibernate.org/dtd/hibernate-mapping instead.  Support for obsolete DTD/XSD namespaces may be removed at any time.
[INFO ] 11-05-2025 19:09:20 [AWT-EventQueue-0] C3P0ConnectionProvider - HHH010002: C3P0 using driver: oracle.jdbc.OracleDriver at URL: jdbc:oracle:thin:@localhost:1521/orcl
[INFO ] 11-05-2025 19:09:20 [AWT-EventQueue-0] C3P0ConnectionProvider - HHH10001001: Connection properties: {password=****, user=Khanh}
[INFO ] 11-05-2025 19:09:20 [AWT-EventQueue-0] C3P0ConnectionProvider - HHH10001003: Autocommit mode: false
[INFO ] 11-05-2025 19:09:21 [AWT-EventQueue-0] C3P0ConnectionProvider - HHH10001007: JDBC isolation level: <unknown>
[INFO ] 11-05-2025 19:09:22 [AWT-EventQueue-0] Dialect - HHH000400: Using dialect: org.hibernate.dialect.Oracle12cDialect
[INFO ] 11-05-2025 19:09:23 [AWT-EventQueue-0] access - HHH10001501: Connection obtained from JdbcConnectionAccess [org.hibernate.engine.jdbc.env.internal.JdbcEnvironmentInitiator$ConnectionProviderJdbcConnectionAccess@51efdf10] for (non-JTA) DDL execution was not in auto-commit mode; the Connection 'local transaction' will be committed and the Connection will be set into auto-commit mode.
[INFO ] 11-05-2025 19:09:23 [AWT-EventQueue-0] access - HHH10001501: Connection obtained from JdbcConnectionAccess [org.hibernate.engine.jdbc.env.internal.JdbcEnvironmentInitiator$ConnectionProviderJdbcConnectionAccess@28dfec79] for (non-JTA) DDL execution was not in auto-commit mode; the Connection 'local transaction' will be committed and the Connection will be set into auto-commit mode.
[INFO ] 11-05-2025 19:09:24 [AWT-EventQueue-0] JtaPlatformInitiator - HHH000490: Using JtaPlatform implementation: [org.hibernate.engine.transaction.jta.platform.internal.NoJtaPlatform]
[INFO ] 11-05-2025 19:09:24 [AWT-EventQueue-0] HashService - HashService initialized with SHA-256
[INFO ] 11-05-2025 19:09:25 [AWT-EventQueue-0] CategoryDao - All categories retrieved successfully. Total count: 3
[INFO ] 11-05-2025 19:09:25 [AWT-EventQueue-0] ProductDao - All products retrieved successfully with pagination. Total count: 0
[INFO ] 11-05-2025 19:09:25 [AWT-EventQueue-0] ProductDao - All products retrieved successfully with pagination. Total count: 0
[INFO ] 11-05-2025 19:09:28 [AWT-EventQueue-0] CategoryDao - All categories retrieved successfully. Total count: 3
[INFO ] 11-05-2025 19:10:15 [AWT-EventQueue-0] CategoryDao - Category with name: Deserts retrieved successfully.
[INFO ] 11-05-2025 19:10:15 [AWT-EventQueue-0] CategoryDao - Category updated successfully: Desserts
[INFO ] 11-05-2025 19:10:15 [AWT-EventQueue-0] ProductDao - All products retrieved successfully with pagination. Total count: 0
[INFO ] 11-05-2025 19:10:15 [AWT-EventQueue-0] ProductDao - All products retrieved successfully with pagination. Total count: 0
[INFO ] 11-05-2025 19:10:15 [AWT-EventQueue-0] CategoryDao - All categories retrieved successfully. Total count: 3
[INFO ] 11-05-2025 19:10:15 [AWT-EventQueue-0] ProductDao - All products retrieved successfully with pagination. Total count: 0
[INFO ] 11-05-2025 19:10:15 [AWT-EventQueue-0] ProductDao - All products retrieved successfully with pagination. Total count: 0
[INFO ] 11-05-2025 19:10:15 [AWT-EventQueue-0] ProductDao - All products retrieved successfully with pagination. Total count: 0
[INFO ] 11-05-2025 19:10:15 [AWT-EventQueue-0] ProductDao - All products retrieved successfully with pagination. Total count: 0
[INFO ] 11-05-2025 19:10:37 [AWT-EventQueue-0] CategoryDao - All categories retrieved successfully. Total count: 3
[INFO ] 11-05-2025 19:23:32 [AWT-EventQueue-0] Version - HHH000412: Hibernate ORM core version 5.6.15.Final
[WARN ] 11-05-2025 19:23:32 [AWT-EventQueue-0] deprecation - HHH90000012: Recognized obsolete hibernate namespace http://hibernate.sourceforge.net/hibernate-configuration. Use namespace http://www.hibernate.org/dtd/hibernate-configuration instead.  Support for obsolete DTD/XSD namespaces may be removed at any time.
[INFO ] 11-05-2025 19:23:33 [AWT-EventQueue-0] HibernateUtil - Hibernate Schema Mode: UPDATE
[INFO ] 11-05-2025 19:23:33 [AWT-EventQueue-0] Version - HCANN000001: Hibernate Commons Annotations {5.1.2.Final}
[WARN ] 11-05-2025 19:23:33 [AWT-EventQueue-0] deprecation - HHH90000012: Recognized obsolete hibernate namespace http://hibernate.sourceforge.net/hibernate-mapping. Use namespace http://www.hibernate.org/dtd/hibernate-mapping instead.  Support for obsolete DTD/XSD namespaces may be removed at any time.
[WARN ] 11-05-2025 19:23:33 [AWT-EventQueue-0] deprecation - HHH90000012: Recognized obsolete hibernate namespace http://hibernate.sourceforge.net/hibernate-mapping. Use namespace http://www.hibernate.org/dtd/hibernate-mapping instead.  Support for obsolete DTD/XSD namespaces may be removed at any time.
[WARN ] 11-05-2025 19:23:33 [AWT-EventQueue-0] deprecation - HHH90000012: Recognized obsolete hibernate namespace http://hibernate.sourceforge.net/hibernate-mapping. Use namespace http://www.hibernate.org/dtd/hibernate-mapping instead.  Support for obsolete DTD/XSD namespaces may be removed at any time.
[WARN ] 11-05-2025 19:23:33 [AWT-EventQueue-0] deprecation - HHH90000012: Recognized obsolete hibernate namespace http://hibernate.sourceforge.net/hibernate-mapping. Use namespace http://www.hibernate.org/dtd/hibernate-mapping instead.  Support for obsolete DTD/XSD namespaces may be removed at any time.
[INFO ] 11-05-2025 19:23:33 [AWT-EventQueue-0] C3P0ConnectionProvider - HHH010002: C3P0 using driver: oracle.jdbc.OracleDriver at URL: jdbc:oracle:thin:@localhost:1521/orcl
[INFO ] 11-05-2025 19:23:33 [AWT-EventQueue-0] C3P0ConnectionProvider - HHH10001001: Connection properties: {password=****, user=Khanh}
[INFO ] 11-05-2025 19:23:33 [AWT-EventQueue-0] C3P0ConnectionProvider - HHH10001003: Autocommit mode: false
[INFO ] 11-05-2025 19:23:34 [AWT-EventQueue-0] C3P0ConnectionProvider - HHH10001007: JDBC isolation level: <unknown>
[INFO ] 11-05-2025 19:23:34 [AWT-EventQueue-0] Dialect - HHH000400: Using dialect: org.hibernate.dialect.Oracle12cDialect
[INFO ] 11-05-2025 19:23:36 [AWT-EventQueue-0] access - HHH10001501: Connection obtained from JdbcConnectionAccess [org.hibernate.engine.jdbc.env.internal.JdbcEnvironmentInitiator$ConnectionProviderJdbcConnectionAccess@10396184] for (non-JTA) DDL execution was not in auto-commit mode; the Connection 'local transaction' will be committed and the Connection will be set into auto-commit mode.
[INFO ] 11-05-2025 19:23:36 [AWT-EventQueue-0] access - HHH10001501: Connection obtained from JdbcConnectionAccess [org.hibernate.engine.jdbc.env.internal.JdbcEnvironmentInitiator$ConnectionProviderJdbcConnectionAccess@200c91da] for (non-JTA) DDL execution was not in auto-commit mode; the Connection 'local transaction' will be committed and the Connection will be set into auto-commit mode.
[INFO ] 11-05-2025 19:23:36 [AWT-EventQueue-0] JtaPlatformInitiator - HHH000490: Using JtaPlatform implementation: [org.hibernate.engine.transaction.jta.platform.internal.NoJtaPlatform]
[INFO ] 11-05-2025 19:23:36 [AWT-EventQueue-0] HashService - HashService initialized with SHA-256
[INFO ] 11-05-2025 19:23:37 [AWT-EventQueue-0] CategoryDao - All categories retrieved successfully. Total count: 3
[INFO ] 11-05-2025 19:23:37 [AWT-EventQueue-0] ProductDao - All products retrieved successfully with pagination. Total count: 0
[INFO ] 11-05-2025 19:23:37 [AWT-EventQueue-0] ProductDao - All products retrieved successfully with pagination. Total count: 0
[INFO ] 11-05-2025 19:23:48 [AWT-EventQueue-0] CategoryDao - All categories retrieved successfully. Total count: 3
[INFO ] 11-05-2025 19:28:38 [AWT-EventQueue-0] Version - HHH000412: Hibernate ORM core version 5.6.15.Final
[WARN ] 11-05-2025 19:28:38 [AWT-EventQueue-0] deprecation - HHH90000012: Recognized obsolete hibernate namespace http://hibernate.sourceforge.net/hibernate-configuration. Use namespace http://www.hibernate.org/dtd/hibernate-configuration instead.  Support for obsolete DTD/XSD namespaces may be removed at any time.
[INFO ] 11-05-2025 19:28:38 [AWT-EventQueue-0] HibernateUtil - Hibernate Schema Mode: UPDATE
[INFO ] 11-05-2025 19:28:38 [AWT-EventQueue-0] Version - HCANN000001: Hibernate Commons Annotations {5.1.2.Final}
[WARN ] 11-05-2025 19:28:38 [AWT-EventQueue-0] deprecation - HHH90000012: Recognized obsolete hibernate namespace http://hibernate.sourceforge.net/hibernate-mapping. Use namespace http://www.hibernate.org/dtd/hibernate-mapping instead.  Support for obsolete DTD/XSD namespaces may be removed at any time.
[WARN ] 11-05-2025 19:28:39 [AWT-EventQueue-0] deprecation - HHH90000012: Recognized obsolete hibernate namespace http://hibernate.sourceforge.net/hibernate-mapping. Use namespace http://www.hibernate.org/dtd/hibernate-mapping instead.  Support for obsolete DTD/XSD namespaces may be removed at any time.
[WARN ] 11-05-2025 19:28:39 [AWT-EventQueue-0] deprecation - HHH90000012: Recognized obsolete hibernate namespace http://hibernate.sourceforge.net/hibernate-mapping. Use namespace http://www.hibernate.org/dtd/hibernate-mapping instead.  Support for obsolete DTD/XSD namespaces may be removed at any time.
[WARN ] 11-05-2025 19:28:39 [AWT-EventQueue-0] deprecation - HHH90000012: Recognized obsolete hibernate namespace http://hibernate.sourceforge.net/hibernate-mapping. Use namespace http://www.hibernate.org/dtd/hibernate-mapping instead.  Support for obsolete DTD/XSD namespaces may be removed at any time.
[INFO ] 11-05-2025 19:28:39 [AWT-EventQueue-0] C3P0ConnectionProvider - HHH010002: C3P0 using driver: oracle.jdbc.OracleDriver at URL: jdbc:oracle:thin:@localhost:1521/orcl
[INFO ] 11-05-2025 19:28:39 [AWT-EventQueue-0] C3P0ConnectionProvider - HHH10001001: Connection properties: {password=****, user=Khanh}
[INFO ] 11-05-2025 19:28:39 [AWT-EventQueue-0] C3P0ConnectionProvider - HHH10001003: Autocommit mode: false
[INFO ] 11-05-2025 19:28:39 [AWT-EventQueue-0] C3P0ConnectionProvider - HHH10001007: JDBC isolation level: <unknown>
[INFO ] 11-05-2025 19:28:40 [AWT-EventQueue-0] Dialect - HHH000400: Using dialect: org.hibernate.dialect.Oracle12cDialect
[INFO ] 11-05-2025 19:28:41 [AWT-EventQueue-0] access - HHH10001501: Connection obtained from JdbcConnectionAccess [org.hibernate.engine.jdbc.env.internal.JdbcEnvironmentInitiator$ConnectionProviderJdbcConnectionAccess@69515e2b] for (non-JTA) DDL execution was not in auto-commit mode; the Connection 'local transaction' will be committed and the Connection will be set into auto-commit mode.
[INFO ] 11-05-2025 19:28:41 [AWT-EventQueue-0] access - HHH10001501: Connection obtained from JdbcConnectionAccess [org.hibernate.engine.jdbc.env.internal.JdbcEnvironmentInitiator$ConnectionProviderJdbcConnectionAccess@7018d373] for (non-JTA) DDL execution was not in auto-commit mode; the Connection 'local transaction' will be committed and the Connection will be set into auto-commit mode.
[INFO ] 11-05-2025 19:28:41 [AWT-EventQueue-0] JtaPlatformInitiator - HHH000490: Using JtaPlatform implementation: [org.hibernate.engine.transaction.jta.platform.internal.NoJtaPlatform]
[INFO ] 11-05-2025 19:28:41 [AWT-EventQueue-0] HashService - HashService initialized with SHA-256
[INFO ] 11-05-2025 19:28:42 [AWT-EventQueue-0] CategoryDao - All categories retrieved successfully. Total count: 3
[INFO ] 11-05-2025 19:28:42 [AWT-EventQueue-0] ProductDao - All products retrieved successfully with pagination. Total count: 0
[INFO ] 11-05-2025 19:28:42 [AWT-EventQueue-0] ProductDao - All products retrieved successfully with pagination. Total count: 0
[INFO ] 11-05-2025 19:29:03 [AWT-EventQueue-0] CategoryDao - All categories retrieved successfully. Total count: 3
[ERROR] 11-05-2025 19:29:37 [AWT-EventQueue-0] ProductDao - Error while saving Product
java.lang.ClassCastException: class java.util.ArrayList cannot be cast to class java.util.Set (java.util.ArrayList and java.util.Set are in module java.base of loader 'bootstrap')
	at org.hibernate.type.SetType.wrap(SetType.java:43) ~[hibernate-core-5.6.15.Final.jar:5.6.15.Final]
	at org.hibernate.event.internal.WrapVisitor.processArrayOrNewCollection(WrapVisitor.java:117) ~[hibernate-core-5.6.15.Final.jar:5.6.15.Final]
	at org.hibernate.event.internal.WrapVisitor.processCollection(WrapVisitor.java:79) ~[hibernate-core-5.6.15.Final.jar:5.6.15.Final]
	at org.hibernate.event.internal.AbstractVisitor.processValue(AbstractVisitor.java:104) ~[hibernate-core-5.6.15.Final.jar:5.6.15.Final]
	at org.hibernate.event.internal.WrapVisitor.processValue(WrapVisitor.java:132) ~[hibernate-core-5.6.15.Final.jar:5.6.15.Final]
	at org.hibernate.event.internal.AbstractVisitor.processEntityPropertyValues(AbstractVisitor.java:59) ~[hibernate-core-5.6.15.Final.jar:5.6.15.Final]
	at org.hibernate.event.internal.AbstractSaveEventListener.visitCollectionsBeforeSave(AbstractSaveEventListener.java:365) ~[hibernate-core-5.6.15.Final.jar:5.6.15.Final]
	at org.hibernate.event.internal.AbstractSaveEventListener.performSaveOrReplicate(AbstractSaveEventListener.java:271) ~[hibernate-core-5.6.15.Final.jar:5.6.15.Final]
	at org.hibernate.event.internal.AbstractSaveEventListener.performSave(AbstractSaveEventListener.java:192) ~[hibernate-core-5.6.15.Final.jar:5.6.15.Final]
	at org.hibernate.event.internal.AbstractSaveEventListener.saveWithGeneratedId(AbstractSaveEventListener.java:134) ~[hibernate-core-5.6.15.Final.jar:5.6.15.Final]
	at org.hibernate.event.internal.DefaultSaveOrUpdateEventListener.saveWithGeneratedOrRequestedId(DefaultSaveOrUpdateEventListener.java:194) ~[hibernate-core-5.6.15.Final.jar:5.6.15.Final]
	at org.hibernate.event.internal.DefaultSaveEventListener.saveWithGeneratedOrRequestedId(DefaultSaveEventListener.java:38) ~[hibernate-core-5.6.15.Final.jar:5.6.15.Final]
	at org.hibernate.event.internal.DefaultSaveOrUpdateEventListener.entityIsTransient(DefaultSaveOrUpdateEventListener.java:179) ~[hibernate-core-5.6.15.Final.jar:5.6.15.Final]
	at org.hibernate.event.internal.DefaultSaveEventListener.performSaveOrUpdate(DefaultSaveEventListener.java:32) ~[hibernate-core-5.6.15.Final.jar:5.6.15.Final]
	at org.hibernate.event.internal.DefaultSaveOrUpdateEventListener.onSaveOrUpdate(DefaultSaveOrUpdateEventListener.java:75) ~[hibernate-core-5.6.15.Final.jar:5.6.15.Final]
	at org.hibernate.event.service.internal.EventListenerGroupImpl.fireEventOnEachListener(EventListenerGroupImpl.java:107) ~[hibernate-core-5.6.15.Final.jar:5.6.15.Final]
	at org.hibernate.internal.SessionImpl.fireSave(SessionImpl.java:672) ~[hibernate-core-5.6.15.Final.jar:5.6.15.Final]
	at org.hibernate.internal.SessionImpl.save(SessionImpl.java:665) ~[hibernate-core-5.6.15.Final.jar:5.6.15.Final]
	at org.hibernate.internal.SessionImpl.save(SessionImpl.java:660) ~[hibernate-core-5.6.15.Final.jar:5.6.15.Final]
	at dao.ProductDao.create(ProductDao.java:38) ~[classes/:?]
	at service.ProductServiceImpl.createProduct(ProductServiceImpl.java:23) ~[classes/:?]
	at ui.ProductListPanel.lambda$12(ProductListPanel.java:460) ~[classes/:?]
	at java.desktop/javax.swing.AbstractButton.fireActionPerformed(AbstractButton.java:1972) ~[?:?]
	at java.desktop/javax.swing.AbstractButton$Handler.actionPerformed(AbstractButton.java:2314) ~[?:?]
	at java.desktop/javax.swing.DefaultButtonModel.fireActionPerformed(DefaultButtonModel.java:407) ~[?:?]
	at java.desktop/javax.swing.DefaultButtonModel.setPressed(DefaultButtonModel.java:262) ~[?:?]
	at java.desktop/javax.swing.plaf.basic.BasicButtonListener.mouseReleased(BasicButtonListener.java:279) ~[?:?]
	at java.desktop/java.awt.Component.processMouseEvent(Component.java:6621) ~[?:?]
	at java.desktop/javax.swing.JComponent.processMouseEvent(JComponent.java:3398) ~[?:?]
	at java.desktop/java.awt.Component.processEvent(Component.java:6386) ~[?:?]
	at java.desktop/java.awt.Container.processEvent(Container.java:2266) ~[?:?]
	at java.desktop/java.awt.Component.dispatchEventImpl(Component.java:4996) ~[?:?]
	at java.desktop/java.awt.Container.dispatchEventImpl(Container.java:2324) ~[?:?]
	at java.desktop/java.awt.Component.dispatchEvent(Component.java:4828) ~[?:?]
	at java.desktop/java.awt.LightweightDispatcher.retargetMouseEvent(Container.java:4948) ~[?:?]
	at java.desktop/java.awt.LightweightDispatcher.processMouseEvent(Container.java:4575) ~[?:?]
	at java.desktop/java.awt.LightweightDispatcher.dispatchEvent(Container.java:4516) ~[?:?]
	at java.desktop/java.awt.Container.dispatchEventImpl(Container.java:2310) ~[?:?]
	at java.desktop/java.awt.Window.dispatchEventImpl(Window.java:2780) ~[?:?]
	at java.desktop/java.awt.Component.dispatchEvent(Component.java:4828) ~[?:?]
	at java.desktop/java.awt.EventQueue.dispatchEventImpl(EventQueue.java:775) ~[?:?]
	at java.desktop/java.awt.EventQueue$4.run(EventQueue.java:720) ~[?:?]
	at java.desktop/java.awt.EventQueue$4.run(EventQueue.java:714) ~[?:?]
	at java.base/java.security.AccessController.doPrivileged(AccessController.java:400) [?:?]
	at java.base/java.security.ProtectionDomain$JavaSecurityAccessImpl.doIntersectionPrivilege(ProtectionDomain.java:87) [?:?]
	at java.base/java.security.ProtectionDomain$JavaSecurityAccessImpl.doIntersectionPrivilege(ProtectionDomain.java:98) [?:?]
	at java.desktop/java.awt.EventQueue$5.run(EventQueue.java:747) [?:?]
	at java.desktop/java.awt.EventQueue$5.run(EventQueue.java:745) [?:?]
	at java.base/java.security.AccessController.doPrivileged(AccessController.java:400) ~[?:?]
	at java.base/java.security.ProtectionDomain$JavaSecurityAccessImpl.doIntersectionPrivilege(ProtectionDomain.java:87) ~[?:?]
	at java.desktop/java.awt.EventQueue.dispatchEvent(EventQueue.java:744) ~[?:?]
	at java.desktop/java.awt.EventDispatchThread.pumpOneEventForFilters(EventDispatchThread.java:203) ~[?:?]
	at java.desktop/java.awt.EventDispatchThread.pumpEventsForFilter(EventDispatchThread.java:124) ~[?:?]
	at java.desktop/java.awt.EventDispatchThread.pumpEventsForFilter(EventDispatchThread.java:117) ~[?:?]
	at java.desktop/java.awt.WaitDispatchSupport$2.run(WaitDispatchSupport.java:191) ~[?:?]
	at java.desktop/java.awt.WaitDispatchSupport$4.run(WaitDispatchSupport.java:236) ~[?:?]
	at java.desktop/java.awt.WaitDispatchSupport$4.run(WaitDispatchSupport.java:234) ~[?:?]
	at java.base/java.security.AccessController.doPrivileged(AccessController.java:319) ~[?:?]
	at java.desktop/java.awt.WaitDispatchSupport.enter(WaitDispatchSupport.java:234) ~[?:?]
	at java.desktop/java.awt.Dialog.show(Dialog.java:1079) ~[?:?]
	at java.desktop/java.awt.Component.show(Component.java:1728) ~[?:?]
	at java.desktop/java.awt.Component.setVisible(Component.java:1675) ~[?:?]
	at java.desktop/java.awt.Window.setVisible(Window.java:1036) ~[?:?]
	at java.desktop/java.awt.Dialog.setVisible(Dialog.java:1015) ~[?:?]
	at ui.ProductListPanel.addDialogButtons(ProductListPanel.java:797) ~[classes/:?]
	at ui.ProductListPanel.showAddProductDialog(ProductListPanel.java:481) ~[classes/:?]
	at ui.ProductListPanel.lambda$3(ProductListPanel.java:114) ~[classes/:?]
	at java.desktop/javax.swing.AbstractButton.fireActionPerformed(AbstractButton.java:1972) ~[?:?]
	at java.desktop/javax.swing.AbstractButton$Handler.actionPerformed(AbstractButton.java:2314) ~[?:?]
	at java.desktop/javax.swing.DefaultButtonModel.fireActionPerformed(DefaultButtonModel.java:407) ~[?:?]
	at java.desktop/javax.swing.DefaultButtonModel.setPressed(DefaultButtonModel.java:262) ~[?:?]
	at java.desktop/javax.swing.plaf.basic.BasicButtonListener.mouseReleased(BasicButtonListener.java:279) ~[?:?]
	at java.desktop/java.awt.Component.processMouseEvent(Component.java:6621) ~[?:?]
	at java.desktop/javax.swing.JComponent.processMouseEvent(JComponent.java:3398) ~[?:?]
	at java.desktop/java.awt.Component.processEvent(Component.java:6386) ~[?:?]
	at java.desktop/java.awt.Container.processEvent(Container.java:2266) ~[?:?]
	at java.desktop/java.awt.Component.dispatchEventImpl(Component.java:4996) ~[?:?]
	at java.desktop/java.awt.Container.dispatchEventImpl(Container.java:2324) ~[?:?]
	at java.desktop/java.awt.Component.dispatchEvent(Component.java:4828) ~[?:?]
	at java.desktop/java.awt.LightweightDispatcher.retargetMouseEvent(Container.java:4948) ~[?:?]
	at java.desktop/java.awt.LightweightDispatcher.processMouseEvent(Container.java:4575) ~[?:?]
	at java.desktop/java.awt.LightweightDispatcher.dispatchEvent(Container.java:4516) ~[?:?]
	at java.desktop/java.awt.Container.dispatchEventImpl(Container.java:2310) ~[?:?]
	at java.desktop/java.awt.Window.dispatchEventImpl(Window.java:2780) ~[?:?]
	at java.desktop/java.awt.Component.dispatchEvent(Component.java:4828) ~[?:?]
	at java.desktop/java.awt.EventQueue.dispatchEventImpl(EventQueue.java:775) ~[?:?]
	at java.desktop/java.awt.EventQueue$4.run(EventQueue.java:720) ~[?:?]
	at java.desktop/java.awt.EventQueue$4.run(EventQueue.java:714) ~[?:?]
	at java.base/java.security.AccessController.doPrivileged(AccessController.java:400) [?:?]
	at java.base/java.security.ProtectionDomain$JavaSecurityAccessImpl.doIntersectionPrivilege(ProtectionDomain.java:87) ~[?:?]
	at java.base/java.security.ProtectionDomain$JavaSecurityAccessImpl.doIntersectionPrivilege(ProtectionDomain.java:98) ~[?:?]
	at java.desktop/java.awt.EventQueue$5.run(EventQueue.java:747) ~[?:?]
	at java.desktop/java.awt.EventQueue$5.run(EventQueue.java:745) ~[?:?]
	at java.base/java.security.AccessController.doPrivileged(AccessController.java:400) [?:?]
	at java.base/java.security.ProtectionDomain$JavaSecurityAccessImpl.doIntersectionPrivilege(ProtectionDomain.java:87) [?:?]
	at java.desktop/java.awt.EventQueue.dispatchEvent(EventQueue.java:744) [?:?]
	at java.desktop/java.awt.EventDispatchThread.pumpOneEventForFilters(EventDispatchThread.java:203) [?:?]
	at java.desktop/java.awt.EventDispatchThread.pumpEventsForFilter(EventDispatchThread.java:124) [?:?]
	at java.desktop/java.awt.EventDispatchThread.pumpEventsForHierarchy(EventDispatchThread.java:113) [?:?]
	at java.desktop/java.awt.EventDispatchThread.pumpEvents(EventDispatchThread.java:109) [?:?]
	at java.desktop/java.awt.EventDispatchThread.pumpEvents(EventDispatchThread.java:101) [?:?]
	at java.desktop/java.awt.EventDispatchThread.run(EventDispatchThread.java:90) [?:?]
[ERROR] 11-05-2025 19:29:37 [AWT-EventQueue-0] ProductServiceImpl - Failed to create product
java.lang.ClassCastException: class java.util.ArrayList cannot be cast to class java.util.Set (java.util.ArrayList and java.util.Set are in module java.base of loader 'bootstrap')
	at org.hibernate.type.SetType.wrap(SetType.java:43) ~[hibernate-core-5.6.15.Final.jar:5.6.15.Final]
	at org.hibernate.event.internal.WrapVisitor.processArrayOrNewCollection(WrapVisitor.java:117) ~[hibernate-core-5.6.15.Final.jar:5.6.15.Final]
	at org.hibernate.event.internal.WrapVisitor.processCollection(WrapVisitor.java:79) ~[hibernate-core-5.6.15.Final.jar:5.6.15.Final]
	at org.hibernate.event.internal.AbstractVisitor.processValue(AbstractVisitor.java:104) ~[hibernate-core-5.6.15.Final.jar:5.6.15.Final]
	at org.hibernate.event.internal.WrapVisitor.processValue(WrapVisitor.java:132) ~[hibernate-core-5.6.15.Final.jar:5.6.15.Final]
	at org.hibernate.event.internal.AbstractVisitor.processEntityPropertyValues(AbstractVisitor.java:59) ~[hibernate-core-5.6.15.Final.jar:5.6.15.Final]
	at org.hibernate.event.internal.AbstractSaveEventListener.visitCollectionsBeforeSave(AbstractSaveEventListener.java:365) ~[hibernate-core-5.6.15.Final.jar:5.6.15.Final]
	at org.hibernate.event.internal.AbstractSaveEventListener.performSaveOrReplicate(AbstractSaveEventListener.java:271) ~[hibernate-core-5.6.15.Final.jar:5.6.15.Final]
	at org.hibernate.event.internal.AbstractSaveEventListener.performSave(AbstractSaveEventListener.java:192) ~[hibernate-core-5.6.15.Final.jar:5.6.15.Final]
	at org.hibernate.event.internal.AbstractSaveEventListener.saveWithGeneratedId(AbstractSaveEventListener.java:134) ~[hibernate-core-5.6.15.Final.jar:5.6.15.Final]
	at org.hibernate.event.internal.DefaultSaveOrUpdateEventListener.saveWithGeneratedOrRequestedId(DefaultSaveOrUpdateEventListener.java:194) ~[hibernate-core-5.6.15.Final.jar:5.6.15.Final]
	at org.hibernate.event.internal.DefaultSaveEventListener.saveWithGeneratedOrRequestedId(DefaultSaveEventListener.java:38) ~[hibernate-core-5.6.15.Final.jar:5.6.15.Final]
	at org.hibernate.event.internal.DefaultSaveOrUpdateEventListener.entityIsTransient(DefaultSaveOrUpdateEventListener.java:179) ~[hibernate-core-5.6.15.Final.jar:5.6.15.Final]
	at org.hibernate.event.internal.DefaultSaveEventListener.performSaveOrUpdate(DefaultSaveEventListener.java:32) ~[hibernate-core-5.6.15.Final.jar:5.6.15.Final]
	at org.hibernate.event.internal.DefaultSaveOrUpdateEventListener.onSaveOrUpdate(DefaultSaveOrUpdateEventListener.java:75) ~[hibernate-core-5.6.15.Final.jar:5.6.15.Final]
	at org.hibernate.event.service.internal.EventListenerGroupImpl.fireEventOnEachListener(EventListenerGroupImpl.java:107) ~[hibernate-core-5.6.15.Final.jar:5.6.15.Final]
	at org.hibernate.internal.SessionImpl.fireSave(SessionImpl.java:672) ~[hibernate-core-5.6.15.Final.jar:5.6.15.Final]
	at org.hibernate.internal.SessionImpl.save(SessionImpl.java:665) ~[hibernate-core-5.6.15.Final.jar:5.6.15.Final]
	at org.hibernate.internal.SessionImpl.save(SessionImpl.java:660) ~[hibernate-core-5.6.15.Final.jar:5.6.15.Final]
	at dao.ProductDao.create(ProductDao.java:38) ~[classes/:?]
	at service.ProductServiceImpl.createProduct(ProductServiceImpl.java:23) ~[classes/:?]
	at ui.ProductListPanel.lambda$12(ProductListPanel.java:460) ~[classes/:?]
	at java.desktop/javax.swing.AbstractButton.fireActionPerformed(AbstractButton.java:1972) ~[?:?]
	at java.desktop/javax.swing.AbstractButton$Handler.actionPerformed(AbstractButton.java:2314) ~[?:?]
	at java.desktop/javax.swing.DefaultButtonModel.fireActionPerformed(DefaultButtonModel.java:407) ~[?:?]
	at java.desktop/javax.swing.DefaultButtonModel.setPressed(DefaultButtonModel.java:262) ~[?:?]
	at java.desktop/javax.swing.plaf.basic.BasicButtonListener.mouseReleased(BasicButtonListener.java:279) ~[?:?]
	at java.desktop/java.awt.Component.processMouseEvent(Component.java:6621) ~[?:?]
	at java.desktop/javax.swing.JComponent.processMouseEvent(JComponent.java:3398) ~[?:?]
	at java.desktop/java.awt.Component.processEvent(Component.java:6386) ~[?:?]
	at java.desktop/java.awt.Container.processEvent(Container.java:2266) ~[?:?]
	at java.desktop/java.awt.Component.dispatchEventImpl(Component.java:4996) ~[?:?]
	at java.desktop/java.awt.Container.dispatchEventImpl(Container.java:2324) ~[?:?]
	at java.desktop/java.awt.Component.dispatchEvent(Component.java:4828) ~[?:?]
	at java.desktop/java.awt.LightweightDispatcher.retargetMouseEvent(Container.java:4948) ~[?:?]
	at java.desktop/java.awt.LightweightDispatcher.processMouseEvent(Container.java:4575) ~[?:?]
	at java.desktop/java.awt.LightweightDispatcher.dispatchEvent(Container.java:4516) ~[?:?]
	at java.desktop/java.awt.Container.dispatchEventImpl(Container.java:2310) ~[?:?]
	at java.desktop/java.awt.Window.dispatchEventImpl(Window.java:2780) ~[?:?]
	at java.desktop/java.awt.Component.dispatchEvent(Component.java:4828) ~[?:?]
	at java.desktop/java.awt.EventQueue.dispatchEventImpl(EventQueue.java:775) ~[?:?]
	at java.desktop/java.awt.EventQueue$4.run(EventQueue.java:720) ~[?:?]
	at java.desktop/java.awt.EventQueue$4.run(EventQueue.java:714) ~[?:?]
	at java.base/java.security.AccessController.doPrivileged(AccessController.java:400) [?:?]
	at java.base/java.security.ProtectionDomain$JavaSecurityAccessImpl.doIntersectionPrivilege(ProtectionDomain.java:87) [?:?]
	at java.base/java.security.ProtectionDomain$JavaSecurityAccessImpl.doIntersectionPrivilege(ProtectionDomain.java:98) [?:?]
	at java.desktop/java.awt.EventQueue$5.run(EventQueue.java:747) [?:?]
	at java.desktop/java.awt.EventQueue$5.run(EventQueue.java:745) [?:?]
	at java.base/java.security.AccessController.doPrivileged(AccessController.java:400) ~[?:?]
	at java.base/java.security.ProtectionDomain$JavaSecurityAccessImpl.doIntersectionPrivilege(ProtectionDomain.java:87) ~[?:?]
	at java.desktop/java.awt.EventQueue.dispatchEvent(EventQueue.java:744) ~[?:?]
	at java.desktop/java.awt.EventDispatchThread.pumpOneEventForFilters(EventDispatchThread.java:203) ~[?:?]
	at java.desktop/java.awt.EventDispatchThread.pumpEventsForFilter(EventDispatchThread.java:124) ~[?:?]
	at java.desktop/java.awt.EventDispatchThread.pumpEventsForFilter(EventDispatchThread.java:117) ~[?:?]
	at java.desktop/java.awt.WaitDispatchSupport$2.run(WaitDispatchSupport.java:191) ~[?:?]
	at java.desktop/java.awt.WaitDispatchSupport$4.run(WaitDispatchSupport.java:236) ~[?:?]
	at java.desktop/java.awt.WaitDispatchSupport$4.run(WaitDispatchSupport.java:234) ~[?:?]
	at java.base/java.security.AccessController.doPrivileged(AccessController.java:319) ~[?:?]
	at java.desktop/java.awt.WaitDispatchSupport.enter(WaitDispatchSupport.java:234) ~[?:?]
	at java.desktop/java.awt.Dialog.show(Dialog.java:1079) ~[?:?]
	at java.desktop/java.awt.Component.show(Component.java:1728) ~[?:?]
	at java.desktop/java.awt.Component.setVisible(Component.java:1675) ~[?:?]
	at java.desktop/java.awt.Window.setVisible(Window.java:1036) ~[?:?]
	at java.desktop/java.awt.Dialog.setVisible(Dialog.java:1015) ~[?:?]
	at ui.ProductListPanel.addDialogButtons(ProductListPanel.java:797) ~[classes/:?]
	at ui.ProductListPanel.showAddProductDialog(ProductListPanel.java:481) ~[classes/:?]
	at ui.ProductListPanel.lambda$3(ProductListPanel.java:114) ~[classes/:?]
	at java.desktop/javax.swing.AbstractButton.fireActionPerformed(AbstractButton.java:1972) ~[?:?]
	at java.desktop/javax.swing.AbstractButton$Handler.actionPerformed(AbstractButton.java:2314) ~[?:?]
	at java.desktop/javax.swing.DefaultButtonModel.fireActionPerformed(DefaultButtonModel.java:407) ~[?:?]
	at java.desktop/javax.swing.DefaultButtonModel.setPressed(DefaultButtonModel.java:262) ~[?:?]
	at java.desktop/javax.swing.plaf.basic.BasicButtonListener.mouseReleased(BasicButtonListener.java:279) ~[?:?]
	at java.desktop/java.awt.Component.processMouseEvent(Component.java:6621) ~[?:?]
	at java.desktop/javax.swing.JComponent.processMouseEvent(JComponent.java:3398) ~[?:?]
	at java.desktop/java.awt.Component.processEvent(Component.java:6386) ~[?:?]
	at java.desktop/java.awt.Container.processEvent(Container.java:2266) ~[?:?]
	at java.desktop/java.awt.Component.dispatchEventImpl(Component.java:4996) ~[?:?]
	at java.desktop/java.awt.Container.dispatchEventImpl(Container.java:2324) ~[?:?]
	at java.desktop/java.awt.Component.dispatchEvent(Component.java:4828) ~[?:?]
	at java.desktop/java.awt.LightweightDispatcher.retargetMouseEvent(Container.java:4948) ~[?:?]
	at java.desktop/java.awt.LightweightDispatcher.processMouseEvent(Container.java:4575) ~[?:?]
	at java.desktop/java.awt.LightweightDispatcher.dispatchEvent(Container.java:4516) ~[?:?]
	at java.desktop/java.awt.Container.dispatchEventImpl(Container.java:2310) ~[?:?]
	at java.desktop/java.awt.Window.dispatchEventImpl(Window.java:2780) ~[?:?]
	at java.desktop/java.awt.Component.dispatchEvent(Component.java:4828) ~[?:?]
	at java.desktop/java.awt.EventQueue.dispatchEventImpl(EventQueue.java:775) ~[?:?]
	at java.desktop/java.awt.EventQueue$4.run(EventQueue.java:720) ~[?:?]
	at java.desktop/java.awt.EventQueue$4.run(EventQueue.java:714) ~[?:?]
	at java.base/java.security.AccessController.doPrivileged(AccessController.java:400) [?:?]
	at java.base/java.security.ProtectionDomain$JavaSecurityAccessImpl.doIntersectionPrivilege(ProtectionDomain.java:87) ~[?:?]
	at java.base/java.security.ProtectionDomain$JavaSecurityAccessImpl.doIntersectionPrivilege(ProtectionDomain.java:98) ~[?:?]
	at java.desktop/java.awt.EventQueue$5.run(EventQueue.java:747) ~[?:?]
	at java.desktop/java.awt.EventQueue$5.run(EventQueue.java:745) ~[?:?]
	at java.base/java.security.AccessController.doPrivileged(AccessController.java:400) [?:?]
	at java.base/java.security.ProtectionDomain$JavaSecurityAccessImpl.doIntersectionPrivilege(ProtectionDomain.java:87) [?:?]
	at java.desktop/java.awt.EventQueue.dispatchEvent(EventQueue.java:744) [?:?]
	at java.desktop/java.awt.EventDispatchThread.pumpOneEventForFilters(EventDispatchThread.java:203) [?:?]
	at java.desktop/java.awt.EventDispatchThread.pumpEventsForFilter(EventDispatchThread.java:124) [?:?]
	at java.desktop/java.awt.EventDispatchThread.pumpEventsForHierarchy(EventDispatchThread.java:113) [?:?]
	at java.desktop/java.awt.EventDispatchThread.pumpEvents(EventDispatchThread.java:109) [?:?]
	at java.desktop/java.awt.EventDispatchThread.pumpEvents(EventDispatchThread.java:101) [?:?]
	at java.desktop/java.awt.EventDispatchThread.run(EventDispatchThread.java:90) [?:?]
[INFO ] 11-05-2025 19:29:37 [AWT-EventQueue-0] ProductDao - All products retrieved successfully with pagination. Total count: 0
