[INFO ] 05-05-2025 09:56:34 [AWT-EventQueue-0] Version - HHH000412: Hibernate ORM core version 5.6.15.Final
[WARN ] 05-05-2025 09:56:34 [AWT-EventQueue-0] deprecation - HHH90000012: Recognized obsolete hibernate namespace http://hibernate.sourceforge.net/hibernate-configuration. Use namespace http://www.hibernate.org/dtd/hibernate-configuration instead.  Support for obsolete DTD/XSD namespaces may be removed at any time.
[INFO ] 05-05-2025 09:56:34 [AWT-EventQueue-0] HibernateUtil - Hibernate Schema Mode: UPDATE
[INFO ] 05-05-2025 09:56:34 [AWT-EventQueue-0] Version - HCANN000001: Hibernate Commons Annotations {5.1.2.Final}
[WARN ] 05-05-2025 09:56:35 [AWT-EventQueue-0] deprecation - HHH90000012: Recognized obsolete hibernate namespace http://hibernate.sourceforge.net/hibernate-mapping. Use namespace http://www.hibernate.org/dtd/hibernate-mapping instead.  Support for obsolete DTD/XSD namespaces may be removed at any time.
[WARN ] 05-05-2025 09:56:35 [AWT-EventQueue-0] deprecation - HHH90000012: Recognized obsolete hibernate namespace http://hibernate.sourceforge.net/hibernate-mapping. Use namespace http://www.hibernate.org/dtd/hibernate-mapping instead.  Support for obsolete DTD/XSD namespaces may be removed at any time.
[WARN ] 05-05-2025 09:56:35 [AWT-EventQueue-0] deprecation - HHH90000012: Recognized obsolete hibernate namespace http://hibernate.sourceforge.net/hibernate-mapping. Use namespace http://www.hibernate.org/dtd/hibernate-mapping instead.  Support for obsolete DTD/XSD namespaces may be removed at any time.
[WARN ] 05-05-2025 09:56:35 [AWT-EventQueue-0] deprecation - HHH90000012: Recognized obsolete hibernate namespace http://hibernate.sourceforge.net/hibernate-mapping. Use namespace http://www.hibernate.org/dtd/hibernate-mapping instead.  Support for obsolete DTD/XSD namespaces may be removed at any time.
[INFO ] 05-05-2025 09:56:36 [AWT-EventQueue-0] C3P0ConnectionProvider - HHH010002: C3P0 using driver: oracle.jdbc.OracleDriver at URL: jdbc:oracle:thin:@localhost:1521/orcl
[INFO ] 05-05-2025 09:56:36 [AWT-EventQueue-0] C3P0ConnectionProvider - HHH10001001: Connection properties: {password=****, user=Khanh}
[INFO ] 05-05-2025 09:56:36 [AWT-EventQueue-0] C3P0ConnectionProvider - HHH10001003: Autocommit mode: false
[INFO ] 05-05-2025 09:56:36 [AWT-EventQueue-0] C3P0ConnectionProvider - HHH10001007: JDBC isolation level: <unknown>
[INFO ] 05-05-2025 09:56:37 [AWT-EventQueue-0] Dialect - HHH000400: Using dialect: org.hibernate.dialect.Oracle12cDialect
[INFO ] 05-05-2025 09:56:39 [AWT-EventQueue-0] access - HHH10001501: Connection obtained from JdbcConnectionAccess [org.hibernate.engine.jdbc.env.internal.JdbcEnvironmentInitiator$ConnectionProviderJdbcConnectionAccess@6b49691b] for (non-JTA) DDL execution was not in auto-commit mode; the Connection 'local transaction' will be committed and the Connection will be set into auto-commit mode.
[INFO ] 05-05-2025 09:56:39 [AWT-EventQueue-0] access - HHH10001501: Connection obtained from JdbcConnectionAccess [org.hibernate.engine.jdbc.env.internal.JdbcEnvironmentInitiator$ConnectionProviderJdbcConnectionAccess@26623efc] for (non-JTA) DDL execution was not in auto-commit mode; the Connection 'local transaction' will be committed and the Connection will be set into auto-commit mode.
[INFO ] 05-05-2025 09:56:50 [AWT-EventQueue-0] JtaPlatformInitiator - HHH000490: Using JtaPlatform implementation: [org.hibernate.engine.transaction.jta.platform.internal.NoJtaPlatform]
[INFO ] 05-05-2025 09:56:51 [AWT-EventQueue-0] SupplierDao - Suppliers retrieved with pagination. Page: 1, Size: 10
[INFO ] 05-05-2025 09:56:52 [AWT-EventQueue-0] SupplierDao - Suppliers retrieved with pagination. Page: 1, Size: 2147483647
[INFO ] 05-05-2025 09:56:59 [AWT-EventQueue-0] ItemDao - Items for supplier with ID: 85 retrieved successfully.
[INFO ] 05-05-2025 09:56:59 [AWT-EventQueue-0] ItemServiceImpl - Items for supplier with ID: 85 retrieved successfully
[INFO ] 05-05-2025 09:56:59 [AWT-EventQueue-0] ItemDao - Items for supplier with ID: 85 retrieved successfully.
[INFO ] 05-05-2025 09:56:59 [AWT-EventQueue-0] ItemServiceImpl - Items for supplier with ID: 85 retrieved successfully
[INFO ] 05-05-2025 09:56:59 [AWT-EventQueue-0] ItemDao - Items for supplier with ID: 86 retrieved successfully.
[INFO ] 05-05-2025 09:56:59 [AWT-EventQueue-0] ItemServiceImpl - Items for supplier with ID: 86 retrieved successfully
[INFO ] 05-05-2025 09:57:00 [AWT-EventQueue-0] ItemDao - Items for supplier with ID: 86 retrieved successfully.
[INFO ] 05-05-2025 09:57:00 [AWT-EventQueue-0] ItemServiceImpl - Items for supplier with ID: 86 retrieved successfully
[INFO ] 05-05-2025 09:57:00 [AWT-EventQueue-0] ItemDao - Items for supplier with ID: 85 retrieved successfully.
[INFO ] 05-05-2025 09:57:00 [AWT-EventQueue-0] ItemServiceImpl - Items for supplier with ID: 85 retrieved successfully
[INFO ] 05-05-2025 09:57:00 [AWT-EventQueue-0] ItemDao - Items for supplier with ID: 85 retrieved successfully.
[INFO ] 05-05-2025 09:57:00 [AWT-EventQueue-0] ItemServiceImpl - Items for supplier with ID: 85 retrieved successfully
[INFO ] 05-05-2025 09:57:01 [AWT-EventQueue-0] ItemDao - Items for supplier with ID: 86 retrieved successfully.
[INFO ] 05-05-2025 09:57:01 [AWT-EventQueue-0] ItemServiceImpl - Items for supplier with ID: 86 retrieved successfully
[INFO ] 05-05-2025 09:57:01 [AWT-EventQueue-0] ItemDao - Items for supplier with ID: 86 retrieved successfully.
[INFO ] 05-05-2025 09:57:01 [AWT-EventQueue-0] ItemServiceImpl - Items for supplier with ID: 86 retrieved successfully
[INFO ] 05-05-2025 09:57:02 [AWT-EventQueue-0] ItemDao - Items for supplier with ID: 85 retrieved successfully.
[INFO ] 05-05-2025 09:57:02 [AWT-EventQueue-0] ItemServiceImpl - Items for supplier with ID: 85 retrieved successfully
[INFO ] 05-05-2025 09:57:02 [AWT-EventQueue-0] ItemDao - Items for supplier with ID: 85 retrieved successfully.
[INFO ] 05-05-2025 09:57:02 [AWT-EventQueue-0] ItemServiceImpl - Items for supplier with ID: 85 retrieved successfully
[INFO ] 05-05-2025 09:57:03 [AWT-EventQueue-0] ItemDao - Items for supplier with ID: 86 retrieved successfully.
[INFO ] 05-05-2025 09:57:03 [AWT-EventQueue-0] ItemServiceImpl - Items for supplier with ID: 86 retrieved successfully
[INFO ] 05-05-2025 09:57:03 [AWT-EventQueue-0] ItemDao - Items for supplier with ID: 86 retrieved successfully.
[INFO ] 05-05-2025 09:57:03 [AWT-EventQueue-0] ItemServiceImpl - Items for supplier with ID: 86 retrieved successfully
[INFO ] 05-05-2025 09:57:05 [AWT-EventQueue-0] ItemDao - Items for supplier with ID: 85 retrieved successfully.
[INFO ] 05-05-2025 09:57:05 [AWT-EventQueue-0] ItemServiceImpl - Items for supplier with ID: 85 retrieved successfully
[INFO ] 05-05-2025 09:57:05 [AWT-EventQueue-0] ItemDao - Items for supplier with ID: 85 retrieved successfully.
[INFO ] 05-05-2025 09:57:05 [AWT-EventQueue-0] ItemServiceImpl - Items for supplier with ID: 85 retrieved successfully
[INFO ] 05-05-2025 09:57:06 [AWT-EventQueue-0] ItemDao - Items for supplier with ID: 86 retrieved successfully.
[INFO ] 05-05-2025 09:57:06 [AWT-EventQueue-0] ItemServiceImpl - Items for supplier with ID: 86 retrieved successfully
[INFO ] 05-05-2025 09:57:06 [AWT-EventQueue-0] ItemDao - Items for supplier with ID: 86 retrieved successfully.
[INFO ] 05-05-2025 09:57:06 [AWT-EventQueue-0] ItemServiceImpl - Items for supplier with ID: 86 retrieved successfully
[INFO ] 05-05-2025 09:57:10 [AWT-EventQueue-0] SupplierDao - Supplier with id: 86 deleted successfully
[INFO ] 05-05-2025 09:57:11 [AWT-EventQueue-0] SupplierDao - Suppliers retrieved with pagination. Page: 1, Size: 10
[INFO ] 05-05-2025 09:57:11 [AWT-EventQueue-0] SupplierDao - Suppliers retrieved with pagination. Page: 1, Size: 2147483647
[INFO ] 05-05-2025 10:19:27 [AWT-EventQueue-0] Version - HHH000412: Hibernate ORM core version 5.6.15.Final
[WARN ] 05-05-2025 10:19:27 [AWT-EventQueue-0] deprecation - HHH90000012: Recognized obsolete hibernate namespace http://hibernate.sourceforge.net/hibernate-configuration. Use namespace http://www.hibernate.org/dtd/hibernate-configuration instead.  Support for obsolete DTD/XSD namespaces may be removed at any time.
[INFO ] 05-05-2025 10:19:27 [AWT-EventQueue-0] HibernateUtil - Hibernate Schema Mode: UPDATE
[INFO ] 05-05-2025 10:19:27 [AWT-EventQueue-0] Version - HCANN000001: Hibernate Commons Annotations {5.1.2.Final}
[WARN ] 05-05-2025 10:19:28 [AWT-EventQueue-0] deprecation - HHH90000012: Recognized obsolete hibernate namespace http://hibernate.sourceforge.net/hibernate-mapping. Use namespace http://www.hibernate.org/dtd/hibernate-mapping instead.  Support for obsolete DTD/XSD namespaces may be removed at any time.
[WARN ] 05-05-2025 10:19:28 [AWT-EventQueue-0] deprecation - HHH90000012: Recognized obsolete hibernate namespace http://hibernate.sourceforge.net/hibernate-mapping. Use namespace http://www.hibernate.org/dtd/hibernate-mapping instead.  Support for obsolete DTD/XSD namespaces may be removed at any time.
[WARN ] 05-05-2025 10:19:28 [AWT-EventQueue-0] deprecation - HHH90000012: Recognized obsolete hibernate namespace http://hibernate.sourceforge.net/hibernate-mapping. Use namespace http://www.hibernate.org/dtd/hibernate-mapping instead.  Support for obsolete DTD/XSD namespaces may be removed at any time.
[WARN ] 05-05-2025 10:19:28 [AWT-EventQueue-0] deprecation - HHH90000012: Recognized obsolete hibernate namespace http://hibernate.sourceforge.net/hibernate-mapping. Use namespace http://www.hibernate.org/dtd/hibernate-mapping instead.  Support for obsolete DTD/XSD namespaces may be removed at any time.
[INFO ] 05-05-2025 10:19:28 [AWT-EventQueue-0] C3P0ConnectionProvider - HHH010002: C3P0 using driver: oracle.jdbc.OracleDriver at URL: jdbc:oracle:thin:@localhost:1521/orcl
[INFO ] 05-05-2025 10:19:28 [AWT-EventQueue-0] C3P0ConnectionProvider - HHH10001001: Connection properties: {password=****, user=Khanh}
[INFO ] 05-05-2025 10:19:28 [AWT-EventQueue-0] C3P0ConnectionProvider - HHH10001003: Autocommit mode: false
[INFO ] 05-05-2025 10:19:29 [AWT-EventQueue-0] C3P0ConnectionProvider - HHH10001007: JDBC isolation level: <unknown>
[INFO ] 05-05-2025 10:19:29 [AWT-EventQueue-0] Dialect - HHH000400: Using dialect: org.hibernate.dialect.Oracle12cDialect
[INFO ] 05-05-2025 10:19:31 [AWT-EventQueue-0] access - HHH10001501: Connection obtained from JdbcConnectionAccess [org.hibernate.engine.jdbc.env.internal.JdbcEnvironmentInitiator$ConnectionProviderJdbcConnectionAccess@1e93c97b] for (non-JTA) DDL execution was not in auto-commit mode; the Connection 'local transaction' will be committed and the Connection will be set into auto-commit mode.
[INFO ] 05-05-2025 10:19:31 [AWT-EventQueue-0] access - HHH10001501: Connection obtained from JdbcConnectionAccess [org.hibernate.engine.jdbc.env.internal.JdbcEnvironmentInitiator$ConnectionProviderJdbcConnectionAccess@95a28ca] for (non-JTA) DDL execution was not in auto-commit mode; the Connection 'local transaction' will be committed and the Connection will be set into auto-commit mode.
[INFO ] 05-05-2025 10:19:32 [AWT-EventQueue-0] JtaPlatformInitiator - HHH000490: Using JtaPlatform implementation: [org.hibernate.engine.transaction.jta.platform.internal.NoJtaPlatform]
[INFO ] 05-05-2025 10:19:33 [AWT-EventQueue-0] SupplierDao - Suppliers retrieved with pagination. Page: 1, Size: 10
[INFO ] 05-05-2025 10:19:33 [AWT-EventQueue-0] SupplierDao - Suppliers retrieved with pagination. Page: 1, Size: 2147483647
[WARN ] 05-05-2025 10:19:55 [AWT-EventQueue-0] SupplierServiceImpl - Tên supplier đã tồn tại: test2
[INFO ] 05-05-2025 10:38:28 [AWT-EventQueue-0] Version - HHH000412: Hibernate ORM core version 5.6.15.Final
[WARN ] 05-05-2025 10:38:28 [AWT-EventQueue-0] deprecation - HHH90000012: Recognized obsolete hibernate namespace http://hibernate.sourceforge.net/hibernate-configuration. Use namespace http://www.hibernate.org/dtd/hibernate-configuration instead.  Support for obsolete DTD/XSD namespaces may be removed at any time.
[INFO ] 05-05-2025 10:38:28 [AWT-EventQueue-0] HibernateUtil - Hibernate Schema Mode: UPDATE
[INFO ] 05-05-2025 10:38:28 [AWT-EventQueue-0] Version - HCANN000001: Hibernate Commons Annotations {5.1.2.Final}
[WARN ] 05-05-2025 10:38:29 [AWT-EventQueue-0] deprecation - HHH90000012: Recognized obsolete hibernate namespace http://hibernate.sourceforge.net/hibernate-mapping. Use namespace http://www.hibernate.org/dtd/hibernate-mapping instead.  Support for obsolete DTD/XSD namespaces may be removed at any time.
[WARN ] 05-05-2025 10:38:29 [AWT-EventQueue-0] deprecation - HHH90000012: Recognized obsolete hibernate namespace http://hibernate.sourceforge.net/hibernate-mapping. Use namespace http://www.hibernate.org/dtd/hibernate-mapping instead.  Support for obsolete DTD/XSD namespaces may be removed at any time.
[WARN ] 05-05-2025 10:38:29 [AWT-EventQueue-0] deprecation - HHH90000012: Recognized obsolete hibernate namespace http://hibernate.sourceforge.net/hibernate-mapping. Use namespace http://www.hibernate.org/dtd/hibernate-mapping instead.  Support for obsolete DTD/XSD namespaces may be removed at any time.
[WARN ] 05-05-2025 10:38:29 [AWT-EventQueue-0] deprecation - HHH90000012: Recognized obsolete hibernate namespace http://hibernate.sourceforge.net/hibernate-mapping. Use namespace http://www.hibernate.org/dtd/hibernate-mapping instead.  Support for obsolete DTD/XSD namespaces may be removed at any time.
[INFO ] 05-05-2025 10:38:29 [AWT-EventQueue-0] C3P0ConnectionProvider - HHH010002: C3P0 using driver: oracle.jdbc.OracleDriver at URL: jdbc:oracle:thin:@localhost:1521/orcl
[INFO ] 05-05-2025 10:38:29 [AWT-EventQueue-0] C3P0ConnectionProvider - HHH10001001: Connection properties: {password=****, user=Khanh}
[INFO ] 05-05-2025 10:38:29 [AWT-EventQueue-0] C3P0ConnectionProvider - HHH10001003: Autocommit mode: false
[INFO ] 05-05-2025 10:38:29 [AWT-EventQueue-0] C3P0ConnectionProvider - HHH10001007: JDBC isolation level: <unknown>
[INFO ] 05-05-2025 10:38:30 [AWT-EventQueue-0] Dialect - HHH000400: Using dialect: org.hibernate.dialect.Oracle12cDialect
[INFO ] 05-05-2025 10:38:31 [AWT-EventQueue-0] access - HHH10001501: Connection obtained from JdbcConnectionAccess [org.hibernate.engine.jdbc.env.internal.JdbcEnvironmentInitiator$ConnectionProviderJdbcConnectionAccess@6f4857a8] for (non-JTA) DDL execution was not in auto-commit mode; the Connection 'local transaction' will be committed and the Connection will be set into auto-commit mode.
[INFO ] 05-05-2025 10:38:32 [AWT-EventQueue-0] access - HHH10001501: Connection obtained from JdbcConnectionAccess [org.hibernate.engine.jdbc.env.internal.JdbcEnvironmentInitiator$ConnectionProviderJdbcConnectionAccess@7cfdd92e] for (non-JTA) DDL execution was not in auto-commit mode; the Connection 'local transaction' will be committed and the Connection will be set into auto-commit mode.
[INFO ] 05-05-2025 10:38:32 [AWT-EventQueue-0] JtaPlatformInitiator - HHH000490: Using JtaPlatform implementation: [org.hibernate.engine.transaction.jta.platform.internal.NoJtaPlatform]
[INFO ] 05-05-2025 10:38:33 [AWT-EventQueue-0] SupplierDao - Suppliers retrieved with pagination. Page: 1, Size: 10
[INFO ] 05-05-2025 10:38:33 [AWT-EventQueue-0] SupplierDao - Suppliers retrieved with pagination. Page: 1, Size: 2147483647
[INFO ] 05-05-2025 10:38:47 [AWT-EventQueue-0] SupplierDao - Suppliers retrieved with name like: test2
[INFO ] 05-05-2025 10:38:48 [AWT-EventQueue-0] SupplierDao - Suppliers retrieved with name like: 
[INFO ] 05-05-2025 10:38:48 [AWT-EventQueue-0] SupplierDao - Suppliers retrieved with name like: 
[INFO ] 05-05-2025 10:40:10 [AWT-EventQueue-0] SupplierDao - Suppliers retrieved with name like: test4
[INFO ] 05-05-2025 10:40:10 [AWT-EventQueue-0] SupplierDao - Suppliers retrieved with name like: 
[INFO ] 05-05-2025 10:40:10 [AWT-EventQueue-0] SupplierDao - Suppliers retrieved with name like: 
[INFO ] 05-05-2025 10:40:10 [AWT-EventQueue-0] SupplierDao - Supplier persisted successfully: test4
[INFO ] 05-05-2025 10:40:12 [AWT-EventQueue-0] SupplierDao - Suppliers retrieved with pagination. Page: 1, Size: 10
[INFO ] 05-05-2025 10:40:12 [AWT-EventQueue-0] SupplierDao - Suppliers retrieved with pagination. Page: 1, Size: 2147483647
[INFO ] 05-05-2025 10:40:14 [AWT-EventQueue-0] SupplierDao - Suppliers retrieved with pagination. Page: 2, Size: 10
[INFO ] 05-05-2025 10:40:14 [AWT-EventQueue-0] SupplierDao - Suppliers retrieved with pagination. Page: 1, Size: 2147483647
[INFO ] 05-05-2025 10:40:16 [AWT-EventQueue-0] SupplierDao - Suppliers retrieved with pagination. Page: 1, Size: 10
[INFO ] 05-05-2025 10:40:16 [AWT-EventQueue-0] SupplierDao - Suppliers retrieved with pagination. Page: 1, Size: 2147483647
[INFO ] 05-05-2025 10:40:20 [AWT-EventQueue-0] SupplierDao - Suppliers retrieved with pagination. Page: 2, Size: 10
[INFO ] 05-05-2025 10:40:20 [AWT-EventQueue-0] SupplierDao - Suppliers retrieved with pagination. Page: 1, Size: 2147483647
[INFO ] 05-05-2025 10:40:21 [AWT-EventQueue-0] SupplierDao - Suppliers retrieved with pagination. Page: 1, Size: 10
[INFO ] 05-05-2025 10:40:21 [AWT-EventQueue-0] SupplierDao - Suppliers retrieved with pagination. Page: 1, Size: 2147483647
[INFO ] 05-05-2025 10:40:22 [AWT-EventQueue-0] SupplierDao - Suppliers retrieved with pagination. Page: 2, Size: 10
[INFO ] 05-05-2025 10:40:22 [AWT-EventQueue-0] SupplierDao - Suppliers retrieved with pagination. Page: 1, Size: 2147483647
[INFO ] 05-05-2025 10:40:23 [AWT-EventQueue-0] SupplierDao - Suppliers retrieved with pagination. Page: 1, Size: 10
[INFO ] 05-05-2025 10:40:23 [AWT-EventQueue-0] SupplierDao - Suppliers retrieved with pagination. Page: 1, Size: 2147483647
[INFO ] 05-05-2025 10:42:06 [AWT-EventQueue-0] ItemDao - Items for supplier with ID: 121 retrieved successfully.
[INFO ] 05-05-2025 10:42:06 [AWT-EventQueue-0] ItemServiceImpl - Items for supplier with ID: 121 retrieved successfully
[INFO ] 05-05-2025 10:42:06 [AWT-EventQueue-0] ItemDao - Items for supplier with ID: 121 retrieved successfully.
[INFO ] 05-05-2025 10:42:06 [AWT-EventQueue-0] ItemServiceImpl - Items for supplier with ID: 121 retrieved successfully
[INFO ] 05-05-2025 10:42:07 [AWT-EventQueue-0] ItemDao - Items for supplier with ID: 22 retrieved successfully.
[INFO ] 05-05-2025 10:42:07 [AWT-EventQueue-0] ItemServiceImpl - Items for supplier with ID: 22 retrieved successfully
[INFO ] 05-05-2025 10:42:07 [AWT-EventQueue-0] ItemDao - Items for supplier with ID: 22 retrieved successfully.
[INFO ] 05-05-2025 10:42:07 [AWT-EventQueue-0] ItemServiceImpl - Items for supplier with ID: 22 retrieved successfully
[INFO ] 05-05-2025 10:42:07 [AWT-EventQueue-0] ItemDao - Items for supplier with ID: 1 retrieved successfully.
[INFO ] 05-05-2025 10:42:07 [AWT-EventQueue-0] ItemServiceImpl - Items for supplier with ID: 1 retrieved successfully
[INFO ] 05-05-2025 10:42:07 [AWT-EventQueue-0] ItemDao - Items for supplier with ID: 1 retrieved successfully.
[INFO ] 05-05-2025 10:42:07 [AWT-EventQueue-0] ItemServiceImpl - Items for supplier with ID: 1 retrieved successfully
[INFO ] 05-05-2025 10:42:08 [AWT-EventQueue-0] ItemDao - Items for supplier with ID: 22 retrieved successfully.
[INFO ] 05-05-2025 10:42:08 [AWT-EventQueue-0] ItemServiceImpl - Items for supplier with ID: 22 retrieved successfully
[INFO ] 05-05-2025 10:42:08 [AWT-EventQueue-0] ItemDao - Items for supplier with ID: 22 retrieved successfully.
[INFO ] 05-05-2025 10:42:08 [AWT-EventQueue-0] ItemServiceImpl - Items for supplier with ID: 22 retrieved successfully
[INFO ] 05-05-2025 10:42:12 [AWT-EventQueue-0] ItemDao - Items for supplier with ID: 1 retrieved successfully.
[INFO ] 05-05-2025 10:42:12 [AWT-EventQueue-0] ItemServiceImpl - Items for supplier with ID: 1 retrieved successfully
[INFO ] 05-05-2025 10:42:12 [AWT-EventQueue-0] ItemDao - Items for supplier with ID: 1 retrieved successfully.
[INFO ] 05-05-2025 10:42:12 [AWT-EventQueue-0] ItemServiceImpl - Items for supplier with ID: 1 retrieved successfully
[INFO ] 05-05-2025 10:42:13 [AWT-EventQueue-0] ItemDao - Items for supplier with ID: 22 retrieved successfully.
[INFO ] 05-05-2025 10:42:13 [AWT-EventQueue-0] ItemServiceImpl - Items for supplier with ID: 22 retrieved successfully
[INFO ] 05-05-2025 10:42:13 [AWT-EventQueue-0] ItemDao - Items for supplier with ID: 22 retrieved successfully.
[INFO ] 05-05-2025 10:42:13 [AWT-EventQueue-0] ItemServiceImpl - Items for supplier with ID: 22 retrieved successfully
[INFO ] 05-05-2025 10:42:14 [AWT-EventQueue-0] ItemDao - Items for supplier with ID: 1 retrieved successfully.
[INFO ] 05-05-2025 10:42:14 [AWT-EventQueue-0] ItemServiceImpl - Items for supplier with ID: 1 retrieved successfully
[INFO ] 05-05-2025 10:42:14 [AWT-EventQueue-0] ItemDao - Items for supplier with ID: 1 retrieved successfully.
[INFO ] 05-05-2025 10:42:14 [AWT-EventQueue-0] ItemServiceImpl - Items for supplier with ID: 1 retrieved successfully
[INFO ] 05-05-2025 10:42:15 [AWT-EventQueue-0] ItemDao - Items for supplier with ID: 22 retrieved successfully.
[INFO ] 05-05-2025 10:42:15 [AWT-EventQueue-0] ItemServiceImpl - Items for supplier with ID: 22 retrieved successfully
[INFO ] 05-05-2025 10:42:15 [AWT-EventQueue-0] ItemDao - Items for supplier with ID: 22 retrieved successfully.
[INFO ] 05-05-2025 10:42:15 [AWT-EventQueue-0] ItemServiceImpl - Items for supplier with ID: 22 retrieved successfully
[INFO ] 05-05-2025 10:44:43 [AWT-EventQueue-0] Version - HHH000412: Hibernate ORM core version 5.6.15.Final
[WARN ] 05-05-2025 10:44:44 [AWT-EventQueue-0] deprecation - HHH90000012: Recognized obsolete hibernate namespace http://hibernate.sourceforge.net/hibernate-configuration. Use namespace http://www.hibernate.org/dtd/hibernate-configuration instead.  Support for obsolete DTD/XSD namespaces may be removed at any time.
[INFO ] 05-05-2025 10:44:44 [AWT-EventQueue-0] HibernateUtil - Hibernate Schema Mode: UPDATE
[INFO ] 05-05-2025 10:44:44 [AWT-EventQueue-0] Version - HCANN000001: Hibernate Commons Annotations {5.1.2.Final}
[WARN ] 05-05-2025 10:44:44 [AWT-EventQueue-0] deprecation - HHH90000012: Recognized obsolete hibernate namespace http://hibernate.sourceforge.net/hibernate-mapping. Use namespace http://www.hibernate.org/dtd/hibernate-mapping instead.  Support for obsolete DTD/XSD namespaces may be removed at any time.
[WARN ] 05-05-2025 10:44:45 [AWT-EventQueue-0] deprecation - HHH90000012: Recognized obsolete hibernate namespace http://hibernate.sourceforge.net/hibernate-mapping. Use namespace http://www.hibernate.org/dtd/hibernate-mapping instead.  Support for obsolete DTD/XSD namespaces may be removed at any time.
[WARN ] 05-05-2025 10:44:45 [AWT-EventQueue-0] deprecation - HHH90000012: Recognized obsolete hibernate namespace http://hibernate.sourceforge.net/hibernate-mapping. Use namespace http://www.hibernate.org/dtd/hibernate-mapping instead.  Support for obsolete DTD/XSD namespaces may be removed at any time.
[WARN ] 05-05-2025 10:44:45 [AWT-EventQueue-0] deprecation - HHH90000012: Recognized obsolete hibernate namespace http://hibernate.sourceforge.net/hibernate-mapping. Use namespace http://www.hibernate.org/dtd/hibernate-mapping instead.  Support for obsolete DTD/XSD namespaces may be removed at any time.
[INFO ] 05-05-2025 10:44:45 [AWT-EventQueue-0] C3P0ConnectionProvider - HHH010002: C3P0 using driver: oracle.jdbc.OracleDriver at URL: jdbc:oracle:thin:@localhost:1521/orcl
[INFO ] 05-05-2025 10:44:45 [AWT-EventQueue-0] C3P0ConnectionProvider - HHH10001001: Connection properties: {password=****, user=Khanh}
[INFO ] 05-05-2025 10:44:45 [AWT-EventQueue-0] C3P0ConnectionProvider - HHH10001003: Autocommit mode: false
[INFO ] 05-05-2025 10:44:45 [AWT-EventQueue-0] C3P0ConnectionProvider - HHH10001007: JDBC isolation level: <unknown>
[INFO ] 05-05-2025 10:44:46 [AWT-EventQueue-0] Dialect - HHH000400: Using dialect: org.hibernate.dialect.Oracle12cDialect
[INFO ] 05-05-2025 10:44:47 [AWT-EventQueue-0] access - HHH10001501: Connection obtained from JdbcConnectionAccess [org.hibernate.engine.jdbc.env.internal.JdbcEnvironmentInitiator$ConnectionProviderJdbcConnectionAccess@1974813e] for (non-JTA) DDL execution was not in auto-commit mode; the Connection 'local transaction' will be committed and the Connection will be set into auto-commit mode.
[INFO ] 05-05-2025 10:44:47 [AWT-EventQueue-0] access - HHH10001501: Connection obtained from JdbcConnectionAccess [org.hibernate.engine.jdbc.env.internal.JdbcEnvironmentInitiator$ConnectionProviderJdbcConnectionAccess@2c4a5c5a] for (non-JTA) DDL execution was not in auto-commit mode; the Connection 'local transaction' will be committed and the Connection will be set into auto-commit mode.
[INFO ] 05-05-2025 10:44:47 [AWT-EventQueue-0] JtaPlatformInitiator - HHH000490: Using JtaPlatform implementation: [org.hibernate.engine.transaction.jta.platform.internal.NoJtaPlatform]
[INFO ] 05-05-2025 10:44:48 [AWT-EventQueue-0] SupplierDao - Suppliers retrieved with pagination. Page: 1, Size: 10
[INFO ] 05-05-2025 10:44:48 [AWT-EventQueue-0] SupplierDao - Suppliers retrieved with pagination. Page: 1, Size: 2147483647
[WARN ] 05-05-2025 10:45:05 [AWT-EventQueue-0] SupplierServiceImpl - Tax code đã tồn tại: 2
[INFO ] 05-05-2025 15:52:12 [AWT-EventQueue-0] Version - HHH000412: Hibernate ORM core version 5.6.15.Final
[WARN ] 05-05-2025 15:52:13 [AWT-EventQueue-0] deprecation - HHH90000012: Recognized obsolete hibernate namespace http://hibernate.sourceforge.net/hibernate-configuration. Use namespace http://www.hibernate.org/dtd/hibernate-configuration instead.  Support for obsolete DTD/XSD namespaces may be removed at any time.
[INFO ] 05-05-2025 15:52:13 [AWT-EventQueue-0] HibernateUtil - Hibernate Schema Mode: UPDATE
[INFO ] 05-05-2025 15:52:13 [AWT-EventQueue-0] Version - HCANN000001: Hibernate Commons Annotations {5.1.2.Final}
[WARN ] 05-05-2025 15:52:14 [AWT-EventQueue-0] deprecation - HHH90000012: Recognized obsolete hibernate namespace http://hibernate.sourceforge.net/hibernate-mapping. Use namespace http://www.hibernate.org/dtd/hibernate-mapping instead.  Support for obsolete DTD/XSD namespaces may be removed at any time.
[WARN ] 05-05-2025 15:52:14 [AWT-EventQueue-0] deprecation - HHH90000012: Recognized obsolete hibernate namespace http://hibernate.sourceforge.net/hibernate-mapping. Use namespace http://www.hibernate.org/dtd/hibernate-mapping instead.  Support for obsolete DTD/XSD namespaces may be removed at any time.
[WARN ] 05-05-2025 15:52:14 [AWT-EventQueue-0] deprecation - HHH90000012: Recognized obsolete hibernate namespace http://hibernate.sourceforge.net/hibernate-mapping. Use namespace http://www.hibernate.org/dtd/hibernate-mapping instead.  Support for obsolete DTD/XSD namespaces may be removed at any time.
[WARN ] 05-05-2025 15:52:14 [AWT-EventQueue-0] deprecation - HHH90000012: Recognized obsolete hibernate namespace http://hibernate.sourceforge.net/hibernate-mapping. Use namespace http://www.hibernate.org/dtd/hibernate-mapping instead.  Support for obsolete DTD/XSD namespaces may be removed at any time.
[INFO ] 05-05-2025 15:52:14 [AWT-EventQueue-0] C3P0ConnectionProvider - HHH010002: C3P0 using driver: oracle.jdbc.OracleDriver at URL: jdbc:oracle:thin:@localhost:1521/orcl
[INFO ] 05-05-2025 15:52:14 [AWT-EventQueue-0] C3P0ConnectionProvider - HHH10001001: Connection properties: {password=****, user=Khanh}
[INFO ] 05-05-2025 15:52:14 [AWT-EventQueue-0] C3P0ConnectionProvider - HHH10001003: Autocommit mode: false
[INFO ] 05-05-2025 15:52:14 [AWT-EventQueue-0] C3P0ConnectionProvider - HHH10001007: JDBC isolation level: <unknown>
[INFO ] 05-05-2025 15:52:16 [AWT-EventQueue-0] Dialect - HHH000400: Using dialect: org.hibernate.dialect.Oracle12cDialect
[INFO ] 05-05-2025 15:52:17 [AWT-EventQueue-0] access - HHH10001501: Connection obtained from JdbcConnectionAccess [org.hibernate.engine.jdbc.env.internal.JdbcEnvironmentInitiator$ConnectionProviderJdbcConnectionAccess@3a6481ff] for (non-JTA) DDL execution was not in auto-commit mode; the Connection 'local transaction' will be committed and the Connection will be set into auto-commit mode.
[INFO ] 05-05-2025 15:52:17 [AWT-EventQueue-0] access - HHH10001501: Connection obtained from JdbcConnectionAccess [org.hibernate.engine.jdbc.env.internal.JdbcEnvironmentInitiator$ConnectionProviderJdbcConnectionAccess@4de75f0] for (non-JTA) DDL execution was not in auto-commit mode; the Connection 'local transaction' will be committed and the Connection will be set into auto-commit mode.
[INFO ] 05-05-2025 15:52:26 [AWT-EventQueue-0] JtaPlatformInitiator - HHH000490: Using JtaPlatform implementation: [org.hibernate.engine.transaction.jta.platform.internal.NoJtaPlatform]
[INFO ] 05-05-2025 15:56:42 [AWT-EventQueue-0] Version - HHH000412: Hibernate ORM core version 5.6.15.Final
[WARN ] 05-05-2025 15:56:43 [AWT-EventQueue-0] deprecation - HHH90000012: Recognized obsolete hibernate namespace http://hibernate.sourceforge.net/hibernate-configuration. Use namespace http://www.hibernate.org/dtd/hibernate-configuration instead.  Support for obsolete DTD/XSD namespaces may be removed at any time.
[INFO ] 05-05-2025 15:56:43 [AWT-EventQueue-0] HibernateUtil - Hibernate Schema Mode: UPDATE
[INFO ] 05-05-2025 15:56:43 [AWT-EventQueue-0] Version - HCANN000001: Hibernate Commons Annotations {5.1.2.Final}
[WARN ] 05-05-2025 15:56:43 [AWT-EventQueue-0] deprecation - HHH90000012: Recognized obsolete hibernate namespace http://hibernate.sourceforge.net/hibernate-mapping. Use namespace http://www.hibernate.org/dtd/hibernate-mapping instead.  Support for obsolete DTD/XSD namespaces may be removed at any time.
[WARN ] 05-05-2025 15:56:43 [AWT-EventQueue-0] deprecation - HHH90000012: Recognized obsolete hibernate namespace http://hibernate.sourceforge.net/hibernate-mapping. Use namespace http://www.hibernate.org/dtd/hibernate-mapping instead.  Support for obsolete DTD/XSD namespaces may be removed at any time.
[WARN ] 05-05-2025 15:56:43 [AWT-EventQueue-0] deprecation - HHH90000012: Recognized obsolete hibernate namespace http://hibernate.sourceforge.net/hibernate-mapping. Use namespace http://www.hibernate.org/dtd/hibernate-mapping instead.  Support for obsolete DTD/XSD namespaces may be removed at any time.
[WARN ] 05-05-2025 15:56:43 [AWT-EventQueue-0] deprecation - HHH90000012: Recognized obsolete hibernate namespace http://hibernate.sourceforge.net/hibernate-mapping. Use namespace http://www.hibernate.org/dtd/hibernate-mapping instead.  Support for obsolete DTD/XSD namespaces may be removed at any time.
[INFO ] 05-05-2025 15:56:44 [AWT-EventQueue-0] C3P0ConnectionProvider - HHH010002: C3P0 using driver: oracle.jdbc.OracleDriver at URL: jdbc:oracle:thin:@localhost:1521/orcl
[INFO ] 05-05-2025 15:56:44 [AWT-EventQueue-0] C3P0ConnectionProvider - HHH10001001: Connection properties: {password=****, user=Khanh}
[INFO ] 05-05-2025 15:56:44 [AWT-EventQueue-0] C3P0ConnectionProvider - HHH10001003: Autocommit mode: false
[INFO ] 05-05-2025 15:56:44 [AWT-EventQueue-0] C3P0ConnectionProvider - HHH10001007: JDBC isolation level: <unknown>
[INFO ] 05-05-2025 15:56:45 [AWT-EventQueue-0] Dialect - HHH000400: Using dialect: org.hibernate.dialect.Oracle12cDialect
[INFO ] 05-05-2025 15:56:46 [AWT-EventQueue-0] access - HHH10001501: Connection obtained from JdbcConnectionAccess [org.hibernate.engine.jdbc.env.internal.JdbcEnvironmentInitiator$ConnectionProviderJdbcConnectionAccess@3a6481ff] for (non-JTA) DDL execution was not in auto-commit mode; the Connection 'local transaction' will be committed and the Connection will be set into auto-commit mode.
[INFO ] 05-05-2025 15:56:46 [AWT-EventQueue-0] access - HHH10001501: Connection obtained from JdbcConnectionAccess [org.hibernate.engine.jdbc.env.internal.JdbcEnvironmentInitiator$ConnectionProviderJdbcConnectionAccess@4de75f0] for (non-JTA) DDL execution was not in auto-commit mode; the Connection 'local transaction' will be committed and the Connection will be set into auto-commit mode.
[INFO ] 05-05-2025 15:56:47 [AWT-EventQueue-0] JtaPlatformInitiator - HHH000490: Using JtaPlatform implementation: [org.hibernate.engine.transaction.jta.platform.internal.NoJtaPlatform]
[INFO ] 05-05-2025 15:56:47 [AWT-EventQueue-0] HashService - HashService initialized with SHA-256
