[INFO ] 24-05-2025 14:27:04 [AWT-EventQueue-0] Version - HHH000412: Hibernate ORM core version 5.6.15.Final
[WARN ] 24-05-2025 14:27:04 [AWT-EventQueue-0] deprecation - HHH90000012: Recognized obsolete hibernate namespace http://hibernate.sourceforge.net/hibernate-configuration. Use namespace http://www.hibernate.org/dtd/hibernate-configuration instead.  Support for obsolete DTD/XSD namespaces may be removed at any time.
[INFO ] 24-05-2025 14:27:05 [AWT-EventQueue-0] HibernateUtil - Hibernate Schema Mode: UPDATE
[INFO ] 24-05-2025 14:27:05 [AWT-EventQueue-0] Version - HCANN000001: Hibernate Commons Annotations {5.1.2.Final}
[WARN ] 24-05-2025 14:27:05 [AWT-EventQueue-0] deprecation - HHH90000012: Recognized obsolete hibernate namespace http://hibernate.sourceforge.net/hibernate-mapping. Use namespace http://www.hibernate.org/dtd/hibernate-mapping instead.  Support for obsolete DTD/XSD namespaces may be removed at any time.
[WARN ] 24-05-2025 14:27:05 [AWT-EventQueue-0] deprecation - HHH90000012: Recognized obsolete hibernate namespace http://hibernate.sourceforge.net/hibernate-mapping. Use namespace http://www.hibernate.org/dtd/hibernate-mapping instead.  Support for obsolete DTD/XSD namespaces may be removed at any time.
[WARN ] 24-05-2025 14:27:05 [AWT-EventQueue-0] deprecation - HHH90000012: Recognized obsolete hibernate namespace http://hibernate.sourceforge.net/hibernate-mapping. Use namespace http://www.hibernate.org/dtd/hibernate-mapping instead.  Support for obsolete DTD/XSD namespaces may be removed at any time.
[WARN ] 24-05-2025 14:27:05 [AWT-EventQueue-0] deprecation - HHH90000012: Recognized obsolete hibernate namespace http://hibernate.sourceforge.net/hibernate-mapping. Use namespace http://www.hibernate.org/dtd/hibernate-mapping instead.  Support for obsolete DTD/XSD namespaces may be removed at any time.
[INFO ] 24-05-2025 14:27:06 [AWT-EventQueue-0] C3P0ConnectionProvider - HHH010002: C3P0 using driver: oracle.jdbc.OracleDriver at URL: jdbc:oracle:thin:@localhost:1521/orcl
[INFO ] 24-05-2025 14:27:06 [AWT-EventQueue-0] C3P0ConnectionProvider - HHH10001001: Connection properties: {password=****, user=Khanh}
[INFO ] 24-05-2025 14:27:06 [AWT-EventQueue-0] C3P0ConnectionProvider - HHH10001003: Autocommit mode: false
[INFO ] 24-05-2025 14:27:06 [AWT-EventQueue-0] C3P0ConnectionProvider - HHH10001007: JDBC isolation level: <unknown>
[INFO ] 24-05-2025 14:27:07 [AWT-EventQueue-0] Dialect - HHH000400: Using dialect: org.hibernate.dialect.Oracle12cDialect
[INFO ] 24-05-2025 14:27:09 [AWT-EventQueue-0] access - HHH10001501: Connection obtained from JdbcConnectionAccess [org.hibernate.engine.jdbc.env.internal.JdbcEnvironmentInitiator$ConnectionProviderJdbcConnectionAccess@600b56cc] for (non-JTA) DDL execution was not in auto-commit mode; the Connection 'local transaction' will be committed and the Connection will be set into auto-commit mode.
[INFO ] 24-05-2025 14:27:09 [AWT-EventQueue-0] access - HHH10001501: Connection obtained from JdbcConnectionAccess [org.hibernate.engine.jdbc.env.internal.JdbcEnvironmentInitiator$ConnectionProviderJdbcConnectionAccess@2aee1fc4] for (non-JTA) DDL execution was not in auto-commit mode; the Connection 'local transaction' will be committed and the Connection will be set into auto-commit mode.
[INFO ] 24-05-2025 14:27:22 [AWT-EventQueue-0] JtaPlatformInitiator - HHH000490: Using JtaPlatform implementation: [org.hibernate.engine.transaction.jta.platform.internal.NoJtaPlatform]
[INFO ] 24-05-2025 14:27:22 [AWT-EventQueue-0] HashService - HashService initialized with SHA-256
[INFO ] 24-05-2025 14:27:32 [AWT-EventQueue-0] AuthenticationService - Login attempt for identifier: tamgay
[INFO ] 24-05-2025 14:27:33 [AWT-EventQueue-0] EmployeeDao - Employee with username: tamgay retrieved successfully from database
[INFO ] 24-05-2025 14:27:33 [AWT-EventQueue-0] HashService - Hashing successful
[INFO ] 24-05-2025 14:27:33 [AWT-EventQueue-0] UserSessionDao - UserSession persisted in database successfully
[INFO ] 24-05-2025 14:27:33 [AWT-EventQueue-0] AuthenticationService - Employee login successful for identifier: tamgay
[INFO ] 24-05-2025 14:27:34 [AWT-EventQueue-0] HashService - HashService initialized with SHA-256
[WARN ] 24-05-2025 14:27:34 [AWT-EventQueue-0] QueryTranslatorImpl - HHH000104: firstResult/maxResults specified with collection fetch; applying in memory!
[INFO ] 24-05-2025 14:27:34 [AWT-EventQueue-0] CategoryDao - All categories retrieved successfully with pagination. Total count: 4
[INFO ] 24-05-2025 14:27:34 [AWT-EventQueue-0] ProductDao - All products retrieved successfully with pagination. Total count: 33
[INFO ] 24-05-2025 14:27:45 [AWT-EventQueue-0] ProductDao - All products retrieved successfully with pagination. Total count: 33
[INFO ] 24-05-2025 14:27:46 [AWT-EventQueue-0] ProductDao - Product with name: Espresso and size: S retrieved successfully: 445
[INFO ] 24-05-2025 14:27:50 [AWT-EventQueue-0] CustomerDao - All Customers retrieved successfully from database. Total count: 6
[INFO ] 24-05-2025 14:27:50 [AWT-EventQueue-0] PersonServiceImpl - All Customers retrieved
[INFO ] 24-05-2025 14:27:54 [AWT-EventQueue-0] CustomerDao - All Customers retrieved successfully from database. Total count: 6
[INFO ] 24-05-2025 14:27:54 [AWT-EventQueue-0] PersonServiceImpl - All Customers retrieved
[INFO ] 24-05-2025 14:27:54 [AWT-EventQueue-0] ProductDao - Product with id: 445 retrieved successfully: Espresso
[INFO ] 24-05-2025 14:27:54 [AWT-EventQueue-0] OrderDetailDao - Merged Product for OrderItem: ID=445, Name=Espresso
[INFO ] 24-05-2025 14:27:54 [AWT-EventQueue-0] OrderDetailDao - OrderDetail persisted in database successfully
[INFO ] 24-05-2025 14:28:08 [AWT-EventQueue-0] PaymentDao - Payment persisted successfully
[INFO ] 24-05-2025 14:28:13 [AWT-EventQueue-0] PaymentDao - Payment updated successfully
[INFO ] 24-05-2025 14:28:35 [AWT-EventQueue-0] PaymentDao - Payment persisted successfully
[INFO ] 24-05-2025 14:28:38 [AWT-EventQueue-0] PaymentDao - Payment persisted successfully
[INFO ] 24-05-2025 14:28:38 [AWT-EventQueue-0] CustomerDao - Customer with id: 456 updated in database successfully
[INFO ] 24-05-2025 14:28:38 [AWT-EventQueue-0] PersonServiceImpl - Customer with id 456 updated
[INFO ] 24-05-2025 14:28:39 [AWT-EventQueue-0] InvoiceDao - Invoice saved successfully
[INFO ] 24-05-2025 14:28:48 [AWT-EventQueue-0] ProductDao - All products retrieved successfully with pagination. Total count: 33
[INFO ] 24-05-2025 14:29:59 [AWT-EventQueue-0] ProductDao - All products retrieved successfully with pagination. Total count: 33
[INFO ] 24-05-2025 14:30:05 [AWT-EventQueue-0] HashService - HashService initialized with SHA-256
[INFO ] 24-05-2025 14:30:15 [AWT-EventQueue-0] AuthenticationService - Login attempt for identifier: khanhadmin
[INFO ] 24-05-2025 14:30:15 [AWT-EventQueue-0] EmployeeDao - Employee with username: khanhadmin retrieved successfully from database
[INFO ] 24-05-2025 14:30:15 [AWT-EventQueue-0] EmployeeDao - Employee with email: khanhadmin retrieved successfully from database
[INFO ] 24-05-2025 14:30:15 [AWT-EventQueue-0] OwnerDao - Owner with username: khanhadmin retrieved successfully from database
[INFO ] 24-05-2025 14:30:15 [AWT-EventQueue-0] HashService - Hashing successful
[INFO ] 24-05-2025 14:30:15 [AWT-EventQueue-0] UserSessionDao - UserSession persisted in database successfully
[INFO ] 24-05-2025 14:30:15 [AWT-EventQueue-0] AuthenticationService - Owner login successful for identifier: khanhadmin
[INFO ] 24-05-2025 14:30:16 [AWT-EventQueue-0] HashService - HashService initialized with SHA-256
[INFO ] 24-05-2025 14:30:16 [AWT-EventQueue-0] HashService - HashService initialized with SHA-256
[INFO ] 24-05-2025 14:30:17 [AWT-EventQueue-0] EmployeeDao - All Employees retrieved successfully from database. Total count: 13
[INFO ] 24-05-2025 14:30:17 [AWT-EventQueue-0] PersonServiceImpl - All Employees retrieved
[INFO ] 24-05-2025 14:30:19 [AWT-EventQueue-0] CustomerDao - All Customers retrieved successfully from database. Total count: 6
[INFO ] 24-05-2025 14:30:19 [AWT-EventQueue-0] PersonServiceImpl - All Customers retrieved
[INFO ] 24-05-2025 14:30:19 [AWT-EventQueue-0] CustomerDao - All Customers retrieved successfully from database. Total count: 6
[INFO ] 24-05-2025 14:30:19 [AWT-EventQueue-0] PersonServiceImpl - All Customers retrieved
[INFO ] 24-05-2025 14:30:25 [AWT-EventQueue-0] CustomerDao - All Customers retrieved successfully from database. Total count: 6
[INFO ] 24-05-2025 14:30:25 [AWT-EventQueue-0] PersonServiceImpl - All Customers retrieved
[INFO ] 24-05-2025 14:30:25 [AWT-EventQueue-0] CustomerDao - Customer with id: 460 retrieved successfully from database
[INFO ] 24-05-2025 14:30:26 [AWT-EventQueue-0] CustomerDao - Customer with id: 460 deleted from database successfully
[INFO ] 24-05-2025 14:30:26 [AWT-EventQueue-0] PersonServiceImpl - Customer with id 460 deleted
[INFO ] 24-05-2025 14:30:26 [AWT-EventQueue-0] CustomerDao - All Customers retrieved successfully from database. Total count: 5
[INFO ] 24-05-2025 14:30:26 [AWT-EventQueue-0] PersonServiceImpl - All Customers retrieved
[INFO ] 24-05-2025 14:30:26 [AWT-EventQueue-0] CustomerDao - All Customers retrieved successfully from database. Total count: 5
[INFO ] 24-05-2025 14:30:26 [AWT-EventQueue-0] PersonServiceImpl - All Customers retrieved
[INFO ] 24-05-2025 14:30:29 [AWT-EventQueue-0] CustomerDao - All Customers retrieved successfully from database. Total count: 5
[INFO ] 24-05-2025 14:30:29 [AWT-EventQueue-0] PersonServiceImpl - All Customers retrieved
[INFO ] 24-05-2025 14:30:29 [AWT-EventQueue-0] CustomerDao - Customer with id: 471 retrieved successfully from database
[INFO ] 24-05-2025 14:30:29 [AWT-EventQueue-0] CustomerDao - Customer with id: 471 deleted from database successfully
[INFO ] 24-05-2025 14:30:29 [AWT-EventQueue-0] PersonServiceImpl - Customer with id 471 deleted
[INFO ] 24-05-2025 14:30:29 [AWT-EventQueue-0] CustomerDao - All Customers retrieved successfully from database. Total count: 4
[INFO ] 24-05-2025 14:30:29 [AWT-EventQueue-0] PersonServiceImpl - All Customers retrieved
[INFO ] 24-05-2025 14:30:29 [AWT-EventQueue-0] CustomerDao - All Customers retrieved successfully from database. Total count: 4
[INFO ] 24-05-2025 14:30:29 [AWT-EventQueue-0] PersonServiceImpl - All Customers retrieved
[INFO ] 24-05-2025 14:30:34 [AWT-EventQueue-0] CustomerDao - All Customers retrieved successfully from database. Total count: 4
[INFO ] 24-05-2025 14:30:34 [AWT-EventQueue-0] PersonServiceImpl - All Customers retrieved
[ERROR] 24-05-2025 14:30:50 [AWT-EventQueue-0] CustomerDao - Database error while retrieving Customer with phone: 111111111
org.hibernate.NonUniqueResultException: query did not return a unique result: 2
	at org.hibernate.query.internal.AbstractProducedQuery.uniqueElement(AbstractProducedQuery.java:1684) ~[hibernate-core-5.6.15.Final.jar:5.6.15.Final]
	at org.hibernate.query.internal.AbstractProducedQuery.uniqueResult(AbstractProducedQuery.java:1659) ~[hibernate-core-5.6.15.Final.jar:5.6.15.Final]
	at dao.CustomerDao.findByPhone(CustomerDao.java:200) ~[classes/:?]
	at service.PersonServiceImpl.getCustomerByPhone(PersonServiceImpl.java:199) ~[classes/:?]
	at ui.CustomerPanel.isPhoneValid(CustomerPanel.java:212) ~[classes/:?]
	at ui.CustomerPanel.lambda$10(CustomerPanel.java:398) ~[classes/:?]
	at java.desktop/javax.swing.AbstractButton.fireActionPerformed(AbstractButton.java:1972) ~[?:?]
	at java.desktop/javax.swing.AbstractButton$Handler.actionPerformed(AbstractButton.java:2314) ~[?:?]
	at java.desktop/javax.swing.DefaultButtonModel.fireActionPerformed(DefaultButtonModel.java:407) ~[?:?]
	at java.desktop/javax.swing.DefaultButtonModel.setPressed(DefaultButtonModel.java:262) ~[?:?]
	at java.desktop/javax.swing.plaf.basic.BasicButtonListener.mouseReleased(BasicButtonListener.java:279) ~[?:?]
	at java.desktop/java.awt.Component.processMouseEvent(Component.java:6621) ~[?:?]
	at java.desktop/javax.swing.JComponent.processMouseEvent(JComponent.java:3398) ~[?:?]
	at java.desktop/java.awt.Component.processEvent(Component.java:6386) ~[?:?]
	at java.desktop/java.awt.Container.processEvent(Container.java:2266) ~[?:?]
	at java.desktop/java.awt.Component.dispatchEventImpl(Component.java:4996) ~[?:?]
	at java.desktop/java.awt.Container.dispatchEventImpl(Container.java:2324) ~[?:?]
	at java.desktop/java.awt.Component.dispatchEvent(Component.java:4828) ~[?:?]
	at java.desktop/java.awt.LightweightDispatcher.retargetMouseEvent(Container.java:4948) ~[?:?]
	at java.desktop/java.awt.LightweightDispatcher.processMouseEvent(Container.java:4575) ~[?:?]
	at java.desktop/java.awt.LightweightDispatcher.dispatchEvent(Container.java:4516) ~[?:?]
	at java.desktop/java.awt.Container.dispatchEventImpl(Container.java:2310) ~[?:?]
	at java.desktop/java.awt.Window.dispatchEventImpl(Window.java:2780) ~[?:?]
	at java.desktop/java.awt.Component.dispatchEvent(Component.java:4828) ~[?:?]
	at java.desktop/java.awt.EventQueue.dispatchEventImpl(EventQueue.java:775) ~[?:?]
	at java.desktop/java.awt.EventQueue$4.run(EventQueue.java:720) ~[?:?]
	at java.desktop/java.awt.EventQueue$4.run(EventQueue.java:714) ~[?:?]
	at java.base/java.security.AccessController.doPrivileged(AccessController.java:400) [?:?]
	at java.base/java.security.ProtectionDomain$JavaSecurityAccessImpl.doIntersectionPrivilege(ProtectionDomain.java:87) [?:?]
	at java.base/java.security.ProtectionDomain$JavaSecurityAccessImpl.doIntersectionPrivilege(ProtectionDomain.java:98) [?:?]
	at java.desktop/java.awt.EventQueue$5.run(EventQueue.java:747) [?:?]
	at java.desktop/java.awt.EventQueue$5.run(EventQueue.java:745) [?:?]
	at java.base/java.security.AccessController.doPrivileged(AccessController.java:400) ~[?:?]
	at java.base/java.security.ProtectionDomain$JavaSecurityAccessImpl.doIntersectionPrivilege(ProtectionDomain.java:87) ~[?:?]
	at java.desktop/java.awt.EventQueue.dispatchEvent(EventQueue.java:744) ~[?:?]
	at java.desktop/java.awt.EventDispatchThread.pumpOneEventForFilters(EventDispatchThread.java:203) ~[?:?]
	at java.desktop/java.awt.EventDispatchThread.pumpEventsForFilter(EventDispatchThread.java:124) ~[?:?]
	at java.desktop/java.awt.EventDispatchThread.pumpEventsForFilter(EventDispatchThread.java:117) ~[?:?]
	at java.desktop/java.awt.WaitDispatchSupport$2.run(WaitDispatchSupport.java:191) ~[?:?]
	at java.desktop/java.awt.WaitDispatchSupport$4.run(WaitDispatchSupport.java:236) ~[?:?]
	at java.desktop/java.awt.WaitDispatchSupport$4.run(WaitDispatchSupport.java:234) ~[?:?]
	at java.base/java.security.AccessController.doPrivileged(AccessController.java:319) ~[?:?]
	at java.desktop/java.awt.WaitDispatchSupport.enter(WaitDispatchSupport.java:234) ~[?:?]
	at java.desktop/java.awt.Dialog.show(Dialog.java:1079) ~[?:?]
	at java.desktop/java.awt.Component.show(Component.java:1728) ~[?:?]
	at java.desktop/java.awt.Component.setVisible(Component.java:1675) ~[?:?]
	at java.desktop/java.awt.Window.setVisible(Window.java:1036) ~[?:?]
	at java.desktop/java.awt.Dialog.setVisible(Dialog.java:1015) ~[?:?]
	at ui.CustomerPanel.addDialogButtons(CustomerPanel.java:516) ~[classes/:?]
	at ui.CustomerPanel.editCustomer(CustomerPanel.java:444) ~[classes/:?]
	at ui.CustomerPanel.lambda$12(CustomerPanel.java:578) ~[classes/:?]
	at java.desktop/javax.swing.AbstractButton.fireActionPerformed(AbstractButton.java:1972) ~[?:?]
	at java.desktop/javax.swing.AbstractButton$Handler.actionPerformed(AbstractButton.java:2314) ~[?:?]
	at java.desktop/javax.swing.DefaultButtonModel.fireActionPerformed(DefaultButtonModel.java:407) ~[?:?]
	at java.desktop/javax.swing.DefaultButtonModel.setPressed(DefaultButtonModel.java:262) ~[?:?]
	at java.desktop/javax.swing.plaf.basic.BasicButtonListener.mouseReleased(BasicButtonListener.java:279) ~[?:?]
	at java.desktop/java.awt.Component.processMouseEvent(Component.java:6621) ~[?:?]
	at java.desktop/javax.swing.JComponent.processMouseEvent(JComponent.java:3398) ~[?:?]
	at java.desktop/java.awt.Component.processEvent(Component.java:6386) ~[?:?]
	at java.desktop/java.awt.Container.processEvent(Container.java:2266) ~[?:?]
	at java.desktop/java.awt.Component.dispatchEventImpl(Component.java:4996) ~[?:?]
	at java.desktop/java.awt.Container.dispatchEventImpl(Container.java:2324) ~[?:?]
	at java.desktop/java.awt.Component.dispatchEvent(Component.java:4828) ~[?:?]
	at java.desktop/javax.swing.plaf.basic.BasicTableUI$Handler.repostEvent(BasicTableUI.java:978) ~[?:?]
	at java.desktop/javax.swing.plaf.basic.BasicTableUI$Handler.mouseReleased(BasicTableUI.java:1194) ~[?:?]
	at java.desktop/java.awt.AWTEventMulticaster.mouseReleased(AWTEventMulticaster.java:298) ~[?:?]
	at java.desktop/java.awt.Component.processMouseEvent(Component.java:6621) ~[?:?]
	at java.desktop/javax.swing.JComponent.processMouseEvent(JComponent.java:3398) ~[?:?]
	at java.desktop/java.awt.Component.processEvent(Component.java:6386) ~[?:?]
	at java.desktop/java.awt.Container.processEvent(Container.java:2266) ~[?:?]
	at java.desktop/java.awt.Component.dispatchEventImpl(Component.java:4996) ~[?:?]
	at java.desktop/java.awt.Container.dispatchEventImpl(Container.java:2324) ~[?:?]
	at java.desktop/java.awt.Component.dispatchEvent(Component.java:4828) ~[?:?]
	at java.desktop/java.awt.LightweightDispatcher.retargetMouseEvent(Container.java:4948) ~[?:?]
	at java.desktop/java.awt.LightweightDispatcher.processMouseEvent(Container.java:4575) ~[?:?]
	at java.desktop/java.awt.LightweightDispatcher.dispatchEvent(Container.java:4516) ~[?:?]
	at java.desktop/java.awt.Container.dispatchEventImpl(Container.java:2310) ~[?:?]
	at java.desktop/java.awt.Window.dispatchEventImpl(Window.java:2780) ~[?:?]
	at java.desktop/java.awt.Component.dispatchEvent(Component.java:4828) ~[?:?]
	at java.desktop/java.awt.EventQueue.dispatchEventImpl(EventQueue.java:775) ~[?:?]
	at java.desktop/java.awt.EventQueue$4.run(EventQueue.java:720) ~[?:?]
	at java.desktop/java.awt.EventQueue$4.run(EventQueue.java:714) ~[?:?]
	at java.base/java.security.AccessController.doPrivileged(AccessController.java:400) [?:?]
	at java.base/java.security.ProtectionDomain$JavaSecurityAccessImpl.doIntersectionPrivilege(ProtectionDomain.java:87) ~[?:?]
	at java.base/java.security.ProtectionDomain$JavaSecurityAccessImpl.doIntersectionPrivilege(ProtectionDomain.java:98) ~[?:?]
	at java.desktop/java.awt.EventQueue$5.run(EventQueue.java:747) ~[?:?]
	at java.desktop/java.awt.EventQueue$5.run(EventQueue.java:745) ~[?:?]
	at java.base/java.security.AccessController.doPrivileged(AccessController.java:400) [?:?]
	at java.base/java.security.ProtectionDomain$JavaSecurityAccessImpl.doIntersectionPrivilege(ProtectionDomain.java:87) [?:?]
	at java.desktop/java.awt.EventQueue.dispatchEvent(EventQueue.java:744) [?:?]
	at java.desktop/java.awt.EventDispatchThread.pumpOneEventForFilters(EventDispatchThread.java:203) [?:?]
	at java.desktop/java.awt.EventDispatchThread.pumpEventsForFilter(EventDispatchThread.java:124) [?:?]
	at java.desktop/java.awt.EventDispatchThread.pumpEventsForHierarchy(EventDispatchThread.java:113) [?:?]
	at java.desktop/java.awt.EventDispatchThread.pumpEvents(EventDispatchThread.java:109) [?:?]
	at java.desktop/java.awt.EventDispatchThread.pumpEvents(EventDispatchThread.java:101) [?:?]
	at java.desktop/java.awt.EventDispatchThread.run(EventDispatchThread.java:90) [?:?]
[INFO ] 24-05-2025 14:31:43 [AWT-EventQueue-0] CustomerDao - No Customer found with phone: 222222222
[INFO ] 24-05-2025 14:31:43 [AWT-EventQueue-0] PersonServiceImpl - Customer with phone 222222222 retrieved
[INFO ] 24-05-2025 14:31:43 [AWT-EventQueue-0] CustomerDao - Customer with id: 456 updated in database successfully
[INFO ] 24-05-2025 14:31:43 [AWT-EventQueue-0] PersonServiceImpl - Customer with id 456 updated
[INFO ] 24-05-2025 14:31:43 [AWT-EventQueue-0] CustomerDao - All Customers retrieved successfully from database. Total count: 4
[INFO ] 24-05-2025 14:31:43 [AWT-EventQueue-0] PersonServiceImpl - All Customers retrieved
[INFO ] 24-05-2025 14:31:43 [AWT-EventQueue-0] CustomerDao - All Customers retrieved successfully from database. Total count: 4
[INFO ] 24-05-2025 14:31:43 [AWT-EventQueue-0] PersonServiceImpl - All Customers retrieved
[INFO ] 24-05-2025 14:46:01 [AWT-EventQueue-0] Version - HHH000412: Hibernate ORM core version 5.6.15.Final
[WARN ] 24-05-2025 14:46:01 [AWT-EventQueue-0] deprecation - HHH90000012: Recognized obsolete hibernate namespace http://hibernate.sourceforge.net/hibernate-configuration. Use namespace http://www.hibernate.org/dtd/hibernate-configuration instead.  Support for obsolete DTD/XSD namespaces may be removed at any time.
[INFO ] 24-05-2025 14:46:02 [AWT-EventQueue-0] HibernateUtil - Hibernate Schema Mode: UPDATE
[INFO ] 24-05-2025 14:46:02 [AWT-EventQueue-0] Version - HCANN000001: Hibernate Commons Annotations {5.1.2.Final}
[WARN ] 24-05-2025 14:46:02 [AWT-EventQueue-0] deprecation - HHH90000012: Recognized obsolete hibernate namespace http://hibernate.sourceforge.net/hibernate-mapping. Use namespace http://www.hibernate.org/dtd/hibernate-mapping instead.  Support for obsolete DTD/XSD namespaces may be removed at any time.
[WARN ] 24-05-2025 14:46:02 [AWT-EventQueue-0] deprecation - HHH90000012: Recognized obsolete hibernate namespace http://hibernate.sourceforge.net/hibernate-mapping. Use namespace http://www.hibernate.org/dtd/hibernate-mapping instead.  Support for obsolete DTD/XSD namespaces may be removed at any time.
[WARN ] 24-05-2025 14:46:02 [AWT-EventQueue-0] deprecation - HHH90000012: Recognized obsolete hibernate namespace http://hibernate.sourceforge.net/hibernate-mapping. Use namespace http://www.hibernate.org/dtd/hibernate-mapping instead.  Support for obsolete DTD/XSD namespaces may be removed at any time.
[WARN ] 24-05-2025 14:46:02 [AWT-EventQueue-0] deprecation - HHH90000012: Recognized obsolete hibernate namespace http://hibernate.sourceforge.net/hibernate-mapping. Use namespace http://www.hibernate.org/dtd/hibernate-mapping instead.  Support for obsolete DTD/XSD namespaces may be removed at any time.
[INFO ] 24-05-2025 14:46:03 [AWT-EventQueue-0] C3P0ConnectionProvider - HHH010002: C3P0 using driver: oracle.jdbc.OracleDriver at URL: jdbc:oracle:thin:@localhost:1521/orcl
[INFO ] 24-05-2025 14:46:03 [AWT-EventQueue-0] C3P0ConnectionProvider - HHH10001001: Connection properties: {password=****, user=Khanh}
[INFO ] 24-05-2025 14:46:03 [AWT-EventQueue-0] C3P0ConnectionProvider - HHH10001003: Autocommit mode: false
[INFO ] 24-05-2025 14:46:03 [AWT-EventQueue-0] C3P0ConnectionProvider - HHH10001007: JDBC isolation level: <unknown>
[INFO ] 24-05-2025 14:46:04 [AWT-EventQueue-0] Dialect - HHH000400: Using dialect: org.hibernate.dialect.Oracle12cDialect
[INFO ] 24-05-2025 14:46:05 [AWT-EventQueue-0] access - HHH10001501: Connection obtained from JdbcConnectionAccess [org.hibernate.engine.jdbc.env.internal.JdbcEnvironmentInitiator$ConnectionProviderJdbcConnectionAccess@600b56cc] for (non-JTA) DDL execution was not in auto-commit mode; the Connection 'local transaction' will be committed and the Connection will be set into auto-commit mode.
[INFO ] 24-05-2025 14:46:05 [AWT-EventQueue-0] access - HHH10001501: Connection obtained from JdbcConnectionAccess [org.hibernate.engine.jdbc.env.internal.JdbcEnvironmentInitiator$ConnectionProviderJdbcConnectionAccess@2aee1fc4] for (non-JTA) DDL execution was not in auto-commit mode; the Connection 'local transaction' will be committed and the Connection will be set into auto-commit mode.
[INFO ] 24-05-2025 14:46:07 [AWT-EventQueue-0] JtaPlatformInitiator - HHH000490: Using JtaPlatform implementation: [org.hibernate.engine.transaction.jta.platform.internal.NoJtaPlatform]
[INFO ] 24-05-2025 14:46:07 [AWT-EventQueue-0] HashService - HashService initialized with SHA-256
[INFO ] 24-05-2025 14:46:21 [AWT-EventQueue-0] AuthenticationService - Login attempt for identifier: tamgay
[INFO ] 24-05-2025 14:46:21 [AWT-EventQueue-0] EmployeeDao - Employee with username: tamgay retrieved successfully from database
[INFO ] 24-05-2025 14:46:21 [AWT-EventQueue-0] HashService - Hashing successful
[INFO ] 24-05-2025 14:46:21 [AWT-EventQueue-0] UserSessionDao - UserSession persisted in database successfully
[INFO ] 24-05-2025 14:46:21 [AWT-EventQueue-0] AuthenticationService - Employee login successful for identifier: tamgay
[INFO ] 24-05-2025 14:46:22 [AWT-EventQueue-0] HashService - HashService initialized with SHA-256
[WARN ] 24-05-2025 14:46:22 [AWT-EventQueue-0] QueryTranslatorImpl - HHH000104: firstResult/maxResults specified with collection fetch; applying in memory!
[INFO ] 24-05-2025 14:46:22 [AWT-EventQueue-0] CategoryDao - All categories retrieved successfully with pagination. Total count: 4
[INFO ] 24-05-2025 14:46:22 [AWT-EventQueue-0] ProductDao - All products retrieved successfully with pagination. Total count: 33
[INFO ] 24-05-2025 14:46:24 [AWT-EventQueue-0] ProductDao - All products retrieved successfully with pagination. Total count: 33
[INFO ] 24-05-2025 14:46:26 [AWT-EventQueue-0] ProductDao - Product with name: Trà chanh and size: M retrieved successfully: 327
[INFO ] 24-05-2025 14:46:30 [AWT-EventQueue-0] ProductDao - All products retrieved successfully with pagination. Total count: 33
[INFO ] 24-05-2025 14:46:31 [AWT-EventQueue-0] ProductDao - Product with name: Bánh flan and size: Default retrieved successfully: 331
[INFO ] 24-05-2025 14:46:35 [AWT-EventQueue-0] CustomerDao - All Customers retrieved successfully from database. Total count: 4
[INFO ] 24-05-2025 14:46:35 [AWT-EventQueue-0] PersonServiceImpl - All Customers retrieved
[INFO ] 24-05-2025 14:46:46 [AWT-EventQueue-0] CustomerDao - All Customers retrieved successfully from database. Total count: 4
[INFO ] 24-05-2025 14:46:46 [AWT-EventQueue-0] PersonServiceImpl - All Customers retrieved
[INFO ] 24-05-2025 14:46:46 [AWT-EventQueue-0] ProductDao - Product with id: 327 retrieved successfully: Trà chanh
[INFO ] 24-05-2025 14:46:46 [AWT-EventQueue-0] ProductDao - Product with id: 331 retrieved successfully: Bánh flan
[INFO ] 24-05-2025 14:46:46 [AWT-EventQueue-0] OrderDetailDao - Merged Product for OrderItem: ID=327, Name=Trà chanh
[INFO ] 24-05-2025 14:46:46 [AWT-EventQueue-0] OrderDetailDao - Merged Product for OrderItem: ID=331, Name=Bánh flan
[INFO ] 24-05-2025 14:46:46 [AWT-EventQueue-0] OrderDetailDao - OrderDetail persisted in database successfully
[INFO ] 24-05-2025 14:57:05 [AWT-EventQueue-0] Version - HHH000412: Hibernate ORM core version 5.6.15.Final
[WARN ] 24-05-2025 14:57:05 [AWT-EventQueue-0] deprecation - HHH90000012: Recognized obsolete hibernate namespace http://hibernate.sourceforge.net/hibernate-configuration. Use namespace http://www.hibernate.org/dtd/hibernate-configuration instead.  Support for obsolete DTD/XSD namespaces may be removed at any time.
[INFO ] 24-05-2025 14:57:06 [AWT-EventQueue-0] HibernateUtil - Hibernate Schema Mode: UPDATE
[INFO ] 24-05-2025 14:57:06 [AWT-EventQueue-0] Version - HCANN000001: Hibernate Commons Annotations {5.1.2.Final}
[WARN ] 24-05-2025 14:57:06 [AWT-EventQueue-0] deprecation - HHH90000012: Recognized obsolete hibernate namespace http://hibernate.sourceforge.net/hibernate-mapping. Use namespace http://www.hibernate.org/dtd/hibernate-mapping instead.  Support for obsolete DTD/XSD namespaces may be removed at any time.
[WARN ] 24-05-2025 14:57:06 [AWT-EventQueue-0] deprecation - HHH90000012: Recognized obsolete hibernate namespace http://hibernate.sourceforge.net/hibernate-mapping. Use namespace http://www.hibernate.org/dtd/hibernate-mapping instead.  Support for obsolete DTD/XSD namespaces may be removed at any time.
[WARN ] 24-05-2025 14:57:07 [AWT-EventQueue-0] deprecation - HHH90000012: Recognized obsolete hibernate namespace http://hibernate.sourceforge.net/hibernate-mapping. Use namespace http://www.hibernate.org/dtd/hibernate-mapping instead.  Support for obsolete DTD/XSD namespaces may be removed at any time.
[WARN ] 24-05-2025 14:57:07 [AWT-EventQueue-0] deprecation - HHH90000012: Recognized obsolete hibernate namespace http://hibernate.sourceforge.net/hibernate-mapping. Use namespace http://www.hibernate.org/dtd/hibernate-mapping instead.  Support for obsolete DTD/XSD namespaces may be removed at any time.
[INFO ] 24-05-2025 14:57:07 [AWT-EventQueue-0] C3P0ConnectionProvider - HHH010002: C3P0 using driver: oracle.jdbc.OracleDriver at URL: jdbc:oracle:thin:@localhost:1521/orcl
[INFO ] 24-05-2025 14:57:07 [AWT-EventQueue-0] C3P0ConnectionProvider - HHH10001001: Connection properties: {password=****, user=Khanh}
[INFO ] 24-05-2025 14:57:07 [AWT-EventQueue-0] C3P0ConnectionProvider - HHH10001003: Autocommit mode: false
[INFO ] 24-05-2025 14:57:07 [AWT-EventQueue-0] C3P0ConnectionProvider - HHH10001007: JDBC isolation level: <unknown>
[INFO ] 24-05-2025 14:57:08 [AWT-EventQueue-0] Dialect - HHH000400: Using dialect: org.hibernate.dialect.Oracle12cDialect
[INFO ] 24-05-2025 14:57:09 [AWT-EventQueue-0] access - HHH10001501: Connection obtained from JdbcConnectionAccess [org.hibernate.engine.jdbc.env.internal.JdbcEnvironmentInitiator$ConnectionProviderJdbcConnectionAccess@600b56cc] for (non-JTA) DDL execution was not in auto-commit mode; the Connection 'local transaction' will be committed and the Connection will be set into auto-commit mode.
[INFO ] 24-05-2025 14:57:09 [AWT-EventQueue-0] access - HHH10001501: Connection obtained from JdbcConnectionAccess [org.hibernate.engine.jdbc.env.internal.JdbcEnvironmentInitiator$ConnectionProviderJdbcConnectionAccess@2aee1fc4] for (non-JTA) DDL execution was not in auto-commit mode; the Connection 'local transaction' will be committed and the Connection will be set into auto-commit mode.
[INFO ] 24-05-2025 14:57:10 [AWT-EventQueue-0] JtaPlatformInitiator - HHH000490: Using JtaPlatform implementation: [org.hibernate.engine.transaction.jta.platform.internal.NoJtaPlatform]
[INFO ] 24-05-2025 14:57:10 [AWT-EventQueue-0] HashService - HashService initialized with SHA-256
[INFO ] 24-05-2025 14:57:20 [AWT-EventQueue-0] AuthenticationService - Login attempt for identifier: tamgay
[INFO ] 24-05-2025 14:57:20 [AWT-EventQueue-0] EmployeeDao - Employee with username: tamgay retrieved successfully from database
[INFO ] 24-05-2025 14:57:20 [AWT-EventQueue-0] HashService - Hashing successful
[INFO ] 24-05-2025 14:57:20 [AWT-EventQueue-0] UserSessionDao - UserSession persisted in database successfully
[INFO ] 24-05-2025 14:57:20 [AWT-EventQueue-0] AuthenticationService - Employee login successful for identifier: tamgay
[INFO ] 24-05-2025 14:57:21 [AWT-EventQueue-0] HashService - HashService initialized with SHA-256
[WARN ] 24-05-2025 14:57:21 [AWT-EventQueue-0] QueryTranslatorImpl - HHH000104: firstResult/maxResults specified with collection fetch; applying in memory!
[INFO ] 24-05-2025 14:57:21 [AWT-EventQueue-0] CategoryDao - All categories retrieved successfully with pagination. Total count: 4
[INFO ] 24-05-2025 14:57:21 [AWT-EventQueue-0] ProductDao - All products retrieved successfully with pagination. Total count: 33
[INFO ] 24-05-2025 14:57:23 [AWT-EventQueue-0] EmployeeDao - Employee with username: tamgay retrieved successfully from database
[INFO ] 24-05-2025 14:57:23 [AWT-EventQueue-0] PersonServiceImpl - Employee with username tamgay retrieved
[WARN ] 24-05-2025 14:57:24 [AWT-EventQueue-0] QueryTranslatorImpl - HHH000104: firstResult/maxResults specified with collection fetch; applying in memory!
[INFO ] 24-05-2025 14:57:24 [AWT-EventQueue-0] CategoryDao - All categories retrieved successfully with pagination. Total count: 4
[INFO ] 24-05-2025 14:57:24 [AWT-EventQueue-0] ProductDao - All products retrieved successfully with pagination. Total count: 33
[INFO ] 24-05-2025 14:57:26 [AWT-EventQueue-0] ProductDao - All products retrieved successfully with pagination. Total count: 33
[INFO ] 24-05-2025 14:57:27 [AWT-EventQueue-0] ProductDao - Product with name: Tiramisu Cake and size: Default retrieved successfully: 458
[INFO ] 24-05-2025 14:57:32 [AWT-EventQueue-0] CustomerDao - All Customers retrieved successfully from database. Total count: 4
[INFO ] 24-05-2025 14:57:32 [AWT-EventQueue-0] PersonServiceImpl - All Customers retrieved
[INFO ] 24-05-2025 14:57:36 [AWT-EventQueue-0] CustomerDao - All Customers retrieved successfully from database. Total count: 4
[INFO ] 24-05-2025 14:57:36 [AWT-EventQueue-0] PersonServiceImpl - All Customers retrieved
[INFO ] 24-05-2025 14:57:36 [AWT-EventQueue-0] ProductDao - Product with id: 458 retrieved successfully: Tiramisu Cake
[INFO ] 24-05-2025 14:57:36 [AWT-EventQueue-0] OrderDetailDao - Merged Product for OrderItem: ID=458, Name=Tiramisu Cake
[INFO ] 24-05-2025 14:57:36 [AWT-EventQueue-0] OrderDetailDao - OrderDetail persisted in database successfully
[INFO ] 24-05-2025 14:57:39 [AWT-EventQueue-0] PaymentDao - Payment persisted successfully
[INFO ] 24-05-2025 14:57:39 [AWT-EventQueue-0] CustomerDao - Customer with id: 204 updated in database successfully
[INFO ] 24-05-2025 14:57:39 [AWT-EventQueue-0] PersonServiceImpl - Customer with id 204 updated
[INFO ] 24-05-2025 14:57:39 [AWT-EventQueue-0] InvoiceDao - Invoice saved successfully
[INFO ] 24-05-2025 14:57:42 [AWT-EventQueue-0] ProductDao - All products retrieved successfully with pagination. Total count: 33
[INFO ] 24-05-2025 14:57:55 [AWT-EventQueue-0] ProductDao - All products retrieved successfully with pagination. Total count: 33
[INFO ] 24-05-2025 14:58:07 [AWT-EventQueue-0] ProductDao - All products retrieved successfully with pagination. Total count: 33
[INFO ] 24-05-2025 14:58:08 [AWT-EventQueue-0] ProductDao - All products retrieved successfully with pagination. Total count: 33
[INFO ] 24-05-2025 14:58:09 [AWT-EventQueue-0] ProductDao - Product with name: MatchaLatte and size: S retrieved successfully: 442
[INFO ] 24-05-2025 14:58:12 [AWT-EventQueue-0] ProductDao - All products retrieved successfully with pagination. Total count: 33
[INFO ] 24-05-2025 14:58:13 [AWT-EventQueue-0] ProductDao - Product with name: Trà chanh and size: M retrieved successfully: 327
[INFO ] 24-05-2025 14:58:17 [AWT-EventQueue-0] CustomerDao - All Customers retrieved successfully from database. Total count: 4
[INFO ] 24-05-2025 14:58:17 [AWT-EventQueue-0] PersonServiceImpl - All Customers retrieved
[INFO ] 24-05-2025 14:58:59 [AWT-EventQueue-0] CustomerDao - All Customers retrieved successfully from database. Total count: 4
[INFO ] 24-05-2025 14:58:59 [AWT-EventQueue-0] PersonServiceImpl - All Customers retrieved
[INFO ] 24-05-2025 14:58:59 [AWT-EventQueue-0] CustomerDao - Customer persisted in database successfully
[INFO ] 24-05-2025 14:58:59 [AWT-EventQueue-0] PersonServiceImpl - Customer created
[INFO ] 24-05-2025 14:58:59 [AWT-EventQueue-0] ProductDao - Product with id: 442 retrieved successfully: MatchaLatte
[INFO ] 24-05-2025 14:58:59 [AWT-EventQueue-0] ProductDao - Product with id: 327 retrieved successfully: Trà chanh
[INFO ] 24-05-2025 14:58:59 [AWT-EventQueue-0] OrderDetailDao - Merged Product for OrderItem: ID=327, Name=Trà chanh
[INFO ] 24-05-2025 14:58:59 [AWT-EventQueue-0] OrderDetailDao - Merged Product for OrderItem: ID=442, Name=MatchaLatte
[INFO ] 24-05-2025 14:58:59 [AWT-EventQueue-0] OrderDetailDao - OrderDetail persisted in database successfully
[INFO ] 24-05-2025 14:59:32 [AWT-EventQueue-0] PaymentDao - Payment persisted successfully
[INFO ] 24-05-2025 14:59:34 [AWT-EventQueue-0] PaymentDao - Payment persisted successfully
[INFO ] 24-05-2025 14:59:34 [AWT-EventQueue-0] CustomerDao - Customer with id: 558 updated in database successfully
[INFO ] 24-05-2025 14:59:34 [AWT-EventQueue-0] PersonServiceImpl - Customer with id 558 updated
[INFO ] 24-05-2025 14:59:34 [AWT-EventQueue-0] InvoiceDao - Invoice saved successfully
[INFO ] 24-05-2025 14:59:38 [AWT-EventQueue-0] ProductDao - All products retrieved successfully with pagination. Total count: 33
