[INFO ] 08-06-2025 14:03:18 [AWT-EventQueue-0] Version - HHH000412: Hibernate ORM core version 5.6.15.Final
[WARN ] 08-06-2025 14:03:19 [AWT-EventQueue-0] deprecation - HHH90000012: Recognized obsolete hibernate namespace http://hibernate.sourceforge.net/hibernate-configuration. Use namespace http://www.hibernate.org/dtd/hibernate-configuration instead.  Support for obsolete DTD/XSD namespaces may be removed at any time.
[INFO ] 08-06-2025 14:03:19 [AWT-EventQueue-0] HibernateUtil - Hibernate Schema Mode: UPDATE
[INFO ] 08-06-2025 14:03:19 [AWT-EventQueue-0] Version - HCANN000001: Hibernate Commons Annotations {5.1.2.Final}
[WARN ] 08-06-2025 14:03:20 [AWT-EventQueue-0] deprecation - HHH90000012: Recognized obsolete hibernate namespace http://hibernate.sourceforge.net/hibernate-mapping. Use namespace http://www.hibernate.org/dtd/hibernate-mapping instead.  Support for obsolete DTD/XSD namespaces may be removed at any time.
[WARN ] 08-06-2025 14:03:20 [AWT-EventQueue-0] deprecation - HHH90000012: Recognized obsolete hibernate namespace http://hibernate.sourceforge.net/hibernate-mapping. Use namespace http://www.hibernate.org/dtd/hibernate-mapping instead.  Support for obsolete DTD/XSD namespaces may be removed at any time.
[WARN ] 08-06-2025 14:03:20 [AWT-EventQueue-0] deprecation - HHH90000012: Recognized obsolete hibernate namespace http://hibernate.sourceforge.net/hibernate-mapping. Use namespace http://www.hibernate.org/dtd/hibernate-mapping instead.  Support for obsolete DTD/XSD namespaces may be removed at any time.
[WARN ] 08-06-2025 14:03:20 [AWT-EventQueue-0] deprecation - HHH90000012: Recognized obsolete hibernate namespace http://hibernate.sourceforge.net/hibernate-mapping. Use namespace http://www.hibernate.org/dtd/hibernate-mapping instead.  Support for obsolete DTD/XSD namespaces may be removed at any time.
[INFO ] 08-06-2025 14:03:20 [AWT-EventQueue-0] C3P0ConnectionProvider - HHH010002: C3P0 using driver: oracle.jdbc.OracleDriver at URL: jdbc:oracle:thin:@localhost:1521/orcl
[INFO ] 08-06-2025 14:03:20 [AWT-EventQueue-0] C3P0ConnectionProvider - HHH10001001: Connection properties: {password=****, user=Khanh}
[INFO ] 08-06-2025 14:03:20 [AWT-EventQueue-0] C3P0ConnectionProvider - HHH10001003: Autocommit mode: false
[INFO ] 08-06-2025 14:03:20 [AWT-EventQueue-0] C3P0ConnectionProvider - HHH10001007: JDBC isolation level: <unknown>
[INFO ] 08-06-2025 14:03:21 [AWT-EventQueue-0] Dialect - HHH000400: Using dialect: org.hibernate.dialect.Oracle12cDialect
[INFO ] 08-06-2025 14:03:23 [AWT-EventQueue-0] access - HHH10001501: Connection obtained from JdbcConnectionAccess [org.hibernate.engine.jdbc.env.internal.JdbcEnvironmentInitiator$ConnectionProviderJdbcConnectionAccess@323589a3] for (non-JTA) DDL execution was not in auto-commit mode; the Connection 'local transaction' will be committed and the Connection will be set into auto-commit mode.
[INFO ] 08-06-2025 14:03:23 [AWT-EventQueue-0] access - HHH10001501: Connection obtained from JdbcConnectionAccess [org.hibernate.engine.jdbc.env.internal.JdbcEnvironmentInitiator$ConnectionProviderJdbcConnectionAccess@7df0a2fd] for (non-JTA) DDL execution was not in auto-commit mode; the Connection 'local transaction' will be committed and the Connection will be set into auto-commit mode.
[INFO ] 08-06-2025 14:03:37 [AWT-EventQueue-0] JtaPlatformInitiator - HHH000490: Using JtaPlatform implementation: [org.hibernate.engine.transaction.jta.platform.internal.NoJtaPlatform]
[INFO ] 08-06-2025 14:03:37 [AWT-EventQueue-0] HashService - HashService initialized with SHA-256
[INFO ] 08-06-2025 14:03:49 [AWT-EventQueue-0] AuthenticationService - Login attempt for identifier: khanhadmin
[INFO ] 08-06-2025 14:03:49 [AWT-EventQueue-0] EmployeeDao - Employee with username: khanhadmin retrieved successfully from database
[INFO ] 08-06-2025 14:03:49 [AWT-EventQueue-0] EmployeeDao - Employee with email: khanhadmin retrieved successfully from database
[INFO ] 08-06-2025 14:03:49 [AWT-EventQueue-0] OwnerDao - Owner with username: khanhadmin retrieved successfully from database
[INFO ] 08-06-2025 14:03:49 [AWT-EventQueue-0] HashService - Hashing successful
[INFO ] 08-06-2025 14:03:49 [AWT-EventQueue-0] UserSessionDao - UserSession persisted in database successfully
[INFO ] 08-06-2025 14:03:49 [AWT-EventQueue-0] AuthenticationService - Owner login successful for identifier: khanhadmin
[INFO ] 08-06-2025 14:03:50 [AWT-EventQueue-0] HashService - HashService initialized with SHA-256
[INFO ] 08-06-2025 14:03:50 [AWT-EventQueue-0] HashService - HashService initialized with SHA-256
[INFO ] 08-06-2025 14:03:50 [AWT-EventQueue-0] EmployeeDao - All Employees retrieved successfully from database. Total count: 13
[INFO ] 08-06-2025 14:03:50 [AWT-EventQueue-0] PersonServiceImpl - All Employees retrieved
[INFO ] 08-06-2025 14:03:53 [AWT-EventQueue-0] DashboardDao - All Dashboards retrieved successfully from database. Total count: 0
[INFO ] 08-06-2025 14:03:53 [AWT-EventQueue-0] CustomerDao - All Customers retrieved successfully from database. Total count: 6
[INFO ] 08-06-2025 14:03:53 [AWT-EventQueue-0] PersonServiceImpl - All Customers retrieved
[INFO ] 08-06-2025 14:03:53 [AWT-EventQueue-0] EmployeeDao - All Employees retrieved successfully from database. Total count: 13
[INFO ] 08-06-2025 14:03:53 [AWT-EventQueue-0] PersonServiceImpl - All Employees retrieved
[INFO ] 08-06-2025 14:03:53 [AWT-EventQueue-0] ProductDao - All products retrieved successfully with pagination. Total count: 39
[INFO ] 08-06-2025 14:03:58 [AWT-EventQueue-0] SupplierDao - Suppliers retrieved with pagination. Page: 1, Size: 2147483647
[INFO ] 08-06-2025 14:04:21 [AWT-EventQueue-0] StoreDao - All Stores retrieved successfully with pagination
[INFO ] 08-06-2025 14:04:21 [AWT-EventQueue-0] SupplierDao - Suppliers retrieved with pagination. Page: 1, Size: 2147483647
[INFO ] 08-06-2025 14:04:21 [AWT-EventQueue-0] ItemDao - All items retrieved successfully. Total count: 0
[INFO ] 08-06-2025 14:51:12 [AWT-EventQueue-0] Version - HHH000412: Hibernate ORM core version 5.6.15.Final
[WARN ] 08-06-2025 14:51:12 [AWT-EventQueue-0] deprecation - HHH90000012: Recognized obsolete hibernate namespace http://hibernate.sourceforge.net/hibernate-configuration. Use namespace http://www.hibernate.org/dtd/hibernate-configuration instead.  Support for obsolete DTD/XSD namespaces may be removed at any time.
[INFO ] 08-06-2025 14:51:12 [AWT-EventQueue-0] HibernateUtil - Hibernate Schema Mode: UPDATE
[INFO ] 08-06-2025 14:51:13 [AWT-EventQueue-0] Version - HCANN000001: Hibernate Commons Annotations {5.1.2.Final}
[WARN ] 08-06-2025 14:51:13 [AWT-EventQueue-0] deprecation - HHH90000012: Recognized obsolete hibernate namespace http://hibernate.sourceforge.net/hibernate-mapping. Use namespace http://www.hibernate.org/dtd/hibernate-mapping instead.  Support for obsolete DTD/XSD namespaces may be removed at any time.
[WARN ] 08-06-2025 14:51:13 [AWT-EventQueue-0] deprecation - HHH90000012: Recognized obsolete hibernate namespace http://hibernate.sourceforge.net/hibernate-mapping. Use namespace http://www.hibernate.org/dtd/hibernate-mapping instead.  Support for obsolete DTD/XSD namespaces may be removed at any time.
[WARN ] 08-06-2025 14:51:13 [AWT-EventQueue-0] deprecation - HHH90000012: Recognized obsolete hibernate namespace http://hibernate.sourceforge.net/hibernate-mapping. Use namespace http://www.hibernate.org/dtd/hibernate-mapping instead.  Support for obsolete DTD/XSD namespaces may be removed at any time.
[WARN ] 08-06-2025 14:51:13 [AWT-EventQueue-0] deprecation - HHH90000012: Recognized obsolete hibernate namespace http://hibernate.sourceforge.net/hibernate-mapping. Use namespace http://www.hibernate.org/dtd/hibernate-mapping instead.  Support for obsolete DTD/XSD namespaces may be removed at any time.
[INFO ] 08-06-2025 14:51:13 [AWT-EventQueue-0] C3P0ConnectionProvider - HHH010002: C3P0 using driver: oracle.jdbc.OracleDriver at URL: jdbc:oracle:thin:@localhost:1521/orcl
[INFO ] 08-06-2025 14:51:13 [AWT-EventQueue-0] C3P0ConnectionProvider - HHH10001001: Connection properties: {password=****, user=Khanh}
[INFO ] 08-06-2025 14:51:13 [AWT-EventQueue-0] C3P0ConnectionProvider - HHH10001003: Autocommit mode: false
[INFO ] 08-06-2025 14:51:14 [AWT-EventQueue-0] C3P0ConnectionProvider - HHH10001007: JDBC isolation level: <unknown>
[INFO ] 08-06-2025 14:51:15 [AWT-EventQueue-0] Dialect - HHH000400: Using dialect: org.hibernate.dialect.Oracle12cDialect
[INFO ] 08-06-2025 14:51:17 [AWT-EventQueue-0] access - HHH10001501: Connection obtained from JdbcConnectionAccess [org.hibernate.engine.jdbc.env.internal.JdbcEnvironmentInitiator$ConnectionProviderJdbcConnectionAccess@424bc6bf] for (non-JTA) DDL execution was not in auto-commit mode; the Connection 'local transaction' will be committed and the Connection will be set into auto-commit mode.
[INFO ] 08-06-2025 14:51:17 [AWT-EventQueue-0] access - HHH10001501: Connection obtained from JdbcConnectionAccess [org.hibernate.engine.jdbc.env.internal.JdbcEnvironmentInitiator$ConnectionProviderJdbcConnectionAccess@489b9196] for (non-JTA) DDL execution was not in auto-commit mode; the Connection 'local transaction' will be committed and the Connection will be set into auto-commit mode.
[INFO ] 08-06-2025 14:51:19 [AWT-EventQueue-0] JtaPlatformInitiator - HHH000490: Using JtaPlatform implementation: [org.hibernate.engine.transaction.jta.platform.internal.NoJtaPlatform]
[INFO ] 08-06-2025 14:51:19 [AWT-EventQueue-0] HashService - HashService initialized with SHA-256
[INFO ] 08-06-2025 14:51:31 [AWT-EventQueue-0] AuthenticationService - Login attempt for identifier: khanhadmin
[INFO ] 08-06-2025 14:51:31 [AWT-EventQueue-0] EmployeeDao - Employee with username: khanhadmin retrieved successfully from database
[INFO ] 08-06-2025 14:51:31 [AWT-EventQueue-0] EmployeeDao - Employee with email: khanhadmin retrieved successfully from database
[INFO ] 08-06-2025 14:51:31 [AWT-EventQueue-0] OwnerDao - Owner with username: khanhadmin retrieved successfully from database
[INFO ] 08-06-2025 14:51:31 [AWT-EventQueue-0] HashService - Hashing successful
[INFO ] 08-06-2025 14:51:31 [AWT-EventQueue-0] UserSessionDao - UserSession persisted in database successfully
[INFO ] 08-06-2025 14:51:31 [AWT-EventQueue-0] AuthenticationService - Owner login successful for identifier: khanhadmin
[INFO ] 08-06-2025 14:51:33 [AWT-EventQueue-0] HashService - HashService initialized with SHA-256
[INFO ] 08-06-2025 14:51:33 [AWT-EventQueue-0] HashService - HashService initialized with SHA-256
[INFO ] 08-06-2025 14:51:33 [AWT-EventQueue-0] EmployeeDao - All Employees retrieved successfully from database. Total count: 13
[INFO ] 08-06-2025 14:51:33 [AWT-EventQueue-0] PersonServiceImpl - All Employees retrieved
[INFO ] 08-06-2025 14:51:35 [AWT-EventQueue-0] CustomerDao - All Customers retrieved successfully from database. Total count: 6
[INFO ] 08-06-2025 14:51:35 [AWT-EventQueue-0] PersonServiceImpl - All Customers retrieved
[WARN ] 08-06-2025 14:51:58 [AWT-EventQueue-0] StatefulPersistenceContext - HHH000179: Narrowing proxy to class model.Employee - this operation breaks ==
[WARN ] 08-06-2025 14:51:58 [AWT-EventQueue-0] StatefulPersistenceContext - HHH000179: Narrowing proxy to class model.Employee - this operation breaks ==
[WARN ] 08-06-2025 14:51:58 [AWT-EventQueue-0] StatefulPersistenceContext - HHH000179: Narrowing proxy to class model.Employee - this operation breaks ==
[WARN ] 08-06-2025 14:51:58 [AWT-EventQueue-0] StatefulPersistenceContext - HHH000179: Narrowing proxy to class model.Employee - this operation breaks ==
[WARN ] 08-06-2025 14:51:58 [AWT-EventQueue-0] StatefulPersistenceContext - HHH000179: Narrowing proxy to class model.Employee - this operation breaks ==
[WARN ] 08-06-2025 14:51:58 [AWT-EventQueue-0] StatefulPersistenceContext - HHH000179: Narrowing proxy to class model.Employee - this operation breaks ==
[WARN ] 08-06-2025 14:51:58 [AWT-EventQueue-0] StatefulPersistenceContext - HHH000179: Narrowing proxy to class model.Employee - this operation breaks ==
[WARN ] 08-06-2025 14:51:58 [AWT-EventQueue-0] StatefulPersistenceContext - HHH000179: Narrowing proxy to class model.Employee - this operation breaks ==
[WARN ] 08-06-2025 14:51:58 [AWT-EventQueue-0] StatefulPersistenceContext - HHH000179: Narrowing proxy to class model.Employee - this operation breaks ==
[WARN ] 08-06-2025 14:51:58 [AWT-EventQueue-0] StatefulPersistenceContext - HHH000179: Narrowing proxy to class model.Employee - this operation breaks ==
[INFO ] 08-06-2025 14:51:58 [AWT-EventQueue-0] InvoiceDao - Retrieved 10 invoices with pagination (pageNumber: 1, pageSize: 2147483647)
[INFO ] 08-06-2025 14:51:58 [AWT-EventQueue-0] CustomerDao - All Customers retrieved successfully from database. Total count: 6
[INFO ] 08-06-2025 14:51:58 [AWT-EventQueue-0] PersonServiceImpl - All Customers retrieved
[INFO ] 08-06-2025 14:51:58 [AWT-EventQueue-0] EmployeeDao - All Employees retrieved successfully from database. Total count: 13
[INFO ] 08-06-2025 14:51:58 [AWT-EventQueue-0] PersonServiceImpl - All Employees retrieved
[INFO ] 08-06-2025 14:51:58 [AWT-EventQueue-0] ProductDao - All products retrieved successfully with pagination. Total count: 39
[INFO ] 08-06-2025 14:52:11 [AWT-EventQueue-0] SupplierDao - Suppliers retrieved with pagination. Page: 1, Size: 2147483647
[INFO ] 08-06-2025 14:52:31 [AWT-EventQueue-0] StoreDao - All Stores retrieved successfully with pagination
[INFO ] 08-06-2025 14:52:31 [AWT-EventQueue-0] SupplierDao - Suppliers retrieved with pagination. Page: 1, Size: 2147483647
[INFO ] 08-06-2025 14:52:31 [AWT-EventQueue-0] ItemDao - Items for supplier with ID: 85 retrieved successfully.
[INFO ] 08-06-2025 14:52:31 [AWT-EventQueue-0] ItemServiceImpl - Items for supplier with ID: 85 retrieved successfully
[INFO ] 08-06-2025 14:52:31 [AWT-EventQueue-0] ItemDao - Items for supplier with ID: 87 retrieved successfully.
[INFO ] 08-06-2025 14:52:31 [AWT-EventQueue-0] ItemServiceImpl - Items for supplier with ID: 87 retrieved successfully
[INFO ] 08-06-2025 14:52:31 [AWT-EventQueue-0] ItemDao - Items for supplier with ID: 88 retrieved successfully.
[INFO ] 08-06-2025 14:52:31 [AWT-EventQueue-0] ItemServiceImpl - Items for supplier with ID: 88 retrieved successfully
[INFO ] 08-06-2025 14:52:31 [AWT-EventQueue-0] ItemDao - Items for supplier with ID: 102 retrieved successfully.
[INFO ] 08-06-2025 14:52:31 [AWT-EventQueue-0] ItemServiceImpl - Items for supplier with ID: 102 retrieved successfully
[INFO ] 08-06-2025 14:52:31 [AWT-EventQueue-0] ItemDao - Items for supplier with ID: 103 retrieved successfully.
[INFO ] 08-06-2025 14:52:31 [AWT-EventQueue-0] ItemServiceImpl - Items for supplier with ID: 103 retrieved successfully
[INFO ] 08-06-2025 14:52:31 [AWT-EventQueue-0] ItemDao - Items for supplier with ID: 104 retrieved successfully.
[INFO ] 08-06-2025 14:52:31 [AWT-EventQueue-0] ItemServiceImpl - Items for supplier with ID: 104 retrieved successfully
[INFO ] 08-06-2025 14:52:31 [AWT-EventQueue-0] ItemDao - Items for supplier with ID: 1 retrieved successfully.
[INFO ] 08-06-2025 14:52:31 [AWT-EventQueue-0] ItemServiceImpl - Items for supplier with ID: 1 retrieved successfully
[INFO ] 08-06-2025 14:52:31 [AWT-EventQueue-0] ItemDao - Items for supplier with ID: 22 retrieved successfully.
[INFO ] 08-06-2025 14:52:31 [AWT-EventQueue-0] ItemServiceImpl - Items for supplier with ID: 22 retrieved successfully
[INFO ] 08-06-2025 14:52:31 [AWT-EventQueue-0] ItemDao - Items for supplier with ID: 121 retrieved successfully.
[INFO ] 08-06-2025 14:52:31 [AWT-EventQueue-0] ItemServiceImpl - Items for supplier with ID: 121 retrieved successfully
[INFO ] 08-06-2025 14:52:31 [AWT-EventQueue-0] ItemDao - Items for supplier with ID: 82 retrieved successfully.
[INFO ] 08-06-2025 14:52:31 [AWT-EventQueue-0] ItemServiceImpl - Items for supplier with ID: 82 retrieved successfully
[INFO ] 08-06-2025 14:52:31 [AWT-EventQueue-0] ItemDao - Items for supplier with ID: 101 retrieved successfully.
[INFO ] 08-06-2025 14:52:31 [AWT-EventQueue-0] ItemServiceImpl - Items for supplier with ID: 101 retrieved successfully
