[INFO ] 23-04-2025 14:31:46 [main] Version - HHH000412: Hibernate ORM core version 5.6.15.Final
[WARN ] 23-04-2025 14:31:47 [main] deprecation - HHH90000012: Recognized obsolete hibernate namespace http://hibernate.sourceforge.net/hibernate-configuration. Use namespace http://www.hibernate.org/dtd/hibernate-configuration instead.  Support for obsolete DTD/XSD namespaces may be removed at any time.
[INFO ] 23-04-2025 14:31:47 [main] HibernateUtil - Hibernate Schema Mode: UPDATE
[INFO ] 23-04-2025 14:31:47 [main] Version - HCANN000001: Hibernate Commons Annotations {5.1.2.Final}
[WARN ] 23-04-2025 14:31:48 [main] deprecation - HHH90000012: Recognized obsolete hibernate namespace http://hibernate.sourceforge.net/hibernate-mapping. Use namespace http://www.hibernate.org/dtd/hibernate-mapping instead.  Support for obsolete DTD/XSD namespaces may be removed at any time.
[WARN ] 23-04-2025 14:31:48 [main] deprecation - HHH90000012: Recognized obsolete hibernate namespace http://hibernate.sourceforge.net/hibernate-mapping. Use namespace http://www.hibernate.org/dtd/hibernate-mapping instead.  Support for obsolete DTD/XSD namespaces may be removed at any time.
[WARN ] 23-04-2025 14:31:48 [main] deprecation - HHH90000012: Recognized obsolete hibernate namespace http://hibernate.sourceforge.net/hibernate-mapping. Use namespace http://www.hibernate.org/dtd/hibernate-mapping instead.  Support for obsolete DTD/XSD namespaces may be removed at any time.
[WARN ] 23-04-2025 14:31:48 [main] deprecation - HHH90000012: Recognized obsolete hibernate namespace http://hibernate.sourceforge.net/hibernate-mapping. Use namespace http://www.hibernate.org/dtd/hibernate-mapping instead.  Support for obsolete DTD/XSD namespaces may be removed at any time.
[INFO ] 23-04-2025 14:31:48 [main] C3P0ConnectionProvider - HHH010002: C3P0 using driver: oracle.jdbc.OracleDriver at URL: jdbc:oracle:thin:@localhost:1521/orcl
[INFO ] 23-04-2025 14:31:48 [main] C3P0ConnectionProvider - HHH10001001: Connection properties: {password=****, user=Khanh}
[INFO ] 23-04-2025 14:31:48 [main] C3P0ConnectionProvider - HHH10001003: Autocommit mode: false
[INFO ] 23-04-2025 14:31:48 [main] C3P0ConnectionProvider - HHH10001007: JDBC isolation level: <unknown>
[INFO ] 23-04-2025 14:31:50 [main] Dialect - HHH000400: Using dialect: org.hibernate.dialect.Oracle12cDialect
[INFO ] 23-04-2025 14:31:51 [main] access - HHH10001501: Connection obtained from JdbcConnectionAccess [org.hibernate.engine.jdbc.env.internal.JdbcEnvironmentInitiator$ConnectionProviderJdbcConnectionAccess@3a7469ca] for (non-JTA) DDL execution was not in auto-commit mode; the Connection 'local transaction' will be committed and the Connection will be set into auto-commit mode.
[INFO ] 23-04-2025 14:31:51 [main] access - HHH10001501: Connection obtained from JdbcConnectionAccess [org.hibernate.engine.jdbc.env.internal.JdbcEnvironmentInitiator$ConnectionProviderJdbcConnectionAccess@2d0f548a] for (non-JTA) DDL execution was not in auto-commit mode; the Connection 'local transaction' will be committed and the Connection will be set into auto-commit mode.
[INFO ] 23-04-2025 14:32:00 [main] JtaPlatformInitiator - HHH000490: Using JtaPlatform implementation: [org.hibernate.engine.transaction.jta.platform.internal.NoJtaPlatform]
[INFO ] 23-04-2025 14:32:00 [main] HashService - HashService initialized with SHA-256
[INFO ] 23-04-2025 14:32:00 [main] HashService - Hashing successful
[INFO ] 23-04-2025 14:32:01 [main] EmployeeDao - Employee persisted in database successfully
[INFO ] 23-04-2025 14:32:01 [main] PersonServiceImpl - Employee created
[INFO ] 23-04-2025 14:32:01 [main] EmployeeDao - Employee with username: tranquangtien retrieved successfully from database
[INFO ] 23-04-2025 14:32:01 [main] PersonServiceImpl - Employee with username tranquangtien retrieved
[INFO ] 23-04-2025 14:32:01 [main] HashService - Hashing successful
[INFO ] 23-04-2025 14:32:01 [main] OwnerDao - Owner persisted successfully
[INFO ] 23-04-2025 14:32:01 [main] PersonServiceImpl - Owner created
[INFO ] 23-04-2025 14:32:01 [main] OwnerDao - Owner with username: rommu retrieved successfully from database
[INFO ] 23-04-2025 14:32:01 [main] PersonServiceImpl - Owner with username rommu retrieved
[INFO ] 23-04-2025 14:32:02 [main] StoreDao - Store persisted in database successfully
[INFO ] 23-04-2025 14:32:02 [main] StoreDao - Stores with name 'Cà phê LCK quận 12' retrieved successfully from database
[INFO ] 23-04-2025 14:32:02 [AWT-EventQueue-0] HashService - HashService initialized with SHA-256
[INFO ] 23-04-2025 14:36:19 [AWT-EventQueue-0] AuthenticationService - Login attempt for username: rommu
[INFO ] 23-04-2025 14:36:19 [AWT-EventQueue-0] EmployeeDao - Employee with username: rommu retrieved successfully from database
[INFO ] 23-04-2025 14:36:19 [AWT-EventQueue-0] OwnerDao - Owner with username: rommu retrieved successfully from database
[INFO ] 23-04-2025 14:36:19 [AWT-EventQueue-0] HashService - Hashing successful
[INFO ] 23-04-2025 14:36:19 [AWT-EventQueue-0] UserSessionDao - UserSession persisted in database successfully
[INFO ] 23-04-2025 14:36:19 [AWT-EventQueue-0] AuthenticationService - Owner login successful for username: rommu
[INFO ] 23-04-2025 15:20:46 [AWT-EventQueue-0] Version - HHH000412: Hibernate ORM core version 5.6.15.Final
[WARN ] 23-04-2025 15:20:46 [AWT-EventQueue-0] deprecation - HHH90000012: Recognized obsolete hibernate namespace http://hibernate.sourceforge.net/hibernate-configuration. Use namespace http://www.hibernate.org/dtd/hibernate-configuration instead.  Support for obsolete DTD/XSD namespaces may be removed at any time.
[INFO ] 23-04-2025 15:20:46 [AWT-EventQueue-0] HibernateUtil - Hibernate Schema Mode: UPDATE
[INFO ] 23-04-2025 15:20:46 [AWT-EventQueue-0] Version - HCANN000001: Hibernate Commons Annotations {5.1.2.Final}
[WARN ] 23-04-2025 15:20:47 [AWT-EventQueue-0] deprecation - HHH90000012: Recognized obsolete hibernate namespace http://hibernate.sourceforge.net/hibernate-mapping. Use namespace http://www.hibernate.org/dtd/hibernate-mapping instead.  Support for obsolete DTD/XSD namespaces may be removed at any time.
[WARN ] 23-04-2025 15:20:47 [AWT-EventQueue-0] deprecation - HHH90000012: Recognized obsolete hibernate namespace http://hibernate.sourceforge.net/hibernate-mapping. Use namespace http://www.hibernate.org/dtd/hibernate-mapping instead.  Support for obsolete DTD/XSD namespaces may be removed at any time.
[WARN ] 23-04-2025 15:20:47 [AWT-EventQueue-0] deprecation - HHH90000012: Recognized obsolete hibernate namespace http://hibernate.sourceforge.net/hibernate-mapping. Use namespace http://www.hibernate.org/dtd/hibernate-mapping instead.  Support for obsolete DTD/XSD namespaces may be removed at any time.
[WARN ] 23-04-2025 15:20:47 [AWT-EventQueue-0] deprecation - HHH90000012: Recognized obsolete hibernate namespace http://hibernate.sourceforge.net/hibernate-mapping. Use namespace http://www.hibernate.org/dtd/hibernate-mapping instead.  Support for obsolete DTD/XSD namespaces may be removed at any time.
[INFO ] 23-04-2025 15:20:47 [AWT-EventQueue-0] C3P0ConnectionProvider - HHH010002: C3P0 using driver: oracle.jdbc.OracleDriver at URL: jdbc:oracle:thin:@localhost:1521/orcl
[INFO ] 23-04-2025 15:20:47 [AWT-EventQueue-0] C3P0ConnectionProvider - HHH10001001: Connection properties: {password=****, user=Khanh}
[INFO ] 23-04-2025 15:20:47 [AWT-EventQueue-0] C3P0ConnectionProvider - HHH10001003: Autocommit mode: false
[INFO ] 23-04-2025 15:20:47 [AWT-EventQueue-0] C3P0ConnectionProvider - HHH10001007: JDBC isolation level: <unknown>
[INFO ] 23-04-2025 15:20:48 [AWT-EventQueue-0] Dialect - HHH000400: Using dialect: org.hibernate.dialect.Oracle12cDialect
[INFO ] 23-04-2025 15:20:50 [AWT-EventQueue-0] access - HHH10001501: Connection obtained from JdbcConnectionAccess [org.hibernate.engine.jdbc.env.internal.JdbcEnvironmentInitiator$ConnectionProviderJdbcConnectionAccess@80da26c] for (non-JTA) DDL execution was not in auto-commit mode; the Connection 'local transaction' will be committed and the Connection will be set into auto-commit mode.
[INFO ] 23-04-2025 15:20:50 [AWT-EventQueue-0] access - HHH10001501: Connection obtained from JdbcConnectionAccess [org.hibernate.engine.jdbc.env.internal.JdbcEnvironmentInitiator$ConnectionProviderJdbcConnectionAccess@1ffb8be1] for (non-JTA) DDL execution was not in auto-commit mode; the Connection 'local transaction' will be committed and the Connection will be set into auto-commit mode.
[INFO ] 23-04-2025 15:20:52 [AWT-EventQueue-0] JtaPlatformInitiator - HHH000490: Using JtaPlatform implementation: [org.hibernate.engine.transaction.jta.platform.internal.NoJtaPlatform]
[INFO ] 23-04-2025 15:20:52 [AWT-EventQueue-0] StoreDao - All Stores retrieved successfully from database
[INFO ] 23-04-2025 15:24:33 [AWT-EventQueue-0] Version - HHH000412: Hibernate ORM core version 5.6.15.Final
[WARN ] 23-04-2025 15:24:33 [AWT-EventQueue-0] deprecation - HHH90000012: Recognized obsolete hibernate namespace http://hibernate.sourceforge.net/hibernate-configuration. Use namespace http://www.hibernate.org/dtd/hibernate-configuration instead.  Support for obsolete DTD/XSD namespaces may be removed at any time.
[INFO ] 23-04-2025 15:24:33 [AWT-EventQueue-0] HibernateUtil - Hibernate Schema Mode: UPDATE
[INFO ] 23-04-2025 15:24:34 [AWT-EventQueue-0] Version - HCANN000001: Hibernate Commons Annotations {5.1.2.Final}
[WARN ] 23-04-2025 15:24:34 [AWT-EventQueue-0] deprecation - HHH90000012: Recognized obsolete hibernate namespace http://hibernate.sourceforge.net/hibernate-mapping. Use namespace http://www.hibernate.org/dtd/hibernate-mapping instead.  Support for obsolete DTD/XSD namespaces may be removed at any time.
[WARN ] 23-04-2025 15:24:34 [AWT-EventQueue-0] deprecation - HHH90000012: Recognized obsolete hibernate namespace http://hibernate.sourceforge.net/hibernate-mapping. Use namespace http://www.hibernate.org/dtd/hibernate-mapping instead.  Support for obsolete DTD/XSD namespaces may be removed at any time.
[WARN ] 23-04-2025 15:24:34 [AWT-EventQueue-0] deprecation - HHH90000012: Recognized obsolete hibernate namespace http://hibernate.sourceforge.net/hibernate-mapping. Use namespace http://www.hibernate.org/dtd/hibernate-mapping instead.  Support for obsolete DTD/XSD namespaces may be removed at any time.
[WARN ] 23-04-2025 15:24:34 [AWT-EventQueue-0] deprecation - HHH90000012: Recognized obsolete hibernate namespace http://hibernate.sourceforge.net/hibernate-mapping. Use namespace http://www.hibernate.org/dtd/hibernate-mapping instead.  Support for obsolete DTD/XSD namespaces may be removed at any time.
[INFO ] 23-04-2025 15:24:34 [AWT-EventQueue-0] C3P0ConnectionProvider - HHH010002: C3P0 using driver: oracle.jdbc.OracleDriver at URL: jdbc:oracle:thin:@localhost:1521/orcl
[INFO ] 23-04-2025 15:24:34 [AWT-EventQueue-0] C3P0ConnectionProvider - HHH10001001: Connection properties: {password=****, user=Khanh}
[INFO ] 23-04-2025 15:24:34 [AWT-EventQueue-0] C3P0ConnectionProvider - HHH10001003: Autocommit mode: false
[INFO ] 23-04-2025 15:24:34 [AWT-EventQueue-0] C3P0ConnectionProvider - HHH10001007: JDBC isolation level: <unknown>
[INFO ] 23-04-2025 15:24:35 [AWT-EventQueue-0] Dialect - HHH000400: Using dialect: org.hibernate.dialect.Oracle12cDialect
[INFO ] 23-04-2025 15:24:37 [AWT-EventQueue-0] access - HHH10001501: Connection obtained from JdbcConnectionAccess [org.hibernate.engine.jdbc.env.internal.JdbcEnvironmentInitiator$ConnectionProviderJdbcConnectionAccess@80da26c] for (non-JTA) DDL execution was not in auto-commit mode; the Connection 'local transaction' will be committed and the Connection will be set into auto-commit mode.
[INFO ] 23-04-2025 15:24:37 [AWT-EventQueue-0] access - HHH10001501: Connection obtained from JdbcConnectionAccess [org.hibernate.engine.jdbc.env.internal.JdbcEnvironmentInitiator$ConnectionProviderJdbcConnectionAccess@1ffb8be1] for (non-JTA) DDL execution was not in auto-commit mode; the Connection 'local transaction' will be committed and the Connection will be set into auto-commit mode.
[INFO ] 23-04-2025 15:24:38 [AWT-EventQueue-0] JtaPlatformInitiator - HHH000490: Using JtaPlatform implementation: [org.hibernate.engine.transaction.jta.platform.internal.NoJtaPlatform]
[INFO ] 23-04-2025 15:24:38 [AWT-EventQueue-0] StoreDao - All Stores retrieved successfully from database
[INFO ] 23-04-2025 15:28:21 [AWT-EventQueue-0] Version - HHH000412: Hibernate ORM core version 5.6.15.Final
[WARN ] 23-04-2025 15:28:22 [AWT-EventQueue-0] deprecation - HHH90000012: Recognized obsolete hibernate namespace http://hibernate.sourceforge.net/hibernate-configuration. Use namespace http://www.hibernate.org/dtd/hibernate-configuration instead.  Support for obsolete DTD/XSD namespaces may be removed at any time.
[INFO ] 23-04-2025 15:28:22 [AWT-EventQueue-0] HibernateUtil - Hibernate Schema Mode: UPDATE
[INFO ] 23-04-2025 15:28:22 [AWT-EventQueue-0] Version - HCANN000001: Hibernate Commons Annotations {5.1.2.Final}
[WARN ] 23-04-2025 15:28:22 [AWT-EventQueue-0] deprecation - HHH90000012: Recognized obsolete hibernate namespace http://hibernate.sourceforge.net/hibernate-mapping. Use namespace http://www.hibernate.org/dtd/hibernate-mapping instead.  Support for obsolete DTD/XSD namespaces may be removed at any time.
[WARN ] 23-04-2025 15:28:23 [AWT-EventQueue-0] deprecation - HHH90000012: Recognized obsolete hibernate namespace http://hibernate.sourceforge.net/hibernate-mapping. Use namespace http://www.hibernate.org/dtd/hibernate-mapping instead.  Support for obsolete DTD/XSD namespaces may be removed at any time.
[WARN ] 23-04-2025 15:28:23 [AWT-EventQueue-0] deprecation - HHH90000012: Recognized obsolete hibernate namespace http://hibernate.sourceforge.net/hibernate-mapping. Use namespace http://www.hibernate.org/dtd/hibernate-mapping instead.  Support for obsolete DTD/XSD namespaces may be removed at any time.
[WARN ] 23-04-2025 15:28:23 [AWT-EventQueue-0] deprecation - HHH90000012: Recognized obsolete hibernate namespace http://hibernate.sourceforge.net/hibernate-mapping. Use namespace http://www.hibernate.org/dtd/hibernate-mapping instead.  Support for obsolete DTD/XSD namespaces may be removed at any time.
[INFO ] 23-04-2025 15:28:23 [AWT-EventQueue-0] C3P0ConnectionProvider - HHH010002: C3P0 using driver: oracle.jdbc.OracleDriver at URL: jdbc:oracle:thin:@localhost:1521/orcl
[INFO ] 23-04-2025 15:28:23 [AWT-EventQueue-0] C3P0ConnectionProvider - HHH10001001: Connection properties: {password=****, user=Khanh}
[INFO ] 23-04-2025 15:28:23 [AWT-EventQueue-0] C3P0ConnectionProvider - HHH10001003: Autocommit mode: false
[INFO ] 23-04-2025 15:28:23 [AWT-EventQueue-0] C3P0ConnectionProvider - HHH10001007: JDBC isolation level: <unknown>
[INFO ] 23-04-2025 15:28:24 [AWT-EventQueue-0] Dialect - HHH000400: Using dialect: org.hibernate.dialect.Oracle12cDialect
[INFO ] 23-04-2025 15:28:25 [AWT-EventQueue-0] access - HHH10001501: Connection obtained from JdbcConnectionAccess [org.hibernate.engine.jdbc.env.internal.JdbcEnvironmentInitiator$ConnectionProviderJdbcConnectionAccess@3d4d4c79] for (non-JTA) DDL execution was not in auto-commit mode; the Connection 'local transaction' will be committed and the Connection will be set into auto-commit mode.
[INFO ] 23-04-2025 15:28:25 [AWT-EventQueue-0] access - HHH10001501: Connection obtained from JdbcConnectionAccess [org.hibernate.engine.jdbc.env.internal.JdbcEnvironmentInitiator$ConnectionProviderJdbcConnectionAccess@907cafd] for (non-JTA) DDL execution was not in auto-commit mode; the Connection 'local transaction' will be committed and the Connection will be set into auto-commit mode.
[INFO ] 23-04-2025 15:28:26 [AWT-EventQueue-0] JtaPlatformInitiator - HHH000490: Using JtaPlatform implementation: [org.hibernate.engine.transaction.jta.platform.internal.NoJtaPlatform]
[INFO ] 23-04-2025 15:28:26 [AWT-EventQueue-0] StoreDao - All Stores retrieved successfully from database
[INFO ] 23-04-2025 15:43:43 [AWT-EventQueue-0] Version - HHH000412: Hibernate ORM core version 5.6.15.Final
[WARN ] 23-04-2025 15:43:43 [AWT-EventQueue-0] deprecation - HHH90000012: Recognized obsolete hibernate namespace http://hibernate.sourceforge.net/hibernate-configuration. Use namespace http://www.hibernate.org/dtd/hibernate-configuration instead.  Support for obsolete DTD/XSD namespaces may be removed at any time.
[INFO ] 23-04-2025 15:43:43 [AWT-EventQueue-0] HibernateUtil - Hibernate Schema Mode: UPDATE
[INFO ] 23-04-2025 15:43:43 [AWT-EventQueue-0] Version - HCANN000001: Hibernate Commons Annotations {5.1.2.Final}
[WARN ] 23-04-2025 15:43:44 [AWT-EventQueue-0] deprecation - HHH90000012: Recognized obsolete hibernate namespace http://hibernate.sourceforge.net/hibernate-mapping. Use namespace http://www.hibernate.org/dtd/hibernate-mapping instead.  Support for obsolete DTD/XSD namespaces may be removed at any time.
[WARN ] 23-04-2025 15:43:44 [AWT-EventQueue-0] deprecation - HHH90000012: Recognized obsolete hibernate namespace http://hibernate.sourceforge.net/hibernate-mapping. Use namespace http://www.hibernate.org/dtd/hibernate-mapping instead.  Support for obsolete DTD/XSD namespaces may be removed at any time.
[WARN ] 23-04-2025 15:43:44 [AWT-EventQueue-0] deprecation - HHH90000012: Recognized obsolete hibernate namespace http://hibernate.sourceforge.net/hibernate-mapping. Use namespace http://www.hibernate.org/dtd/hibernate-mapping instead.  Support for obsolete DTD/XSD namespaces may be removed at any time.
[WARN ] 23-04-2025 15:43:44 [AWT-EventQueue-0] deprecation - HHH90000012: Recognized obsolete hibernate namespace http://hibernate.sourceforge.net/hibernate-mapping. Use namespace http://www.hibernate.org/dtd/hibernate-mapping instead.  Support for obsolete DTD/XSD namespaces may be removed at any time.
[INFO ] 23-04-2025 15:43:44 [AWT-EventQueue-0] C3P0ConnectionProvider - HHH010002: C3P0 using driver: oracle.jdbc.OracleDriver at URL: jdbc:oracle:thin:@localhost:1521/orcl
[INFO ] 23-04-2025 15:43:44 [AWT-EventQueue-0] C3P0ConnectionProvider - HHH10001001: Connection properties: {password=****, user=Khanh}
[INFO ] 23-04-2025 15:43:44 [AWT-EventQueue-0] C3P0ConnectionProvider - HHH10001003: Autocommit mode: false
[INFO ] 23-04-2025 15:43:44 [AWT-EventQueue-0] C3P0ConnectionProvider - HHH10001007: JDBC isolation level: <unknown>
[INFO ] 23-04-2025 15:43:45 [AWT-EventQueue-0] Dialect - HHH000400: Using dialect: org.hibernate.dialect.Oracle12cDialect
[INFO ] 23-04-2025 15:43:46 [AWT-EventQueue-0] access - HHH10001501: Connection obtained from JdbcConnectionAccess [org.hibernate.engine.jdbc.env.internal.JdbcEnvironmentInitiator$ConnectionProviderJdbcConnectionAccess@7ff2beea] for (non-JTA) DDL execution was not in auto-commit mode; the Connection 'local transaction' will be committed and the Connection will be set into auto-commit mode.
[INFO ] 23-04-2025 15:43:46 [AWT-EventQueue-0] access - HHH10001501: Connection obtained from JdbcConnectionAccess [org.hibernate.engine.jdbc.env.internal.JdbcEnvironmentInitiator$ConnectionProviderJdbcConnectionAccess@582f4e86] for (non-JTA) DDL execution was not in auto-commit mode; the Connection 'local transaction' will be committed and the Connection will be set into auto-commit mode.
[INFO ] 23-04-2025 15:43:47 [AWT-EventQueue-0] JtaPlatformInitiator - HHH000490: Using JtaPlatform implementation: [org.hibernate.engine.transaction.jta.platform.internal.NoJtaPlatform]
[INFO ] 23-04-2025 15:43:47 [AWT-EventQueue-0] StoreDao - All Stores retrieved successfully from database
[INFO ] 23-04-2025 15:51:44 [AWT-EventQueue-0] Version - HHH000412: Hibernate ORM core version 5.6.15.Final
[WARN ] 23-04-2025 15:51:44 [AWT-EventQueue-0] deprecation - HHH90000012: Recognized obsolete hibernate namespace http://hibernate.sourceforge.net/hibernate-configuration. Use namespace http://www.hibernate.org/dtd/hibernate-configuration instead.  Support for obsolete DTD/XSD namespaces may be removed at any time.
[INFO ] 23-04-2025 15:51:44 [AWT-EventQueue-0] HibernateUtil - Hibernate Schema Mode: UPDATE
[INFO ] 23-04-2025 15:51:44 [AWT-EventQueue-0] Version - HCANN000001: Hibernate Commons Annotations {5.1.2.Final}
[WARN ] 23-04-2025 15:51:45 [AWT-EventQueue-0] deprecation - HHH90000012: Recognized obsolete hibernate namespace http://hibernate.sourceforge.net/hibernate-mapping. Use namespace http://www.hibernate.org/dtd/hibernate-mapping instead.  Support for obsolete DTD/XSD namespaces may be removed at any time.
[WARN ] 23-04-2025 15:51:45 [AWT-EventQueue-0] deprecation - HHH90000012: Recognized obsolete hibernate namespace http://hibernate.sourceforge.net/hibernate-mapping. Use namespace http://www.hibernate.org/dtd/hibernate-mapping instead.  Support for obsolete DTD/XSD namespaces may be removed at any time.
[WARN ] 23-04-2025 15:51:45 [AWT-EventQueue-0] deprecation - HHH90000012: Recognized obsolete hibernate namespace http://hibernate.sourceforge.net/hibernate-mapping. Use namespace http://www.hibernate.org/dtd/hibernate-mapping instead.  Support for obsolete DTD/XSD namespaces may be removed at any time.
[WARN ] 23-04-2025 15:51:45 [AWT-EventQueue-0] deprecation - HHH90000012: Recognized obsolete hibernate namespace http://hibernate.sourceforge.net/hibernate-mapping. Use namespace http://www.hibernate.org/dtd/hibernate-mapping instead.  Support for obsolete DTD/XSD namespaces may be removed at any time.
[INFO ] 23-04-2025 15:51:45 [AWT-EventQueue-0] C3P0ConnectionProvider - HHH010002: C3P0 using driver: oracle.jdbc.OracleDriver at URL: jdbc:oracle:thin:@localhost:1521/orcl
[INFO ] 23-04-2025 15:51:45 [AWT-EventQueue-0] C3P0ConnectionProvider - HHH10001001: Connection properties: {password=****, user=Khanh}
[INFO ] 23-04-2025 15:51:45 [AWT-EventQueue-0] C3P0ConnectionProvider - HHH10001003: Autocommit mode: false
[INFO ] 23-04-2025 15:51:46 [AWT-EventQueue-0] C3P0ConnectionProvider - HHH10001007: JDBC isolation level: <unknown>
[INFO ] 23-04-2025 15:51:46 [AWT-EventQueue-0] Dialect - HHH000400: Using dialect: org.hibernate.dialect.Oracle12cDialect
[INFO ] 23-04-2025 15:51:48 [AWT-EventQueue-0] access - HHH10001501: Connection obtained from JdbcConnectionAccess [org.hibernate.engine.jdbc.env.internal.JdbcEnvironmentInitiator$ConnectionProviderJdbcConnectionAccess@4aca8aa7] for (non-JTA) DDL execution was not in auto-commit mode; the Connection 'local transaction' will be committed and the Connection will be set into auto-commit mode.
[INFO ] 23-04-2025 15:51:48 [AWT-EventQueue-0] access - HHH10001501: Connection obtained from JdbcConnectionAccess [org.hibernate.engine.jdbc.env.internal.JdbcEnvironmentInitiator$ConnectionProviderJdbcConnectionAccess@4a6c649a] for (non-JTA) DDL execution was not in auto-commit mode; the Connection 'local transaction' will be committed and the Connection will be set into auto-commit mode.
[INFO ] 23-04-2025 15:51:48 [AWT-EventQueue-0] JtaPlatformInitiator - HHH000490: Using JtaPlatform implementation: [org.hibernate.engine.transaction.jta.platform.internal.NoJtaPlatform]
[INFO ] 23-04-2025 15:51:48 [AWT-EventQueue-0] StoreDao - All Stores retrieved successfully from database
[INFO ] 23-04-2025 15:56:39 [AWT-EventQueue-0] Version - HHH000412: Hibernate ORM core version 5.6.15.Final
[WARN ] 23-04-2025 15:56:39 [AWT-EventQueue-0] deprecation - HHH90000012: Recognized obsolete hibernate namespace http://hibernate.sourceforge.net/hibernate-configuration. Use namespace http://www.hibernate.org/dtd/hibernate-configuration instead.  Support for obsolete DTD/XSD namespaces may be removed at any time.
[INFO ] 23-04-2025 15:56:40 [AWT-EventQueue-0] HibernateUtil - Hibernate Schema Mode: UPDATE
[INFO ] 23-04-2025 15:56:40 [AWT-EventQueue-0] Version - HCANN000001: Hibernate Commons Annotations {5.1.2.Final}
[WARN ] 23-04-2025 15:56:40 [AWT-EventQueue-0] deprecation - HHH90000012: Recognized obsolete hibernate namespace http://hibernate.sourceforge.net/hibernate-mapping. Use namespace http://www.hibernate.org/dtd/hibernate-mapping instead.  Support for obsolete DTD/XSD namespaces may be removed at any time.
[WARN ] 23-04-2025 15:56:40 [AWT-EventQueue-0] deprecation - HHH90000012: Recognized obsolete hibernate namespace http://hibernate.sourceforge.net/hibernate-mapping. Use namespace http://www.hibernate.org/dtd/hibernate-mapping instead.  Support for obsolete DTD/XSD namespaces may be removed at any time.
[WARN ] 23-04-2025 15:56:40 [AWT-EventQueue-0] deprecation - HHH90000012: Recognized obsolete hibernate namespace http://hibernate.sourceforge.net/hibernate-mapping. Use namespace http://www.hibernate.org/dtd/hibernate-mapping instead.  Support for obsolete DTD/XSD namespaces may be removed at any time.
[WARN ] 23-04-2025 15:56:40 [AWT-EventQueue-0] deprecation - HHH90000012: Recognized obsolete hibernate namespace http://hibernate.sourceforge.net/hibernate-mapping. Use namespace http://www.hibernate.org/dtd/hibernate-mapping instead.  Support for obsolete DTD/XSD namespaces may be removed at any time.
[INFO ] 23-04-2025 15:56:40 [AWT-EventQueue-0] C3P0ConnectionProvider - HHH010002: C3P0 using driver: oracle.jdbc.OracleDriver at URL: jdbc:oracle:thin:@localhost:1521/orcl
[INFO ] 23-04-2025 15:56:40 [AWT-EventQueue-0] C3P0ConnectionProvider - HHH10001001: Connection properties: {password=****, user=Khanh}
[INFO ] 23-04-2025 15:56:40 [AWT-EventQueue-0] C3P0ConnectionProvider - HHH10001003: Autocommit mode: false
[INFO ] 23-04-2025 15:56:41 [AWT-EventQueue-0] C3P0ConnectionProvider - HHH10001007: JDBC isolation level: <unknown>
[INFO ] 23-04-2025 15:56:41 [AWT-EventQueue-0] Dialect - HHH000400: Using dialect: org.hibernate.dialect.Oracle12cDialect
[INFO ] 23-04-2025 15:56:43 [AWT-EventQueue-0] access - HHH10001501: Connection obtained from JdbcConnectionAccess [org.hibernate.engine.jdbc.env.internal.JdbcEnvironmentInitiator$ConnectionProviderJdbcConnectionAccess@3d4fe2a8] for (non-JTA) DDL execution was not in auto-commit mode; the Connection 'local transaction' will be committed and the Connection will be set into auto-commit mode.
[INFO ] 23-04-2025 15:56:43 [AWT-EventQueue-0] access - HHH10001501: Connection obtained from JdbcConnectionAccess [org.hibernate.engine.jdbc.env.internal.JdbcEnvironmentInitiator$ConnectionProviderJdbcConnectionAccess@f6aa09b] for (non-JTA) DDL execution was not in auto-commit mode; the Connection 'local transaction' will be committed and the Connection will be set into auto-commit mode.
[INFO ] 23-04-2025 15:56:43 [AWT-EventQueue-0] JtaPlatformInitiator - HHH000490: Using JtaPlatform implementation: [org.hibernate.engine.transaction.jta.platform.internal.NoJtaPlatform]
[INFO ] 23-04-2025 15:56:44 [AWT-EventQueue-0] StoreDao - All Stores retrieved successfully from database
[INFO ] 23-04-2025 16:04:05 [AWT-EventQueue-0] Version - HHH000412: Hibernate ORM core version 5.6.15.Final
[WARN ] 23-04-2025 16:04:05 [AWT-EventQueue-0] deprecation - HHH90000012: Recognized obsolete hibernate namespace http://hibernate.sourceforge.net/hibernate-configuration. Use namespace http://www.hibernate.org/dtd/hibernate-configuration instead.  Support for obsolete DTD/XSD namespaces may be removed at any time.
[INFO ] 23-04-2025 16:04:06 [AWT-EventQueue-0] HibernateUtil - Hibernate Schema Mode: UPDATE
[INFO ] 23-04-2025 16:04:06 [AWT-EventQueue-0] Version - HCANN000001: Hibernate Commons Annotations {5.1.2.Final}
[WARN ] 23-04-2025 16:04:06 [AWT-EventQueue-0] deprecation - HHH90000012: Recognized obsolete hibernate namespace http://hibernate.sourceforge.net/hibernate-mapping. Use namespace http://www.hibernate.org/dtd/hibernate-mapping instead.  Support for obsolete DTD/XSD namespaces may be removed at any time.
[WARN ] 23-04-2025 16:04:06 [AWT-EventQueue-0] deprecation - HHH90000012: Recognized obsolete hibernate namespace http://hibernate.sourceforge.net/hibernate-mapping. Use namespace http://www.hibernate.org/dtd/hibernate-mapping instead.  Support for obsolete DTD/XSD namespaces may be removed at any time.
[WARN ] 23-04-2025 16:04:06 [AWT-EventQueue-0] deprecation - HHH90000012: Recognized obsolete hibernate namespace http://hibernate.sourceforge.net/hibernate-mapping. Use namespace http://www.hibernate.org/dtd/hibernate-mapping instead.  Support for obsolete DTD/XSD namespaces may be removed at any time.
[WARN ] 23-04-2025 16:04:06 [AWT-EventQueue-0] deprecation - HHH90000012: Recognized obsolete hibernate namespace http://hibernate.sourceforge.net/hibernate-mapping. Use namespace http://www.hibernate.org/dtd/hibernate-mapping instead.  Support for obsolete DTD/XSD namespaces may be removed at any time.
[INFO ] 23-04-2025 16:04:07 [AWT-EventQueue-0] C3P0ConnectionProvider - HHH010002: C3P0 using driver: oracle.jdbc.OracleDriver at URL: jdbc:oracle:thin:@localhost:1521/orcl
[INFO ] 23-04-2025 16:04:07 [AWT-EventQueue-0] C3P0ConnectionProvider - HHH10001001: Connection properties: {password=****, user=Khanh}
[INFO ] 23-04-2025 16:04:07 [AWT-EventQueue-0] C3P0ConnectionProvider - HHH10001003: Autocommit mode: false
[INFO ] 23-04-2025 16:04:07 [AWT-EventQueue-0] C3P0ConnectionProvider - HHH10001007: JDBC isolation level: <unknown>
[INFO ] 23-04-2025 16:04:08 [AWT-EventQueue-0] Dialect - HHH000400: Using dialect: org.hibernate.dialect.Oracle12cDialect
[INFO ] 23-04-2025 16:04:09 [AWT-EventQueue-0] access - HHH10001501: Connection obtained from JdbcConnectionAccess [org.hibernate.engine.jdbc.env.internal.JdbcEnvironmentInitiator$ConnectionProviderJdbcConnectionAccess@17997cd5] for (non-JTA) DDL execution was not in auto-commit mode; the Connection 'local transaction' will be committed and the Connection will be set into auto-commit mode.
[INFO ] 23-04-2025 16:04:09 [AWT-EventQueue-0] access - HHH10001501: Connection obtained from JdbcConnectionAccess [org.hibernate.engine.jdbc.env.internal.JdbcEnvironmentInitiator$ConnectionProviderJdbcConnectionAccess@74b0d6a6] for (non-JTA) DDL execution was not in auto-commit mode; the Connection 'local transaction' will be committed and the Connection will be set into auto-commit mode.
[INFO ] 23-04-2025 16:04:10 [AWT-EventQueue-0] JtaPlatformInitiator - HHH000490: Using JtaPlatform implementation: [org.hibernate.engine.transaction.jta.platform.internal.NoJtaPlatform]
[INFO ] 23-04-2025 16:04:10 [AWT-EventQueue-0] StoreDao - All Stores retrieved successfully from database
[INFO ] 23-04-2025 16:08:00 [AWT-EventQueue-0] Version - HHH000412: Hibernate ORM core version 5.6.15.Final
[WARN ] 23-04-2025 16:08:00 [AWT-EventQueue-0] deprecation - HHH90000012: Recognized obsolete hibernate namespace http://hibernate.sourceforge.net/hibernate-configuration. Use namespace http://www.hibernate.org/dtd/hibernate-configuration instead.  Support for obsolete DTD/XSD namespaces may be removed at any time.
[INFO ] 23-04-2025 16:08:01 [AWT-EventQueue-0] HibernateUtil - Hibernate Schema Mode: UPDATE
[INFO ] 23-04-2025 16:08:01 [AWT-EventQueue-0] Version - HCANN000001: Hibernate Commons Annotations {5.1.2.Final}
[WARN ] 23-04-2025 16:08:01 [AWT-EventQueue-0] deprecation - HHH90000012: Recognized obsolete hibernate namespace http://hibernate.sourceforge.net/hibernate-mapping. Use namespace http://www.hibernate.org/dtd/hibernate-mapping instead.  Support for obsolete DTD/XSD namespaces may be removed at any time.
[WARN ] 23-04-2025 16:08:01 [AWT-EventQueue-0] deprecation - HHH90000012: Recognized obsolete hibernate namespace http://hibernate.sourceforge.net/hibernate-mapping. Use namespace http://www.hibernate.org/dtd/hibernate-mapping instead.  Support for obsolete DTD/XSD namespaces may be removed at any time.
[WARN ] 23-04-2025 16:08:01 [AWT-EventQueue-0] deprecation - HHH90000012: Recognized obsolete hibernate namespace http://hibernate.sourceforge.net/hibernate-mapping. Use namespace http://www.hibernate.org/dtd/hibernate-mapping instead.  Support for obsolete DTD/XSD namespaces may be removed at any time.
[WARN ] 23-04-2025 16:08:01 [AWT-EventQueue-0] deprecation - HHH90000012: Recognized obsolete hibernate namespace http://hibernate.sourceforge.net/hibernate-mapping. Use namespace http://www.hibernate.org/dtd/hibernate-mapping instead.  Support for obsolete DTD/XSD namespaces may be removed at any time.
[INFO ] 23-04-2025 16:08:01 [AWT-EventQueue-0] C3P0ConnectionProvider - HHH010002: C3P0 using driver: oracle.jdbc.OracleDriver at URL: jdbc:oracle:thin:@localhost:1521/orcl
[INFO ] 23-04-2025 16:08:01 [AWT-EventQueue-0] C3P0ConnectionProvider - HHH10001001: Connection properties: {password=****, user=Khanh}
[INFO ] 23-04-2025 16:08:01 [AWT-EventQueue-0] C3P0ConnectionProvider - HHH10001003: Autocommit mode: false
[INFO ] 23-04-2025 16:08:02 [AWT-EventQueue-0] C3P0ConnectionProvider - HHH10001007: JDBC isolation level: <unknown>
[INFO ] 23-04-2025 16:08:03 [AWT-EventQueue-0] Dialect - HHH000400: Using dialect: org.hibernate.dialect.Oracle12cDialect
[INFO ] 23-04-2025 16:08:04 [AWT-EventQueue-0] access - HHH10001501: Connection obtained from JdbcConnectionAccess [org.hibernate.engine.jdbc.env.internal.JdbcEnvironmentInitiator$ConnectionProviderJdbcConnectionAccess@53126a9d] for (non-JTA) DDL execution was not in auto-commit mode; the Connection 'local transaction' will be committed and the Connection will be set into auto-commit mode.
[INFO ] 23-04-2025 16:08:04 [AWT-EventQueue-0] access - HHH10001501: Connection obtained from JdbcConnectionAccess [org.hibernate.engine.jdbc.env.internal.JdbcEnvironmentInitiator$ConnectionProviderJdbcConnectionAccess@56977036] for (non-JTA) DDL execution was not in auto-commit mode; the Connection 'local transaction' will be committed and the Connection will be set into auto-commit mode.
[INFO ] 23-04-2025 16:08:05 [AWT-EventQueue-0] JtaPlatformInitiator - HHH000490: Using JtaPlatform implementation: [org.hibernate.engine.transaction.jta.platform.internal.NoJtaPlatform]
[INFO ] 23-04-2025 16:08:05 [AWT-EventQueue-0] StoreDao - All Stores retrieved successfully from database
[INFO ] 23-04-2025 16:40:32 [AWT-EventQueue-0] Version - HHH000412: Hibernate ORM core version 5.6.15.Final
[WARN ] 23-04-2025 16:40:32 [AWT-EventQueue-0] deprecation - HHH90000012: Recognized obsolete hibernate namespace http://hibernate.sourceforge.net/hibernate-configuration. Use namespace http://www.hibernate.org/dtd/hibernate-configuration instead.  Support for obsolete DTD/XSD namespaces may be removed at any time.
[INFO ] 23-04-2025 16:40:32 [AWT-EventQueue-0] HibernateUtil - Hibernate Schema Mode: UPDATE
[INFO ] 23-04-2025 16:40:32 [AWT-EventQueue-0] Version - HCANN000001: Hibernate Commons Annotations {5.1.2.Final}
[WARN ] 23-04-2025 16:40:33 [AWT-EventQueue-0] deprecation - HHH90000012: Recognized obsolete hibernate namespace http://hibernate.sourceforge.net/hibernate-mapping. Use namespace http://www.hibernate.org/dtd/hibernate-mapping instead.  Support for obsolete DTD/XSD namespaces may be removed at any time.
[WARN ] 23-04-2025 16:40:33 [AWT-EventQueue-0] deprecation - HHH90000012: Recognized obsolete hibernate namespace http://hibernate.sourceforge.net/hibernate-mapping. Use namespace http://www.hibernate.org/dtd/hibernate-mapping instead.  Support for obsolete DTD/XSD namespaces may be removed at any time.
[WARN ] 23-04-2025 16:40:33 [AWT-EventQueue-0] deprecation - HHH90000012: Recognized obsolete hibernate namespace http://hibernate.sourceforge.net/hibernate-mapping. Use namespace http://www.hibernate.org/dtd/hibernate-mapping instead.  Support for obsolete DTD/XSD namespaces may be removed at any time.
[WARN ] 23-04-2025 16:40:33 [AWT-EventQueue-0] deprecation - HHH90000012: Recognized obsolete hibernate namespace http://hibernate.sourceforge.net/hibernate-mapping. Use namespace http://www.hibernate.org/dtd/hibernate-mapping instead.  Support for obsolete DTD/XSD namespaces may be removed at any time.
[INFO ] 23-04-2025 16:40:33 [AWT-EventQueue-0] C3P0ConnectionProvider - HHH010002: C3P0 using driver: oracle.jdbc.OracleDriver at URL: jdbc:oracle:thin:@localhost:1521/orcl
[INFO ] 23-04-2025 16:40:33 [AWT-EventQueue-0] C3P0ConnectionProvider - HHH10001001: Connection properties: {password=****, user=Khanh}
[INFO ] 23-04-2025 16:40:33 [AWT-EventQueue-0] C3P0ConnectionProvider - HHH10001003: Autocommit mode: false
[INFO ] 23-04-2025 16:40:33 [AWT-EventQueue-0] C3P0ConnectionProvider - HHH10001007: JDBC isolation level: <unknown>
[INFO ] 23-04-2025 16:40:34 [AWT-EventQueue-0] Dialect - HHH000400: Using dialect: org.hibernate.dialect.Oracle12cDialect
[INFO ] 23-04-2025 16:40:35 [AWT-EventQueue-0] access - HHH10001501: Connection obtained from JdbcConnectionAccess [org.hibernate.engine.jdbc.env.internal.JdbcEnvironmentInitiator$ConnectionProviderJdbcConnectionAccess@53126a9d] for (non-JTA) DDL execution was not in auto-commit mode; the Connection 'local transaction' will be committed and the Connection will be set into auto-commit mode.
[INFO ] 23-04-2025 16:40:36 [AWT-EventQueue-0] access - HHH10001501: Connection obtained from JdbcConnectionAccess [org.hibernate.engine.jdbc.env.internal.JdbcEnvironmentInitiator$ConnectionProviderJdbcConnectionAccess@56977036] for (non-JTA) DDL execution was not in auto-commit mode; the Connection 'local transaction' will be committed and the Connection will be set into auto-commit mode.
[INFO ] 23-04-2025 16:40:36 [AWT-EventQueue-0] JtaPlatformInitiator - HHH000490: Using JtaPlatform implementation: [org.hibernate.engine.transaction.jta.platform.internal.NoJtaPlatform]
[INFO ] 23-04-2025 16:40:37 [AWT-EventQueue-0] StoreDao - All Stores retrieved successfully from database
[INFO ] 23-04-2025 16:54:35 [AWT-EventQueue-0] Version - HHH000412: Hibernate ORM core version 5.6.15.Final
[WARN ] 23-04-2025 16:54:35 [AWT-EventQueue-0] deprecation - HHH90000012: Recognized obsolete hibernate namespace http://hibernate.sourceforge.net/hibernate-configuration. Use namespace http://www.hibernate.org/dtd/hibernate-configuration instead.  Support for obsolete DTD/XSD namespaces may be removed at any time.
[INFO ] 23-04-2025 16:54:36 [AWT-EventQueue-0] HibernateUtil - Hibernate Schema Mode: UPDATE
[INFO ] 23-04-2025 16:54:36 [AWT-EventQueue-0] Version - HCANN000001: Hibernate Commons Annotations {5.1.2.Final}
[WARN ] 23-04-2025 16:54:36 [AWT-EventQueue-0] deprecation - HHH90000012: Recognized obsolete hibernate namespace http://hibernate.sourceforge.net/hibernate-mapping. Use namespace http://www.hibernate.org/dtd/hibernate-mapping instead.  Support for obsolete DTD/XSD namespaces may be removed at any time.
[WARN ] 23-04-2025 16:54:36 [AWT-EventQueue-0] deprecation - HHH90000012: Recognized obsolete hibernate namespace http://hibernate.sourceforge.net/hibernate-mapping. Use namespace http://www.hibernate.org/dtd/hibernate-mapping instead.  Support for obsolete DTD/XSD namespaces may be removed at any time.
[WARN ] 23-04-2025 16:54:36 [AWT-EventQueue-0] deprecation - HHH90000012: Recognized obsolete hibernate namespace http://hibernate.sourceforge.net/hibernate-mapping. Use namespace http://www.hibernate.org/dtd/hibernate-mapping instead.  Support for obsolete DTD/XSD namespaces may be removed at any time.
[WARN ] 23-04-2025 16:54:36 [AWT-EventQueue-0] deprecation - HHH90000012: Recognized obsolete hibernate namespace http://hibernate.sourceforge.net/hibernate-mapping. Use namespace http://www.hibernate.org/dtd/hibernate-mapping instead.  Support for obsolete DTD/XSD namespaces may be removed at any time.
[INFO ] 23-04-2025 16:54:37 [AWT-EventQueue-0] C3P0ConnectionProvider - HHH010002: C3P0 using driver: oracle.jdbc.OracleDriver at URL: jdbc:oracle:thin:@localhost:1521/orcl
[INFO ] 23-04-2025 16:54:37 [AWT-EventQueue-0] C3P0ConnectionProvider - HHH10001001: Connection properties: {password=****, user=Khanh}
[INFO ] 23-04-2025 16:54:37 [AWT-EventQueue-0] C3P0ConnectionProvider - HHH10001003: Autocommit mode: false
[INFO ] 23-04-2025 16:54:37 [AWT-EventQueue-0] C3P0ConnectionProvider - HHH10001007: JDBC isolation level: <unknown>
[INFO ] 23-04-2025 16:54:38 [AWT-EventQueue-0] Dialect - HHH000400: Using dialect: org.hibernate.dialect.Oracle12cDialect
[INFO ] 23-04-2025 16:54:39 [AWT-EventQueue-0] access - HHH10001501: Connection obtained from JdbcConnectionAccess [org.hibernate.engine.jdbc.env.internal.JdbcEnvironmentInitiator$ConnectionProviderJdbcConnectionAccess@53126a9d] for (non-JTA) DDL execution was not in auto-commit mode; the Connection 'local transaction' will be committed and the Connection will be set into auto-commit mode.
[INFO ] 23-04-2025 16:54:40 [AWT-EventQueue-0] access - HHH10001501: Connection obtained from JdbcConnectionAccess [org.hibernate.engine.jdbc.env.internal.JdbcEnvironmentInitiator$ConnectionProviderJdbcConnectionAccess@56977036] for (non-JTA) DDL execution was not in auto-commit mode; the Connection 'local transaction' will be committed and the Connection will be set into auto-commit mode.
[INFO ] 23-04-2025 16:54:40 [AWT-EventQueue-0] JtaPlatformInitiator - HHH000490: Using JtaPlatform implementation: [org.hibernate.engine.transaction.jta.platform.internal.NoJtaPlatform]
[INFO ] 23-04-2025 16:54:41 [AWT-EventQueue-0] StoreDao - All Stores retrieved successfully from database
